{"C:\\Users\\62String\\DeviceRentalApi\\backend\\server.js": {"path":"C:\\Users\\62String\\DeviceRentalApi\\backend\\server.js","statementMap":{"0":{"start":{"line":1,"column":0},"end":{"line":1,"column":27}},"1":{"start":{"line":2,"column":16},"end":{"line":2,"column":34}},"2":{"start":{"line":3,"column":13},"end":{"line":3,"column":28}},"3":{"start":{"line":4,"column":13},"end":{"line":4,"column":28}},"4":{"start":{"line":5,"column":17},"end":{"line":5,"column":36}},"5":{"start":{"line":6,"column":12},"end":{"line":6,"column":35}},"6":{"start":{"line":7,"column":24},"end":{"line":7,"column":47}},"7":{"start":{"line":8,"column":22},"end":{"line":8,"column":55}},"8":{"start":{"line":9,"column":22},"end":{"line":9,"column":55}},"9":{"start":{"line":10,"column":15},"end":{"line":10,"column":41}},"10":{"start":{"line":11,"column":13},"end":{"line":11,"column":37}},"11":{"start":{"line":12,"column":11},"end":{"line":12,"column":24}},"12":{"start":{"line":13,"column":13},"end":{"line":13,"column":28}},"13":{"start":{"line":15,"column":19},"end":{"line":15,"column":43}},"14":{"start":{"line":16,"column":21},"end":{"line":16,"column":48}},"15":{"start":{"line":17,"column":22},"end":{"line":17,"column":55}},"16":{"start":{"line":18,"column":20},"end":{"line":18,"column":51}},"17":{"start":{"line":20,"column":12},"end":{"line":20,"column":21}},"18":{"start":{"line":22,"column":0},"end":{"line":27,"column":4}},"19":{"start":{"line":28,"column":0},"end":{"line":28,"column":24}},"20":{"start":{"line":29,"column":0},"end":{"line":29,"column":48}},"21":{"start":{"line":31,"column":0},"end":{"line":34,"column":3}},"22":{"start":{"line":32,"column":2},"end":{"line":32,"column":72}},"23":{"start":{"line":33,"column":2},"end":{"line":33,"column":9}},"24":{"start":{"line":36,"column":0},"end":{"line":36,"column":33}},"25":{"start":{"line":37,"column":0},"end":{"line":37,"column":38}},"26":{"start":{"line":38,"column":0},"end":{"line":38,"column":37}},"27":{"start":{"line":39,"column":0},"end":{"line":39,"column":35}},"28":{"start":{"line":40,"column":0},"end":{"line":40,"column":72}},"29":{"start":{"line":42,"column":19},"end":{"line":42,"column":91}},"30":{"start":{"line":44,"column":0},"end":{"line":51,"column":1}},"31":{"start":{"line":45,"column":2},"end":{"line":50,"column":3}},"32":{"start":{"line":46,"column":4},"end":{"line":46,"column":50}},"33":{"start":{"line":47,"column":4},"end":{"line":47,"column":58}},"34":{"start":{"line":49,"column":4},"end":{"line":49,"column":62}},"35":{"start":{"line":53,"column":20},"end":{"line":254,"column":1}},"36":{"start":{"line":54,"column":2},"end":{"line":253,"column":3}},"37":{"start":{"line":55,"column":20},"end":{"line":55,"column":39}},"38":{"start":{"line":56,"column":27},"end":{"line":56,"column":29}},"39":{"start":{"line":57,"column":26},"end":{"line":57,"column":35}},"40":{"start":{"line":59,"column":4},"end":{"line":75,"column":7}},"41":{"start":{"line":60,"column":21},"end":{"line":60,"column":23}},"42":{"start":{"line":61,"column":6},"end":{"line":61,"column":68}},"43":{"start":{"line":61,"column":32},"end":{"line":61,"column":68}},"44":{"start":{"line":62,"column":6},"end":{"line":62,"column":56}},"45":{"start":{"line":62,"column":26},"end":{"line":62,"column":56}},"46":{"start":{"line":63,"column":6},"end":{"line":63,"column":105}},"47":{"start":{"line":63,"column":73},"end":{"line":63,"column":105}},"48":{"start":{"line":64,"column":6},"end":{"line":65,"column":50}},"49":{"start":{"line":64,"column":50},"end":{"line":64,"column":88}},"50":{"start":{"line":65,"column":11},"end":{"line":65,"column":50}},"51":{"start":{"line":66,"column":6},"end":{"line":66,"column":88}},"52":{"start":{"line":66,"column":41},"end":{"line":66,"column":88}},"53":{"start":{"line":68,"column":6},"end":{"line":74,"column":7}},"54":{"start":{"line":69,"column":8},"end":{"line":73,"column":11}},"55":{"start":{"line":77,"column":4},"end":{"line":83,"column":5}},"56":{"start":{"line":78,"column":6},"end":{"line":78,"column":60}},"57":{"start":{"line":79,"column":6},"end":{"line":82,"column":10}},"58":{"start":{"line":85,"column":4},"end":{"line":103,"column":5}},"59":{"start":{"line":86,"column":6},"end":{"line":86,"column":64}},"60":{"start":{"line":87,"column":25},"end":{"line":87,"column":84}},"61":{"start":{"line":88,"column":25},"end":{"line":88,"column":75}},"62":{"start":{"line":89,"column":17},"end":{"line":89,"column":38}},"63":{"start":{"line":90,"column":17},"end":{"line":98,"column":10}},"64":{"start":{"line":90,"column":60},"end":{"line":98,"column":7}},"65":{"start":{"line":99,"column":6},"end":{"line":99,"column":54}},"66":{"start":{"line":100,"column":21},"end":{"line":100,"column":73}},"67":{"start":{"line":101,"column":6},"end":{"line":101,"column":43}},"68":{"start":{"line":102,"column":6},"end":{"line":102,"column":52}},"69":{"start":{"line":106,"column":4},"end":{"line":144,"column":5}},"70":{"start":{"line":107,"column":6},"end":{"line":107,"column":61}},"71":{"start":{"line":108,"column":6},"end":{"line":108,"column":43}},"72":{"start":{"line":109,"column":6},"end":{"line":109,"column":34}},"73":{"start":{"line":111,"column":20},"end":{"line":111,"column":85}},"74":{"start":{"line":111,"column":62},"end":{"line":111,"column":84}},"75":{"start":{"line":112,"column":6},"end":{"line":116,"column":7}},"76":{"start":{"line":113,"column":8},"end":{"line":113,"column":79}},"77":{"start":{"line":114,"column":8},"end":{"line":114,"column":68}},"78":{"start":{"line":115,"column":8},"end":{"line":115,"column":15}},"79":{"start":{"line":118,"column":25},"end":{"line":118,"column":29}},"80":{"start":{"line":119,"column":6},"end":{"line":133,"column":7}},"81":{"start":{"line":120,"column":22},"end":{"line":120,"column":75}},"82":{"start":{"line":121,"column":22},"end":{"line":121,"column":75}},"83":{"start":{"line":122,"column":8},"end":{"line":122,"column":29}},"84":{"start":{"line":124,"column":25},"end":{"line":124,"column":52}},"85":{"start":{"line":125,"column":29},"end":{"line":125,"column":52}},"86":{"start":{"line":126,"column":26},"end":{"line":126,"column":73}},"87":{"start":{"line":127,"column":31},"end":{"line":127,"column":66}},"88":{"start":{"line":128,"column":8},"end":{"line":131,"column":9}},"89":{"start":{"line":129,"column":10},"end":{"line":129,"column":30}},"90":{"start":{"line":130,"column":10},"end":{"line":130,"column":16}},"91":{"start":{"line":132,"column":8},"end":{"line":132,"column":62}},"92":{"start":{"line":135,"column":6},"end":{"line":139,"column":7}},"93":{"start":{"line":136,"column":8},"end":{"line":136,"column":87}},"94":{"start":{"line":137,"column":8},"end":{"line":137,"column":47}},"95":{"start":{"line":138,"column":8},"end":{"line":138,"column":15}},"96":{"start":{"line":141,"column":6},"end":{"line":141,"column":59}},"97":{"start":{"line":142,"column":6},"end":{"line":142,"column":72}},"98":{"start":{"line":143,"column":6},"end":{"line":143,"column":47}},"99":{"start":{"line":146,"column":4},"end":{"line":146,"column":52}},"100":{"start":{"line":147,"column":4},"end":{"line":147,"column":49}},"101":{"start":{"line":148,"column":4},"end":{"line":151,"column":5}},"102":{"start":{"line":149,"column":6},"end":{"line":149,"column":69}},"103":{"start":{"line":150,"column":6},"end":{"line":150,"column":13}},"104":{"start":{"line":153,"column":28},"end":{"line":153,"column":30}},"105":{"start":{"line":154,"column":30},"end":{"line":154,"column":32}},"106":{"start":{"line":155,"column":29},"end":{"line":155,"column":38}},"107":{"start":{"line":157,"column":4},"end":{"line":198,"column":7}},"108":{"start":{"line":158,"column":6},"end":{"line":158,"column":66}},"109":{"start":{"line":159,"column":21},"end":{"line":159,"column":23}},"110":{"start":{"line":160,"column":6},"end":{"line":160,"column":65}},"111":{"start":{"line":160,"column":29},"end":{"line":160,"column":65}},"112":{"start":{"line":161,"column":6},"end":{"line":161,"column":58}},"113":{"start":{"line":161,"column":28},"end":{"line":161,"column":58}},"114":{"start":{"line":162,"column":6},"end":{"line":167,"column":7}},"115":{"start":{"line":163,"column":24},"end":{"line":163,"column":78}},"116":{"start":{"line":164,"column":8},"end":{"line":166,"column":9}},"117":{"start":{"line":165,"column":10},"end":{"line":165,"column":42}},"118":{"start":{"line":168,"column":6},"end":{"line":169,"column":50}},"119":{"start":{"line":168,"column":50},"end":{"line":168,"column":88}},"120":{"start":{"line":169,"column":11},"end":{"line":169,"column":50}},"121":{"start":{"line":170,"column":6},"end":{"line":170,"column":91}},"122":{"start":{"line":170,"column":44},"end":{"line":170,"column":91}},"123":{"start":{"line":172,"column":6},"end":{"line":175,"column":7}},"124":{"start":{"line":173,"column":8},"end":{"line":173,"column":91}},"125":{"start":{"line":174,"column":8},"end":{"line":174,"column":15}},"126":{"start":{"line":177,"column":21},"end":{"line":177,"column":25}},"127":{"start":{"line":178,"column":6},"end":{"line":184,"column":7}},"128":{"start":{"line":179,"column":24},"end":{"line":179,"column":78}},"129":{"start":{"line":180,"column":8},"end":{"line":180,"column":37}},"130":{"start":{"line":181,"column":8},"end":{"line":183,"column":9}},"131":{"start":{"line":182,"column":10},"end":{"line":182,"column":26}},"132":{"start":{"line":186,"column":24},"end":{"line":195,"column":7}},"133":{"start":{"line":197,"column":6},"end":{"line":197,"column":38}},"134":{"start":{"line":200,"column":4},"end":{"line":202,"column":5}},"135":{"start":{"line":201,"column":6},"end":{"line":201,"column":69}},"136":{"start":{"line":203,"column":4},"end":{"line":206,"column":5}},"137":{"start":{"line":204,"column":6},"end":{"line":204,"column":48}},"138":{"start":{"line":205,"column":6},"end":{"line":205,"column":13}},"139":{"start":{"line":209,"column":4},"end":{"line":216,"column":5}},"140":{"start":{"line":210,"column":6},"end":{"line":210,"column":76}},"141":{"start":{"line":211,"column":6},"end":{"line":211,"column":71}},"142":{"start":{"line":212,"column":6},"end":{"line":212,"column":86}},"143":{"start":{"line":212,"column":64},"end":{"line":212,"column":78}},"144":{"start":{"line":214,"column":6},"end":{"line":214,"column":57}},"145":{"start":{"line":215,"column":6},"end":{"line":215,"column":24}},"146":{"start":{"line":217,"column":4},"end":{"line":217,"column":68}},"147":{"start":{"line":219,"column":4},"end":{"line":219,"column":82}},"148":{"start":{"line":220,"column":4},"end":{"line":228,"column":7}},"149":{"start":{"line":229,"column":4},"end":{"line":237,"column":7}},"150":{"start":{"line":239,"column":4},"end":{"line":239,"column":18}},"151":{"start":{"line":241,"column":4},"end":{"line":243,"column":5}},"152":{"start":{"line":242,"column":6},"end":{"line":242,"column":18}},"153":{"start":{"line":244,"column":4},"end":{"line":244,"column":77}},"154":{"start":{"line":245,"column":4},"end":{"line":251,"column":5}},"155":{"start":{"line":246,"column":6},"end":{"line":250,"column":11}},"156":{"start":{"line":246,"column":65},"end":{"line":250,"column":7}},"157":{"start":{"line":252,"column":4},"end":{"line":252,"column":16}},"158":{"start":{"line":256,"column":0},"end":{"line":275,"column":3}},"159":{"start":{"line":257,"column":16},"end":{"line":257,"column":56}},"160":{"start":{"line":258,"column":2},"end":{"line":258,"column":76}},"161":{"start":{"line":258,"column":14},"end":{"line":258,"column":76}},"162":{"start":{"line":259,"column":2},"end":{"line":274,"column":3}},"163":{"start":{"line":260,"column":20},"end":{"line":260,"column":86}},"164":{"start":{"line":261,"column":17},"end":{"line":261,"column":70}},"165":{"start":{"line":262,"column":4},"end":{"line":262,"column":81}},"166":{"start":{"line":262,"column":15},"end":{"line":262,"column":81}},"167":{"start":{"line":264,"column":27},"end":{"line":264,"column":35}},"168":{"start":{"line":265,"column":4},"end":{"line":265,"column":41}},"169":{"start":{"line":266,"column":4},"end":{"line":266,"column":61}},"170":{"start":{"line":268,"column":4},"end":{"line":268,"column":57}},"171":{"start":{"line":269,"column":4},"end":{"line":273,"column":5}},"172":{"start":{"line":270,"column":6},"end":{"line":270,"column":54}},"173":{"start":{"line":272,"column":6},"end":{"line":272,"column":78}},"174":{"start":{"line":277,"column":0},"end":{"line":322,"column":3}},"175":{"start":{"line":278,"column":16},"end":{"line":278,"column":56}},"176":{"start":{"line":279,"column":2},"end":{"line":279,"column":76}},"177":{"start":{"line":279,"column":14},"end":{"line":279,"column":76}},"178":{"start":{"line":280,"column":2},"end":{"line":321,"column":3}},"179":{"start":{"line":281,"column":20},"end":{"line":281,"column":86}},"180":{"start":{"line":282,"column":17},"end":{"line":282,"column":70}},"181":{"start":{"line":283,"column":4},"end":{"line":283,"column":81}},"182":{"start":{"line":283,"column":15},"end":{"line":283,"column":81}},"183":{"start":{"line":285,"column":27},"end":{"line":285,"column":35}},"184":{"start":{"line":286,"column":20},"end":{"line":286,"column":39}},"185":{"start":{"line":287,"column":27},"end":{"line":287,"column":29}},"186":{"start":{"line":288,"column":26},"end":{"line":288,"column":35}},"187":{"start":{"line":290,"column":4},"end":{"line":306,"column":7}},"188":{"start":{"line":291,"column":21},"end":{"line":291,"column":23}},"189":{"start":{"line":292,"column":6},"end":{"line":292,"column":68}},"190":{"start":{"line":292,"column":32},"end":{"line":292,"column":68}},"191":{"start":{"line":293,"column":6},"end":{"line":293,"column":56}},"192":{"start":{"line":293,"column":26},"end":{"line":293,"column":56}},"193":{"start":{"line":294,"column":6},"end":{"line":294,"column":105}},"194":{"start":{"line":294,"column":73},"end":{"line":294,"column":105}},"195":{"start":{"line":295,"column":6},"end":{"line":296,"column":50}},"196":{"start":{"line":295,"column":50},"end":{"line":295,"column":88}},"197":{"start":{"line":296,"column":11},"end":{"line":296,"column":50}},"198":{"start":{"line":297,"column":6},"end":{"line":297,"column":88}},"199":{"start":{"line":297,"column":41},"end":{"line":297,"column":88}},"200":{"start":{"line":299,"column":6},"end":{"line":305,"column":7}},"201":{"start":{"line":300,"column":8},"end":{"line":304,"column":11}},"202":{"start":{"line":308,"column":4},"end":{"line":310,"column":5}},"203":{"start":{"line":309,"column":6},"end":{"line":309,"column":99}},"204":{"start":{"line":312,"column":4},"end":{"line":312,"column":61}},"205":{"start":{"line":313,"column":4},"end":{"line":313,"column":96}},"206":{"start":{"line":313,"column":75},"end":{"line":313,"column":89}},"207":{"start":{"line":314,"column":4},"end":{"line":314,"column":43}},"208":{"start":{"line":316,"column":4},"end":{"line":316,"column":41}},"209":{"start":{"line":317,"column":4},"end":{"line":317,"column":80}},"210":{"start":{"line":319,"column":4},"end":{"line":319,"column":57}},"211":{"start":{"line":320,"column":4},"end":{"line":320,"column":76}},"212":{"start":{"line":324,"column":0},"end":{"line":362,"column":3}},"213":{"start":{"line":325,"column":16},"end":{"line":325,"column":56}},"214":{"start":{"line":326,"column":2},"end":{"line":326,"column":76}},"215":{"start":{"line":326,"column":14},"end":{"line":326,"column":76}},"216":{"start":{"line":327,"column":2},"end":{"line":361,"column":3}},"217":{"start":{"line":328,"column":20},"end":{"line":328,"column":86}},"218":{"start":{"line":329,"column":17},"end":{"line":329,"column":70}},"219":{"start":{"line":330,"column":4},"end":{"line":330,"column":81}},"220":{"start":{"line":330,"column":15},"end":{"line":330,"column":81}},"221":{"start":{"line":332,"column":20},"end":{"line":332,"column":39}},"222":{"start":{"line":333,"column":19},"end":{"line":333,"column":21}},"223":{"start":{"line":334,"column":26},"end":{"line":334,"column":35}},"224":{"start":{"line":336,"column":4},"end":{"line":351,"column":7}},"225":{"start":{"line":337,"column":27},"end":{"line":337,"column":29}},"226":{"start":{"line":338,"column":6},"end":{"line":338,"column":74}},"227":{"start":{"line":338,"column":32},"end":{"line":338,"column":74}},"228":{"start":{"line":339,"column":6},"end":{"line":339,"column":62}},"229":{"start":{"line":339,"column":26},"end":{"line":339,"column":62}},"230":{"start":{"line":340,"column":6},"end":{"line":340,"column":111}},"231":{"start":{"line":340,"column":73},"end":{"line":340,"column":111}},"232":{"start":{"line":341,"column":6},"end":{"line":342,"column":50}},"233":{"start":{"line":341,"column":50},"end":{"line":341,"column":94}},"234":{"start":{"line":342,"column":11},"end":{"line":342,"column":50}},"235":{"start":{"line":343,"column":6},"end":{"line":343,"column":94}},"236":{"start":{"line":343,"column":41},"end":{"line":343,"column":94}},"237":{"start":{"line":345,"column":6},"end":{"line":350,"column":7}},"238":{"start":{"line":346,"column":8},"end":{"line":349,"column":11}},"239":{"start":{"line":353,"column":4},"end":{"line":357,"column":5}},"240":{"start":{"line":354,"column":6},"end":{"line":354,"column":79}},"241":{"start":{"line":356,"column":6},"end":{"line":356,"column":88}},"242":{"start":{"line":359,"column":4},"end":{"line":359,"column":56}},"243":{"start":{"line":360,"column":4},"end":{"line":360,"column":76}},"244":{"start":{"line":364,"column":27},"end":{"line":364,"column":56}},"245":{"start":{"line":365,"column":26},"end":{"line":365,"column":60}},"246":{"start":{"line":367,"column":0},"end":{"line":374,"column":1}},"247":{"start":{"line":368,"column":2},"end":{"line":373,"column":3}},"248":{"start":{"line":369,"column":4},"end":{"line":369,"column":57}},"249":{"start":{"line":370,"column":4},"end":{"line":370,"column":65}},"250":{"start":{"line":372,"column":4},"end":{"line":372,"column":62}},"251":{"start":{"line":376,"column":28},"end":{"line":467,"column":1}},"252":{"start":{"line":377,"column":2},"end":{"line":466,"column":3}},"253":{"start":{"line":378,"column":18},"end":{"line":378,"column":84}},"254":{"start":{"line":379,"column":4},"end":{"line":379,"column":84}},"255":{"start":{"line":380,"column":4},"end":{"line":380,"column":63}},"256":{"start":{"line":381,"column":20},"end":{"line":381,"column":82}},"257":{"start":{"line":382,"column":4},"end":{"line":382,"column":72}},"258":{"start":{"line":384,"column":4},"end":{"line":387,"column":5}},"259":{"start":{"line":385,"column":6},"end":{"line":385,"column":54}},"260":{"start":{"line":386,"column":6},"end":{"line":386,"column":13}},"261":{"start":{"line":389,"column":27},"end":{"line":389,"column":29}},"262":{"start":{"line":390,"column":4},"end":{"line":406,"column":7}},"263":{"start":{"line":391,"column":19},"end":{"line":391,"column":45}},"264":{"start":{"line":392,"column":23},"end":{"line":392,"column":94}},"265":{"start":{"line":393,"column":6},"end":{"line":395,"column":7}},"266":{"start":{"line":394,"column":8},"end":{"line":394,"column":38}},"267":{"start":{"line":396,"column":6},"end":{"line":405,"column":9}},"268":{"start":{"line":408,"column":15},"end":{"line":408,"column":36}},"269":{"start":{"line":409,"column":4},"end":{"line":412,"column":5}},"270":{"start":{"line":410,"column":17},"end":{"line":410,"column":67}},"271":{"start":{"line":411,"column":6},"end":{"line":411,"column":53}},"272":{"start":{"line":414,"column":21},"end":{"line":414,"column":93}},"273":{"start":{"line":415,"column":21},"end":{"line":415,"column":59}},"274":{"start":{"line":416,"column":19},"end":{"line":416,"column":71}},"275":{"start":{"line":418,"column":4},"end":{"line":424,"column":5}},"276":{"start":{"line":419,"column":6},"end":{"line":419,"column":41}},"277":{"start":{"line":420,"column":6},"end":{"line":420,"column":59}},"278":{"start":{"line":422,"column":6},"end":{"line":422,"column":53}},"279":{"start":{"line":423,"column":6},"end":{"line":423,"column":52}},"280":{"start":{"line":426,"column":25},"end":{"line":426,"column":62}},"281":{"start":{"line":427,"column":4},"end":{"line":427,"column":64}},"282":{"start":{"line":428,"column":4},"end":{"line":432,"column":5}},"283":{"start":{"line":429,"column":6},"end":{"line":429,"column":80}},"284":{"start":{"line":431,"column":6},"end":{"line":431,"column":54}},"285":{"start":{"line":434,"column":33},"end":{"line":434,"column":75}},"286":{"start":{"line":434,"column":55},"end":{"line":434,"column":74}},"287":{"start":{"line":435,"column":4},"end":{"line":438,"column":6}},"288":{"start":{"line":439,"column":4},"end":{"line":439,"column":56}},"289":{"start":{"line":441,"column":4},"end":{"line":449,"column":7}},"290":{"start":{"line":450,"column":4},"end":{"line":458,"column":7}},"291":{"start":{"line":460,"column":4},"end":{"line":465,"column":7}},"292":{"start":{"line":469,"column":13},"end":{"line":469,"column":37}},"293":{"start":{"line":474,"column":0},"end":{"line":497,"column":1}},"294":{"start":{"line":475,"column":2},"end":{"line":496,"column":69}},"295":{"start":{"line":482,"column":6},"end":{"line":482,"column":39}},"296":{"start":{"line":483,"column":26},"end":{"line":483,"column":55}},"297":{"start":{"line":484,"column":6},"end":{"line":489,"column":7}},"298":{"start":{"line":485,"column":8},"end":{"line":485,"column":78}},"299":{"start":{"line":486,"column":8},"end":{"line":486,"column":33}},"300":{"start":{"line":488,"column":8},"end":{"line":488,"column":73}},"301":{"start":{"line":490,"column":6},"end":{"line":490,"column":34}},"302":{"start":{"line":491,"column":6},"end":{"line":494,"column":24}},"303":{"start":{"line":492,"column":8},"end":{"line":492,"column":77}},"304":{"start":{"line":493,"column":8},"end":{"line":493,"column":92}},"305":{"start":{"line":493,"column":43},"end":{"line":493,"column":90}},"306":{"start":{"line":496,"column":20},"end":{"line":496,"column":67}},"307":{"start":{"line":499,"column":0},"end":{"line":507,"column":1}},"308":{"start":{"line":500,"column":2},"end":{"line":506,"column":5}},"309":{"start":{"line":501,"column":4},"end":{"line":504,"column":5}},"310":{"start":{"line":502,"column":6},"end":{"line":502,"column":40}},"311":{"start":{"line":503,"column":6},"end":{"line":503,"column":34}},"312":{"start":{"line":505,"column":4},"end":{"line":505,"column":42}},"313":{"start":{"line":505,"column":18},"end":{"line":505,"column":42}},"314":{"start":{"line":509,"column":0},"end":{"line":513,"column":1}},"315":{"start":{"line":510,"column":2},"end":{"line":512,"column":5}},"316":{"start":{"line":511,"column":4},"end":{"line":511,"column":50}},"317":{"start":{"line":515,"column":0},"end":{"line":515,"column":21}},"318":{"start":{"line":517,"column":0},"end":{"line":521,"column":1}},"319":{"start":{"line":518,"column":2},"end":{"line":520,"column":5}},"320":{"start":{"line":519,"column":4},"end":{"line":519,"column":50}},"321":{"start":{"line":523,"column":0},"end":{"line":523,"column":21}},"322":{"start":{"line":525,"column":0},"end":{"line":529,"column":1}},"323":{"start":{"line":526,"column":2},"end":{"line":528,"column":5}},"324":{"start":{"line":527,"column":4},"end":{"line":527,"column":50}},"325":{"start":{"line":531,"column":0},"end":{"line":531,"column":21}},"326":{"start":{"line":533,"column":0},"end":{"line":546,"column":3}},"327":{"start":{"line":534,"column":16},"end":{"line":534,"column":56}},"328":{"start":{"line":535,"column":2},"end":{"line":535,"column":76}},"329":{"start":{"line":535,"column":14},"end":{"line":535,"column":76}},"330":{"start":{"line":536,"column":2},"end":{"line":545,"column":3}},"331":{"start":{"line":537,"column":20},"end":{"line":537,"column":86}},"332":{"start":{"line":538,"column":17},"end":{"line":538,"column":55}},"333":{"start":{"line":539,"column":4},"end":{"line":540,"column":64}},"334":{"start":{"line":540,"column":6},"end":{"line":540,"column":64}},"335":{"start":{"line":541,"column":4},"end":{"line":541,"column":79}},"336":{"start":{"line":543,"column":4},"end":{"line":543,"column":52}},"337":{"start":{"line":544,"column":4},"end":{"line":544,"column":62}},"338":{"start":{"line":548,"column":0},"end":{"line":577,"column":3}},"339":{"start":{"line":549,"column":2},"end":{"line":549,"column":81}},"340":{"start":{"line":550,"column":16},"end":{"line":550,"column":56}},"341":{"start":{"line":551,"column":2},"end":{"line":554,"column":3}},"342":{"start":{"line":552,"column":4},"end":{"line":552,"column":37}},"343":{"start":{"line":553,"column":4},"end":{"line":553,"column":66}},"344":{"start":{"line":555,"column":2},"end":{"line":576,"column":3}},"345":{"start":{"line":556,"column":20},"end":{"line":556,"column":86}},"346":{"start":{"line":557,"column":4},"end":{"line":557,"column":43}},"347":{"start":{"line":558,"column":17},"end":{"line":558,"column":55}},"348":{"start":{"line":559,"column":4},"end":{"line":562,"column":5}},"349":{"start":{"line":560,"column":6},"end":{"line":560,"column":56}},"350":{"start":{"line":561,"column":6},"end":{"line":561,"column":65}},"351":{"start":{"line":563,"column":4},"end":{"line":563,"column":37}},"352":{"start":{"line":564,"column":4},"end":{"line":572,"column":7}},"353":{"start":{"line":574,"column":4},"end":{"line":574,"column":47}},"354":{"start":{"line":575,"column":4},"end":{"line":575,"column":55}},"355":{"start":{"line":579,"column":0},"end":{"line":583,"column":1}},"356":{"start":{"line":580,"column":2},"end":{"line":582,"column":5}},"357":{"start":{"line":581,"column":4},"end":{"line":581,"column":50}},"358":{"start":{"line":585,"column":0},"end":{"line":585,"column":21}}},"fnMap":{"0":{"name":"(anonymous_0)","decl":{"start":{"line":31,"column":8},"end":{"line":31,"column":9}},"loc":{"start":{"line":31,"column":28},"end":{"line":34,"column":1}},"line":31},"1":{"name":"(anonymous_1)","decl":{"start":{"line":53,"column":20},"end":{"line":53,"column":21}},"loc":{"start":{"line":53,"column":64},"end":{"line":254,"column":1}},"line":53},"2":{"name":"(anonymous_2)","decl":{"start":{"line":59,"column":20},"end":{"line":59,"column":21}},"loc":{"start":{"line":59,"column":39},"end":{"line":75,"column":5}},"line":59},"3":{"name":"(anonymous_3)","decl":{"start":{"line":90,"column":54},"end":{"line":90,"column":55}},"loc":{"start":{"line":90,"column":60},"end":{"line":98,"column":7}},"line":90},"4":{"name":"(anonymous_4)","decl":{"start":{"line":111,"column":54},"end":{"line":111,"column":55}},"loc":{"start":{"line":111,"column":62},"end":{"line":111,"column":84}},"line":111},"5":{"name":"(anonymous_5)","decl":{"start":{"line":119,"column":36},"end":{"line":119,"column":37}},"loc":{"start":{"line":119,"column":46},"end":{"line":123,"column":7}},"line":119},"6":{"name":"(anonymous_6)","decl":{"start":{"line":157,"column":23},"end":{"line":157,"column":24}},"loc":{"start":{"line":157,"column":42},"end":{"line":198,"column":5}},"line":157},"7":{"name":"(anonymous_7)","decl":{"start":{"line":212,"column":59},"end":{"line":212,"column":60}},"loc":{"start":{"line":212,"column":64},"end":{"line":212,"column":78}},"line":212},"8":{"name":"(anonymous_8)","decl":{"start":{"line":246,"column":59},"end":{"line":246,"column":60}},"loc":{"start":{"line":246,"column":65},"end":{"line":250,"column":7}},"line":246},"9":{"name":"(anonymous_9)","decl":{"start":{"line":256,"column":36},"end":{"line":256,"column":37}},"loc":{"start":{"line":256,"column":56},"end":{"line":275,"column":1}},"line":256},"10":{"name":"(anonymous_10)","decl":{"start":{"line":277,"column":45},"end":{"line":277,"column":46}},"loc":{"start":{"line":277,"column":65},"end":{"line":322,"column":1}},"line":277},"11":{"name":"(anonymous_11)","decl":{"start":{"line":290,"column":20},"end":{"line":290,"column":21}},"loc":{"start":{"line":290,"column":39},"end":{"line":306,"column":5}},"line":290},"12":{"name":"(anonymous_12)","decl":{"start":{"line":313,"column":70},"end":{"line":313,"column":71}},"loc":{"start":{"line":313,"column":75},"end":{"line":313,"column":89}},"line":313},"13":{"name":"(anonymous_13)","decl":{"start":{"line":324,"column":44},"end":{"line":324,"column":45}},"loc":{"start":{"line":324,"column":64},"end":{"line":362,"column":1}},"line":324},"14":{"name":"(anonymous_14)","decl":{"start":{"line":336,"column":20},"end":{"line":336,"column":21}},"loc":{"start":{"line":336,"column":39},"end":{"line":351,"column":5}},"line":336},"15":{"name":"(anonymous_15)","decl":{"start":{"line":376,"column":28},"end":{"line":376,"column":29}},"loc":{"start":{"line":376,"column":40},"end":{"line":467,"column":1}},"line":376},"16":{"name":"(anonymous_16)","decl":{"start":{"line":390,"column":20},"end":{"line":390,"column":21}},"loc":{"start":{"line":390,"column":30},"end":{"line":406,"column":5}},"line":390},"17":{"name":"(anonymous_17)","decl":{"start":{"line":434,"column":45},"end":{"line":434,"column":46}},"loc":{"start":{"line":434,"column":55},"end":{"line":434,"column":74}},"line":434},"18":{"name":"(anonymous_18)","decl":{"start":{"line":481,"column":10},"end":{"line":481,"column":11}},"loc":{"start":{"line":481,"column":22},"end":{"line":495,"column":5}},"line":481},"19":{"name":"(anonymous_19)","decl":{"start":{"line":491,"column":29},"end":{"line":491,"column":30}},"loc":{"start":{"line":491,"column":35},"end":{"line":494,"column":7}},"line":491},"20":{"name":"(anonymous_20)","decl":{"start":{"line":493,"column":36},"end":{"line":493,"column":37}},"loc":{"start":{"line":493,"column":43},"end":{"line":493,"column":90}},"line":493},"21":{"name":"(anonymous_21)","decl":{"start":{"line":496,"column":11},"end":{"line":496,"column":12}},"loc":{"start":{"line":496,"column":20},"end":{"line":496,"column":67}},"line":496},"22":{"name":"(anonymous_22)","decl":{"start":{"line":500,"column":21},"end":{"line":500,"column":22}},"loc":{"start":{"line":500,"column":33},"end":{"line":506,"column":3}},"line":500},"23":{"name":"(anonymous_23)","decl":{"start":{"line":510,"column":19},"end":{"line":510,"column":20}},"loc":{"start":{"line":510,"column":25},"end":{"line":512,"column":3}},"line":510},"24":{"name":"(anonymous_24)","decl":{"start":{"line":518,"column":19},"end":{"line":518,"column":20}},"loc":{"start":{"line":518,"column":25},"end":{"line":520,"column":3}},"line":518},"25":{"name":"(anonymous_25)","decl":{"start":{"line":526,"column":19},"end":{"line":526,"column":20}},"loc":{"start":{"line":526,"column":25},"end":{"line":528,"column":3}},"line":526},"26":{"name":"(anonymous_26)","decl":{"start":{"line":533,"column":21},"end":{"line":533,"column":22}},"loc":{"start":{"line":533,"column":41},"end":{"line":546,"column":1}},"line":533},"27":{"name":"(anonymous_27)","decl":{"start":{"line":548,"column":19},"end":{"line":548,"column":20}},"loc":{"start":{"line":548,"column":39},"end":{"line":577,"column":1}},"line":548},"28":{"name":"(anonymous_28)","decl":{"start":{"line":580,"column":19},"end":{"line":580,"column":20}},"loc":{"start":{"line":580,"column":25},"end":{"line":582,"column":3}},"line":580}},"branchMap":{"0":{"loc":{"start":{"line":42,"column":19},"end":{"line":42,"column":91}},"type":"binary-expr","locations":[{"start":{"line":42,"column":19},"end":{"line":42,"column":41}},{"start":{"line":42,"column":45},"end":{"line":42,"column":91}}],"line":42},"1":{"loc":{"start":{"line":44,"column":0},"end":{"line":51,"column":1}},"type":"if","locations":[{"start":{"line":44,"column":0},"end":{"line":51,"column":1}},{"start":{},"end":{}}],"line":44},"2":{"loc":{"start":{"line":53,"column":27},"end":{"line":53,"column":40}},"type":"default-arg","locations":[{"start":{"line":53,"column":35},"end":{"line":53,"column":40}}],"line":53},"3":{"loc":{"start":{"line":53,"column":42},"end":{"line":53,"column":59}},"type":"default-arg","locations":[{"start":{"line":53,"column":55},"end":{"line":53,"column":59}}],"line":53},"4":{"loc":{"start":{"line":61,"column":6},"end":{"line":61,"column":68}},"type":"if","locations":[{"start":{"line":61,"column":6},"end":{"line":61,"column":68}},{"start":{},"end":{}}],"line":61},"5":{"loc":{"start":{"line":62,"column":6},"end":{"line":62,"column":56}},"type":"if","locations":[{"start":{"line":62,"column":6},"end":{"line":62,"column":56}},{"start":{},"end":{}}],"line":62},"6":{"loc":{"start":{"line":63,"column":6},"end":{"line":63,"column":105}},"type":"if","locations":[{"start":{"line":63,"column":6},"end":{"line":63,"column":105}},{"start":{},"end":{}}],"line":63},"7":{"loc":{"start":{"line":63,"column":10},"end":{"line":63,"column":71}},"type":"binary-expr","locations":[{"start":{"line":63,"column":10},"end":{"line":63,"column":25}},{"start":{"line":63,"column":29},"end":{"line":63,"column":71}}],"line":63},"8":{"loc":{"start":{"line":64,"column":6},"end":{"line":65,"column":50}},"type":"if","locations":[{"start":{"line":64,"column":6},"end":{"line":65,"column":50}},{"start":{"line":65,"column":11},"end":{"line":65,"column":50}}],"line":64},"9":{"loc":{"start":{"line":66,"column":6},"end":{"line":66,"column":88}},"type":"if","locations":[{"start":{"line":66,"column":6},"end":{"line":66,"column":88}},{"start":{},"end":{}}],"line":66},"10":{"loc":{"start":{"line":68,"column":6},"end":{"line":74,"column":7}},"type":"if","locations":[{"start":{"line":68,"column":6},"end":{"line":74,"column":7}},{"start":{},"end":{}}],"line":68},"11":{"loc":{"start":{"line":71,"column":24},"end":{"line":71,"column":52}},"type":"binary-expr","locations":[{"start":{"line":71,"column":24},"end":{"line":71,"column":43}},{"start":{"line":71,"column":47},"end":{"line":71,"column":52}}],"line":71},"12":{"loc":{"start":{"line":77,"column":4},"end":{"line":83,"column":5}},"type":"if","locations":[{"start":{"line":77,"column":4},"end":{"line":83,"column":5}},{"start":{},"end":{}}],"line":77},"13":{"loc":{"start":{"line":85,"column":4},"end":{"line":103,"column":5}},"type":"if","locations":[{"start":{"line":85,"column":4},"end":{"line":103,"column":5}},{"start":{},"end":{}}],"line":85},"14":{"loc":{"start":{"line":92,"column":19},"end":{"line":92,"column":40}},"type":"binary-expr","locations":[{"start":{"line":92,"column":19},"end":{"line":92,"column":31}},{"start":{"line":92,"column":35},"end":{"line":92,"column":40}}],"line":92},"15":{"loc":{"start":{"line":93,"column":15},"end":{"line":93,"column":35}},"type":"binary-expr","locations":[{"start":{"line":93,"column":15},"end":{"line":93,"column":26}},{"start":{"line":93,"column":30},"end":{"line":93,"column":35}}],"line":93},"16":{"loc":{"start":{"line":94,"column":17},"end":{"line":94,"column":34}},"type":"binary-expr","locations":[{"start":{"line":94,"column":17},"end":{"line":94,"column":25}},{"start":{"line":94,"column":29},"end":{"line":94,"column":34}}],"line":94},"17":{"loc":{"start":{"line":95,"column":17},"end":{"line":95,"column":37}},"type":"binary-expr","locations":[{"start":{"line":95,"column":17},"end":{"line":95,"column":28}},{"start":{"line":95,"column":32},"end":{"line":95,"column":37}}],"line":95},"18":{"loc":{"start":{"line":96,"column":15},"end":{"line":96,"column":92}},"type":"cond-expr","locations":[{"start":{"line":96,"column":28},"end":{"line":96,"column":85}},{"start":{"line":96,"column":88},"end":{"line":96,"column":92}}],"line":96},"19":{"loc":{"start":{"line":96,"column":51},"end":{"line":96,"column":82}},"type":"binary-expr","locations":[{"start":{"line":96,"column":51},"end":{"line":96,"column":73}},{"start":{"line":96,"column":77},"end":{"line":96,"column":82}}],"line":96},"20":{"loc":{"start":{"line":97,"column":16},"end":{"line":97,"column":73}},"type":"cond-expr","locations":[{"start":{"line":97,"column":29},"end":{"line":97,"column":66}},{"start":{"line":97,"column":69},"end":{"line":97,"column":73}}],"line":97},"21":{"loc":{"start":{"line":106,"column":4},"end":{"line":144,"column":5}},"type":"if","locations":[{"start":{"line":106,"column":4},"end":{"line":144,"column":5}},{"start":{"line":110,"column":11},"end":{"line":144,"column":5}}],"line":106},"22":{"loc":{"start":{"line":106,"column":8},"end":{"line":106,"column":47}},"type":"binary-expr","locations":[{"start":{"line":106,"column":8},"end":{"line":106,"column":18}},{"start":{"line":106,"column":22},"end":{"line":106,"column":47}}],"line":106},"23":{"loc":{"start":{"line":112,"column":6},"end":{"line":116,"column":7}},"type":"if","locations":[{"start":{"line":112,"column":6},"end":{"line":116,"column":7}},{"start":{},"end":{}}],"line":112},"24":{"loc":{"start":{"line":128,"column":8},"end":{"line":131,"column":9}},"type":"if","locations":[{"start":{"line":128,"column":8},"end":{"line":131,"column":9}},{"start":{},"end":{}}],"line":128},"25":{"loc":{"start":{"line":128,"column":12},"end":{"line":128,"column":55}},"type":"binary-expr","locations":[{"start":{"line":128,"column":12},"end":{"line":128,"column":26}},{"start":{"line":128,"column":30},"end":{"line":128,"column":55}}],"line":128},"26":{"loc":{"start":{"line":135,"column":6},"end":{"line":139,"column":7}},"type":"if","locations":[{"start":{"line":135,"column":6},"end":{"line":139,"column":7}},{"start":{},"end":{}}],"line":135},"27":{"loc":{"start":{"line":148,"column":4},"end":{"line":151,"column":5}},"type":"if","locations":[{"start":{"line":148,"column":4},"end":{"line":151,"column":5}},{"start":{},"end":{}}],"line":148},"28":{"loc":{"start":{"line":148,"column":8},"end":{"line":148,"column":46}},"type":"binary-expr","locations":[{"start":{"line":148,"column":8},"end":{"line":148,"column":19}},{"start":{"line":148,"column":23},"end":{"line":148,"column":46}}],"line":148},"29":{"loc":{"start":{"line":160,"column":6},"end":{"line":160,"column":65}},"type":"if","locations":[{"start":{"line":160,"column":6},"end":{"line":160,"column":65}},{"start":{},"end":{}}],"line":160},"30":{"loc":{"start":{"line":161,"column":6},"end":{"line":161,"column":58}},"type":"if","locations":[{"start":{"line":161,"column":6},"end":{"line":161,"column":58}},{"start":{},"end":{}}],"line":161},"31":{"loc":{"start":{"line":162,"column":6},"end":{"line":167,"column":7}},"type":"if","locations":[{"start":{"line":162,"column":6},"end":{"line":167,"column":7}},{"start":{},"end":{}}],"line":162},"32":{"loc":{"start":{"line":162,"column":10},"end":{"line":162,"column":51}},"type":"binary-expr","locations":[{"start":{"line":162,"column":10},"end":{"line":162,"column":24}},{"start":{"line":162,"column":28},"end":{"line":162,"column":51}}],"line":162},"33":{"loc":{"start":{"line":164,"column":8},"end":{"line":166,"column":9}},"type":"if","locations":[{"start":{"line":164,"column":8},"end":{"line":166,"column":9}},{"start":{},"end":{}}],"line":164},"34":{"loc":{"start":{"line":168,"column":6},"end":{"line":169,"column":50}},"type":"if","locations":[{"start":{"line":168,"column":6},"end":{"line":169,"column":50}},{"start":{"line":169,"column":11},"end":{"line":169,"column":50}}],"line":168},"35":{"loc":{"start":{"line":170,"column":6},"end":{"line":170,"column":91}},"type":"if","locations":[{"start":{"line":170,"column":6},"end":{"line":170,"column":91}},{"start":{},"end":{}}],"line":170},"36":{"loc":{"start":{"line":172,"column":6},"end":{"line":175,"column":7}},"type":"if","locations":[{"start":{"line":172,"column":6},"end":{"line":175,"column":7}},{"start":{},"end":{}}],"line":172},"37":{"loc":{"start":{"line":173,"column":54},"end":{"line":173,"column":79}},"type":"binary-expr","locations":[{"start":{"line":173,"column":54},"end":{"line":173,"column":70}},{"start":{"line":173,"column":74},"end":{"line":173,"column":79}}],"line":173},"38":{"loc":{"start":{"line":178,"column":6},"end":{"line":184,"column":7}},"type":"if","locations":[{"start":{"line":178,"column":6},"end":{"line":184,"column":7}},{"start":{},"end":{}}],"line":178},"39":{"loc":{"start":{"line":178,"column":10},"end":{"line":178,"column":51}},"type":"binary-expr","locations":[{"start":{"line":178,"column":10},"end":{"line":178,"column":24}},{"start":{"line":178,"column":28},"end":{"line":178,"column":51}}],"line":178},"40":{"loc":{"start":{"line":181,"column":8},"end":{"line":183,"column":9}},"type":"if","locations":[{"start":{"line":181,"column":8},"end":{"line":183,"column":9}},{"start":{},"end":{}}],"line":181},"41":{"loc":{"start":{"line":188,"column":20},"end":{"line":188,"column":63}},"type":"binary-expr","locations":[{"start":{"line":188,"column":20},"end":{"line":188,"column":37}},{"start":{"line":188,"column":41},"end":{"line":188,"column":54}},{"start":{"line":188,"column":58},"end":{"line":188,"column":63}}],"line":188},"42":{"loc":{"start":{"line":190,"column":19},"end":{"line":190,"column":40}},"type":"binary-expr","locations":[{"start":{"line":190,"column":19},"end":{"line":190,"column":34}},{"start":{"line":190,"column":38},"end":{"line":190,"column":40}}],"line":190},"43":{"loc":{"start":{"line":191,"column":19},"end":{"line":191,"column":38}},"type":"binary-expr","locations":[{"start":{"line":191,"column":19},"end":{"line":191,"column":32}},{"start":{"line":191,"column":36},"end":{"line":191,"column":38}}],"line":191},"44":{"loc":{"start":{"line":193,"column":18},"end":{"line":193,"column":172}},"type":"cond-expr","locations":[{"start":{"line":193,"column":60},"end":{"line":193,"column":165}},{"start":{"line":193,"column":168},"end":{"line":193,"column":172}}],"line":193},"45":{"loc":{"start":{"line":193,"column":18},"end":{"line":193,"column":57}},"type":"binary-expr","locations":[{"start":{"line":193,"column":18},"end":{"line":193,"column":31}},{"start":{"line":193,"column":35},"end":{"line":193,"column":57}}],"line":193},"46":{"loc":{"start":{"line":193,"column":111},"end":{"line":193,"column":163}},"type":"binary-expr","locations":[{"start":{"line":193,"column":111},"end":{"line":193,"column":157}},{"start":{"line":193,"column":161},"end":{"line":193,"column":163}}],"line":193},"47":{"loc":{"start":{"line":200,"column":4},"end":{"line":202,"column":5}},"type":"if","locations":[{"start":{"line":200,"column":4},"end":{"line":202,"column":5}},{"start":{},"end":{}}],"line":200},"48":{"loc":{"start":{"line":203,"column":4},"end":{"line":206,"column":5}},"type":"if","locations":[{"start":{"line":203,"column":4},"end":{"line":206,"column":5}},{"start":{},"end":{}}],"line":203},"49":{"loc":{"start":{"line":211,"column":43},"end":{"line":211,"column":69}},"type":"cond-expr","locations":[{"start":{"line":211,"column":52},"end":{"line":211,"column":65}},{"start":{"line":211,"column":68},"end":{"line":211,"column":69}}],"line":211},"50":{"loc":{"start":{"line":212,"column":39},"end":{"line":212,"column":84}},"type":"cond-expr","locations":[{"start":{"line":212,"column":48},"end":{"line":212,"column":79}},{"start":{"line":212,"column":82},"end":{"line":212,"column":84}}],"line":212},"51":{"loc":{"start":{"line":241,"column":4},"end":{"line":243,"column":5}},"type":"if","locations":[{"start":{"line":241,"column":4},"end":{"line":243,"column":5}},{"start":{},"end":{}}],"line":241},"52":{"loc":{"start":{"line":245,"column":4},"end":{"line":251,"column":5}},"type":"if","locations":[{"start":{"line":245,"column":4},"end":{"line":251,"column":5}},{"start":{},"end":{}}],"line":245},"53":{"loc":{"start":{"line":258,"column":2},"end":{"line":258,"column":76}},"type":"if","locations":[{"start":{"line":258,"column":2},"end":{"line":258,"column":76}},{"start":{},"end":{}}],"line":258},"54":{"loc":{"start":{"line":260,"column":45},"end":{"line":260,"column":85}},"type":"binary-expr","locations":[{"start":{"line":260,"column":45},"end":{"line":260,"column":67}},{"start":{"line":260,"column":71},"end":{"line":260,"column":85}}],"line":260},"55":{"loc":{"start":{"line":262,"column":4},"end":{"line":262,"column":81}},"type":"if","locations":[{"start":{"line":262,"column":4},"end":{"line":262,"column":81}},{"start":{},"end":{}}],"line":262},"56":{"loc":{"start":{"line":269,"column":4},"end":{"line":273,"column":5}},"type":"if","locations":[{"start":{"line":269,"column":4},"end":{"line":273,"column":5}},{"start":{"line":271,"column":11},"end":{"line":273,"column":5}}],"line":269},"57":{"loc":{"start":{"line":279,"column":2},"end":{"line":279,"column":76}},"type":"if","locations":[{"start":{"line":279,"column":2},"end":{"line":279,"column":76}},{"start":{},"end":{}}],"line":279},"58":{"loc":{"start":{"line":281,"column":45},"end":{"line":281,"column":85}},"type":"binary-expr","locations":[{"start":{"line":281,"column":45},"end":{"line":281,"column":67}},{"start":{"line":281,"column":71},"end":{"line":281,"column":85}}],"line":281},"59":{"loc":{"start":{"line":283,"column":4},"end":{"line":283,"column":81}},"type":"if","locations":[{"start":{"line":283,"column":4},"end":{"line":283,"column":81}},{"start":{},"end":{}}],"line":283},"60":{"loc":{"start":{"line":292,"column":6},"end":{"line":292,"column":68}},"type":"if","locations":[{"start":{"line":292,"column":6},"end":{"line":292,"column":68}},{"start":{},"end":{}}],"line":292},"61":{"loc":{"start":{"line":293,"column":6},"end":{"line":293,"column":56}},"type":"if","locations":[{"start":{"line":293,"column":6},"end":{"line":293,"column":56}},{"start":{},"end":{}}],"line":293},"62":{"loc":{"start":{"line":294,"column":6},"end":{"line":294,"column":105}},"type":"if","locations":[{"start":{"line":294,"column":6},"end":{"line":294,"column":105}},{"start":{},"end":{}}],"line":294},"63":{"loc":{"start":{"line":294,"column":10},"end":{"line":294,"column":71}},"type":"binary-expr","locations":[{"start":{"line":294,"column":10},"end":{"line":294,"column":25}},{"start":{"line":294,"column":29},"end":{"line":294,"column":71}}],"line":294},"64":{"loc":{"start":{"line":295,"column":6},"end":{"line":296,"column":50}},"type":"if","locations":[{"start":{"line":295,"column":6},"end":{"line":296,"column":50}},{"start":{"line":296,"column":11},"end":{"line":296,"column":50}}],"line":295},"65":{"loc":{"start":{"line":297,"column":6},"end":{"line":297,"column":88}},"type":"if","locations":[{"start":{"line":297,"column":6},"end":{"line":297,"column":88}},{"start":{},"end":{}}],"line":297},"66":{"loc":{"start":{"line":299,"column":6},"end":{"line":305,"column":7}},"type":"if","locations":[{"start":{"line":299,"column":6},"end":{"line":305,"column":7}},{"start":{},"end":{}}],"line":299},"67":{"loc":{"start":{"line":302,"column":24},"end":{"line":302,"column":52}},"type":"binary-expr","locations":[{"start":{"line":302,"column":24},"end":{"line":302,"column":43}},{"start":{"line":302,"column":47},"end":{"line":302,"column":52}}],"line":302},"68":{"loc":{"start":{"line":308,"column":4},"end":{"line":310,"column":5}},"type":"if","locations":[{"start":{"line":308,"column":4},"end":{"line":310,"column":5}},{"start":{},"end":{}}],"line":308},"69":{"loc":{"start":{"line":326,"column":2},"end":{"line":326,"column":76}},"type":"if","locations":[{"start":{"line":326,"column":2},"end":{"line":326,"column":76}},{"start":{},"end":{}}],"line":326},"70":{"loc":{"start":{"line":328,"column":45},"end":{"line":328,"column":85}},"type":"binary-expr","locations":[{"start":{"line":328,"column":45},"end":{"line":328,"column":67}},{"start":{"line":328,"column":71},"end":{"line":328,"column":85}}],"line":328},"71":{"loc":{"start":{"line":330,"column":4},"end":{"line":330,"column":81}},"type":"if","locations":[{"start":{"line":330,"column":4},"end":{"line":330,"column":81}},{"start":{},"end":{}}],"line":330},"72":{"loc":{"start":{"line":338,"column":6},"end":{"line":338,"column":74}},"type":"if","locations":[{"start":{"line":338,"column":6},"end":{"line":338,"column":74}},{"start":{},"end":{}}],"line":338},"73":{"loc":{"start":{"line":339,"column":6},"end":{"line":339,"column":62}},"type":"if","locations":[{"start":{"line":339,"column":6},"end":{"line":339,"column":62}},{"start":{},"end":{}}],"line":339},"74":{"loc":{"start":{"line":340,"column":6},"end":{"line":340,"column":111}},"type":"if","locations":[{"start":{"line":340,"column":6},"end":{"line":340,"column":111}},{"start":{},"end":{}}],"line":340},"75":{"loc":{"start":{"line":340,"column":10},"end":{"line":340,"column":71}},"type":"binary-expr","locations":[{"start":{"line":340,"column":10},"end":{"line":340,"column":25}},{"start":{"line":340,"column":29},"end":{"line":340,"column":71}}],"line":340},"76":{"loc":{"start":{"line":341,"column":6},"end":{"line":342,"column":50}},"type":"if","locations":[{"start":{"line":341,"column":6},"end":{"line":342,"column":50}},{"start":{"line":342,"column":11},"end":{"line":342,"column":50}}],"line":341},"77":{"loc":{"start":{"line":343,"column":6},"end":{"line":343,"column":94}},"type":"if","locations":[{"start":{"line":343,"column":6},"end":{"line":343,"column":94}},{"start":{},"end":{}}],"line":343},"78":{"loc":{"start":{"line":345,"column":6},"end":{"line":350,"column":7}},"type":"if","locations":[{"start":{"line":345,"column":6},"end":{"line":350,"column":7}},{"start":{},"end":{}}],"line":345},"79":{"loc":{"start":{"line":347,"column":24},"end":{"line":347,"column":52}},"type":"binary-expr","locations":[{"start":{"line":347,"column":24},"end":{"line":347,"column":43}},{"start":{"line":347,"column":47},"end":{"line":347,"column":52}}],"line":347},"80":{"loc":{"start":{"line":353,"column":4},"end":{"line":357,"column":5}},"type":"if","locations":[{"start":{"line":353,"column":4},"end":{"line":357,"column":5}},{"start":{"line":355,"column":11},"end":{"line":357,"column":5}}],"line":353},"81":{"loc":{"start":{"line":367,"column":0},"end":{"line":374,"column":1}},"type":"if","locations":[{"start":{"line":367,"column":0},"end":{"line":374,"column":1}},{"start":{},"end":{}}],"line":367},"82":{"loc":{"start":{"line":384,"column":4},"end":{"line":387,"column":5}},"type":"if","locations":[{"start":{"line":384,"column":4},"end":{"line":387,"column":5}},{"start":{},"end":{}}],"line":384},"83":{"loc":{"start":{"line":393,"column":6},"end":{"line":395,"column":7}},"type":"if","locations":[{"start":{"line":393,"column":6},"end":{"line":395,"column":7}},{"start":{},"end":{}}],"line":393},"84":{"loc":{"start":{"line":398,"column":15},"end":{"line":398,"column":52}},"type":"binary-expr","locations":[{"start":{"line":398,"column":15},"end":{"line":398,"column":43}},{"start":{"line":398,"column":47},"end":{"line":398,"column":52}}],"line":398},"85":{"loc":{"start":{"line":399,"column":17},"end":{"line":399,"column":51}},"type":"binary-expr","locations":[{"start":{"line":399,"column":17},"end":{"line":399,"column":42}},{"start":{"line":399,"column":46},"end":{"line":399,"column":51}}],"line":399},"86":{"loc":{"start":{"line":400,"column":17},"end":{"line":400,"column":54}},"type":"binary-expr","locations":[{"start":{"line":400,"column":17},"end":{"line":400,"column":45}},{"start":{"line":400,"column":49},"end":{"line":400,"column":54}}],"line":400},"87":{"loc":{"start":{"line":401,"column":15},"end":{"line":401,"column":48}},"type":"binary-expr","locations":[{"start":{"line":401,"column":15},"end":{"line":401,"column":39}},{"start":{"line":401,"column":43},"end":{"line":401,"column":48}}],"line":401},"88":{"loc":{"start":{"line":402,"column":17},"end":{"line":402,"column":87}},"type":"cond-expr","locations":[{"start":{"line":402,"column":36},"end":{"line":402,"column":79}},{"start":{"line":402,"column":82},"end":{"line":402,"column":87}}],"line":402},"89":{"loc":{"start":{"line":403,"column":17},"end":{"line":403,"column":97}},"type":"cond-expr","locations":[{"start":{"line":403,"column":46},"end":{"line":403,"column":89}},{"start":{"line":403,"column":92},"end":{"line":403,"column":97}}],"line":403},"90":{"loc":{"start":{"line":404,"column":16},"end":{"line":404,"column":37}},"type":"binary-expr","locations":[{"start":{"line":404,"column":16},"end":{"line":404,"column":29}},{"start":{"line":404,"column":33},"end":{"line":404,"column":37}}],"line":404},"91":{"loc":{"start":{"line":428,"column":4},"end":{"line":432,"column":5}},"type":"if","locations":[{"start":{"line":428,"column":4},"end":{"line":432,"column":5}},{"start":{"line":430,"column":11},"end":{"line":432,"column":5}}],"line":428},"92":{"loc":{"start":{"line":469,"column":13},"end":{"line":469,"column":37}},"type":"binary-expr","locations":[{"start":{"line":469,"column":13},"end":{"line":469,"column":29}},{"start":{"line":469,"column":33},"end":{"line":469,"column":37}}],"line":469},"93":{"loc":{"start":{"line":474,"column":0},"end":{"line":497,"column":1}},"type":"if","locations":[{"start":{"line":474,"column":0},"end":{"line":497,"column":1}},{"start":{},"end":{}}],"line":474},"94":{"loc":{"start":{"line":484,"column":6},"end":{"line":489,"column":7}},"type":"if","locations":[{"start":{"line":484,"column":6},"end":{"line":489,"column":7}},{"start":{"line":487,"column":13},"end":{"line":489,"column":7}}],"line":484},"95":{"loc":{"start":{"line":499,"column":0},"end":{"line":507,"column":1}},"type":"if","locations":[{"start":{"line":499,"column":0},"end":{"line":507,"column":1}},{"start":{},"end":{}}],"line":499},"96":{"loc":{"start":{"line":501,"column":4},"end":{"line":504,"column":5}},"type":"if","locations":[{"start":{"line":501,"column":4},"end":{"line":504,"column":5}},{"start":{},"end":{}}],"line":501},"97":{"loc":{"start":{"line":505,"column":4},"end":{"line":505,"column":42}},"type":"if","locations":[{"start":{"line":505,"column":4},"end":{"line":505,"column":42}},{"start":{},"end":{}}],"line":505},"98":{"loc":{"start":{"line":509,"column":0},"end":{"line":513,"column":1}},"type":"if","locations":[{"start":{"line":509,"column":0},"end":{"line":513,"column":1}},{"start":{},"end":{}}],"line":509},"99":{"loc":{"start":{"line":517,"column":0},"end":{"line":521,"column":1}},"type":"if","locations":[{"start":{"line":517,"column":0},"end":{"line":521,"column":1}},{"start":{},"end":{}}],"line":517},"100":{"loc":{"start":{"line":525,"column":0},"end":{"line":529,"column":1}},"type":"if","locations":[{"start":{"line":525,"column":0},"end":{"line":529,"column":1}},{"start":{},"end":{}}],"line":525},"101":{"loc":{"start":{"line":535,"column":2},"end":{"line":535,"column":76}},"type":"if","locations":[{"start":{"line":535,"column":2},"end":{"line":535,"column":76}},{"start":{},"end":{}}],"line":535},"102":{"loc":{"start":{"line":537,"column":45},"end":{"line":537,"column":85}},"type":"binary-expr","locations":[{"start":{"line":537,"column":45},"end":{"line":537,"column":67}},{"start":{"line":537,"column":71},"end":{"line":537,"column":85}}],"line":537},"103":{"loc":{"start":{"line":539,"column":4},"end":{"line":540,"column":64}},"type":"if","locations":[{"start":{"line":539,"column":4},"end":{"line":540,"column":64}},{"start":{},"end":{}}],"line":539},"104":{"loc":{"start":{"line":539,"column":8},"end":{"line":539,"column":31}},"type":"binary-expr","locations":[{"start":{"line":539,"column":8},"end":{"line":539,"column":13}},{"start":{"line":539,"column":17},"end":{"line":539,"column":31}}],"line":539},"105":{"loc":{"start":{"line":551,"column":2},"end":{"line":554,"column":3}},"type":"if","locations":[{"start":{"line":551,"column":2},"end":{"line":554,"column":3}},{"start":{},"end":{}}],"line":551},"106":{"loc":{"start":{"line":556,"column":45},"end":{"line":556,"column":85}},"type":"binary-expr","locations":[{"start":{"line":556,"column":45},"end":{"line":556,"column":67}},{"start":{"line":556,"column":71},"end":{"line":556,"column":85}}],"line":556},"107":{"loc":{"start":{"line":559,"column":4},"end":{"line":562,"column":5}},"type":"if","locations":[{"start":{"line":559,"column":4},"end":{"line":562,"column":5}},{"start":{},"end":{}}],"line":559},"108":{"loc":{"start":{"line":569,"column":19},"end":{"line":569,"column":42}},"type":"binary-expr","locations":[{"start":{"line":569,"column":19},"end":{"line":569,"column":33}},{"start":{"line":569,"column":37},"end":{"line":569,"column":42}}],"line":569},"109":{"loc":{"start":{"line":570,"column":17},"end":{"line":570,"column":38}},"type":"binary-expr","locations":[{"start":{"line":570,"column":17},"end":{"line":570,"column":29}},{"start":{"line":570,"column":33},"end":{"line":570,"column":38}}],"line":570},"110":{"loc":{"start":{"line":579,"column":0},"end":{"line":583,"column":1}},"type":"if","locations":[{"start":{"line":579,"column":0},"end":{"line":583,"column":1}},{"start":{},"end":{}}],"line":579}},"s":{"0":1,"1":1,"2":1,"3":1,"4":1,"5":1,"6":1,"7":1,"8":1,"9":1,"10":1,"11":1,"12":1,"13":1,"14":1,"15":1,"16":1,"17":1,"18":1,"19":1,"20":1,"21":1,"22":1,"23":1,"24":1,"25":1,"26":1,"27":1,"28":1,"29":1,"30":1,"31":0,"32":0,"33":0,"34":0,"35":1,"36":0,"37":0,"38":0,"39":0,"40":0,"41":0,"42":0,"43":0,"44":0,"45":0,"46":0,"47":0,"48":0,"49":0,"50":0,"51":0,"52":0,"53":0,"54":0,"55":0,"56":0,"57":0,"58":0,"59":0,"60":0,"61":0,"62":0,"63":0,"64":0,"65":0,"66":0,"67":0,"68":0,"69":0,"70":0,"71":0,"72":0,"73":0,"74":0,"75":0,"76":0,"77":0,"78":0,"79":0,"80":0,"81":0,"82":0,"83":0,"84":0,"85":0,"86":0,"87":0,"88":0,"89":0,"90":0,"91":0,"92":0,"93":0,"94":0,"95":0,"96":0,"97":0,"98":0,"99":0,"100":0,"101":0,"102":0,"103":0,"104":0,"105":0,"106":0,"107":0,"108":0,"109":0,"110":0,"111":0,"112":0,"113":0,"114":0,"115":0,"116":0,"117":0,"118":0,"119":0,"120":0,"121":0,"122":0,"123":0,"124":0,"125":0,"126":0,"127":0,"128":0,"129":0,"130":0,"131":0,"132":0,"133":0,"134":0,"135":0,"136":0,"137":0,"138":0,"139":0,"140":0,"141":0,"142":0,"143":0,"144":0,"145":0,"146":0,"147":0,"148":0,"149":0,"150":0,"151":0,"152":0,"153":0,"154":0,"155":0,"156":0,"157":0,"158":1,"159":0,"160":0,"161":0,"162":0,"163":0,"164":0,"165":0,"166":0,"167":0,"168":0,"169":0,"170":0,"171":0,"172":0,"173":0,"174":1,"175":1,"176":1,"177":0,"178":1,"179":1,"180":1,"181":0,"182":0,"183":0,"184":0,"185":0,"186":0,"187":0,"188":0,"189":0,"190":0,"191":0,"192":0,"193":0,"194":0,"195":0,"196":0,"197":0,"198":0,"199":0,"200":0,"201":0,"202":0,"203":0,"204":0,"205":0,"206":0,"207":0,"208":0,"209":0,"210":0,"211":0,"212":1,"213":0,"214":0,"215":0,"216":0,"217":0,"218":0,"219":0,"220":0,"221":0,"222":0,"223":0,"224":0,"225":0,"226":0,"227":0,"228":0,"229":0,"230":0,"231":0,"232":0,"233":0,"234":0,"235":0,"236":0,"237":0,"238":0,"239":0,"240":0,"241":0,"242":0,"243":0,"244":1,"245":1,"246":1,"247":0,"248":0,"249":0,"250":0,"251":1,"252":0,"253":0,"254":0,"255":0,"256":0,"257":0,"258":0,"259":0,"260":0,"261":0,"262":0,"263":0,"264":0,"265":0,"266":0,"267":0,"268":0,"269":0,"270":0,"271":0,"272":0,"273":0,"274":0,"275":0,"276":0,"277":0,"278":0,"279":0,"280":0,"281":0,"282":0,"283":0,"284":0,"285":0,"286":0,"287":0,"288":0,"289":0,"290":0,"291":0,"292":1,"293":1,"294":0,"295":0,"296":0,"297":0,"298":0,"299":0,"300":0,"301":0,"302":0,"303":0,"304":0,"305":0,"306":0,"307":1,"308":1,"309":0,"310":0,"311":0,"312":0,"313":0,"314":1,"315":0,"316":0,"317":1,"318":1,"319":0,"320":0,"321":1,"322":1,"323":0,"324":0,"325":1,"326":1,"327":0,"328":0,"329":0,"330":0,"331":0,"332":0,"333":0,"334":0,"335":0,"336":0,"337":0,"338":1,"339":0,"340":0,"341":0,"342":0,"343":0,"344":0,"345":0,"346":0,"347":0,"348":0,"349":0,"350":0,"351":0,"352":0,"353":0,"354":0,"355":1,"356":0,"357":0,"358":1},"f":{"0":1,"1":0,"2":0,"3":0,"4":0,"5":0,"6":0,"7":0,"8":0,"9":0,"10":1,"11":0,"12":0,"13":0,"14":0,"15":0,"16":0,"17":0,"18":0,"19":0,"20":0,"21":0,"22":0,"23":0,"24":0,"25":0,"26":0,"27":0,"28":0},"b":{"0":[1,1],"1":[0,1],"2":[0],"3":[0],"4":[0,0],"5":[0,0],"6":[0,0],"7":[0,0],"8":[0,0],"9":[0,0],"10":[0,0],"11":[0,0],"12":[0,0],"13":[0,0],"14":[0,0],"15":[0,0],"16":[0,0],"17":[0,0],"18":[0,0],"19":[0,0],"20":[0,0],"21":[0,0],"22":[0,0],"23":[0,0],"24":[0,0],"25":[0,0],"26":[0,0],"27":[0,0],"28":[0,0],"29":[0,0],"30":[0,0],"31":[0,0],"32":[0,0],"33":[0,0],"34":[0,0],"35":[0,0],"36":[0,0],"37":[0,0],"38":[0,0],"39":[0,0],"40":[0,0],"41":[0,0,0],"42":[0,0],"43":[0,0],"44":[0,0],"45":[0,0],"46":[0,0],"47":[0,0],"48":[0,0],"49":[0,0],"50":[0,0],"51":[0,0],"52":[0,0],"53":[0,0],"54":[0,0],"55":[0,0],"56":[0,0],"57":[0,1],"58":[1,0],"59":[0,0],"60":[0,0],"61":[0,0],"62":[0,0],"63":[0,0],"64":[0,0],"65":[0,0],"66":[0,0],"67":[0,0],"68":[0,0],"69":[0,0],"70":[0,0],"71":[0,0],"72":[0,0],"73":[0,0],"74":[0,0],"75":[0,0],"76":[0,0],"77":[0,0],"78":[0,0],"79":[0,0],"80":[0,0],"81":[0,1],"82":[0,0],"83":[0,0],"84":[0,0],"85":[0,0],"86":[0,0],"87":[0,0],"88":[0,0],"89":[0,0],"90":[0,0],"91":[0,0],"92":[1,0],"93":[0,1],"94":[0,0],"95":[1,0],"96":[0,0],"97":[0,0],"98":[0,1],"99":[0,1],"100":[0,1],"101":[0,0],"102":[0,0],"103":[0,0],"104":[0,0],"105":[0,0],"106":[0,0],"107":[0,0],"108":[0,0],"109":[0,0],"110":[0,1]},"_coverageSchema":"1a1c01bbd47fc00a2c39e90264f33305004495a9","hash":"de7784ef393039e2b433c60908faacab6abcfc36"}
,"C:\\Users\\62String\\DeviceRentalApi\\backend\\models\\DeletedUser.js": {"path":"C:\\Users\\62String\\DeviceRentalApi\\backend\\models\\DeletedUser.js","statementMap":{"0":{"start":{"line":1,"column":17},"end":{"line":1,"column":36}},"1":{"start":{"line":2,"column":15},"end":{"line":2,"column":30}},"2":{"start":{"line":4,"column":26},"end":{"line":14,"column":2}},"3":{"start":{"line":17,"column":0},"end":{"line":17,"column":85}},"4":{"start":{"line":19,"column":0},"end":{"line":19,"column":66}}},"fnMap":{},"branchMap":{},"s":{"0":1,"1":1,"2":1,"3":1,"4":1},"f":{},"b":{},"_coverageSchema":"1a1c01bbd47fc00a2c39e90264f33305004495a9","hash":"a6c949d2b244e0c3795f0ffd1f31dc326239b179"}
,"C:\\Users\\62String\\DeviceRentalApi\\backend\\models\\Device.js": {"path":"C:\\Users\\62String\\DeviceRentalApi\\backend\\models\\Device.js","statementMap":{"0":{"start":{"line":1,"column":17},"end":{"line":1,"column":36}},"1":{"start":{"line":2,"column":15},"end":{"line":2,"column":30}},"2":{"start":{"line":4,"column":21},"end":{"line":21,"column":2}},"3":{"start":{"line":23,"column":0},"end":{"line":23,"column":56}}},"fnMap":{},"branchMap":{},"s":{"0":1,"1":1,"2":1,"3":1},"f":{},"b":{},"_coverageSchema":"1a1c01bbd47fc00a2c39e90264f33305004495a9","hash":"579b4ce31ffd8483d225eabd8688bb7ba1a245fc"}
,"C:\\Users\\62String\\DeviceRentalApi\\backend\\models\\ExportHistory": {"path":"C:\\Users\\62String\\DeviceRentalApi\\backend\\models\\ExportHistory","statementMap":{"0":{"start":{"line":1,"column":17},"end":{"line":1,"column":36}},"1":{"start":{"line":2,"column":15},"end":{"line":2,"column":30}},"2":{"start":{"line":4,"column":28},"end":{"line":11,"column":20}},"3":{"start":{"line":13,"column":0},"end":{"line":13,"column":70}}},"fnMap":{},"branchMap":{},"s":{"0":1,"1":1,"2":1,"3":1},"f":{},"b":{},"inputSourceMap":null,"_coverageSchema":"1a1c01bbd47fc00a2c39e90264f33305004495a9","hash":"a04eb03bda21d5901c5cbb07e830be4bcaa99edb"}
,"C:\\Users\\62String\\DeviceRentalApi\\backend\\models\\RentalHistory.js": {"path":"C:\\Users\\62String\\DeviceRentalApi\\backend\\models\\RentalHistory.js","statementMap":{"0":{"start":{"line":1,"column":17},"end":{"line":1,"column":36}},"1":{"start":{"line":2,"column":15},"end":{"line":2,"column":30}},"2":{"start":{"line":4,"column":28},"end":{"line":19,"column":20}},"3":{"start":{"line":21,"column":0},"end":{"line":21,"column":62}},"4":{"start":{"line":23,"column":0},"end":{"line":23,"column":70}}},"fnMap":{},"branchMap":{},"s":{"0":1,"1":1,"2":1,"3":1,"4":1},"f":{},"b":{},"_coverageSchema":"1a1c01bbd47fc00a2c39e90264f33305004495a9","hash":"ca44deef1c58d0a1fa713b5186a98ac67f81f99c"}
,"C:\\Users\\62String\\DeviceRentalApi\\backend\\models\\User.js": {"path":"C:\\Users\\62String\\DeviceRentalApi\\backend\\models\\User.js","statementMap":{"0":{"start":{"line":1,"column":17},"end":{"line":1,"column":36}},"1":{"start":{"line":2,"column":15},"end":{"line":2,"column":32}},"2":{"start":{"line":3,"column":15},"end":{"line":3,"column":30}},"3":{"start":{"line":5,"column":19},"end":{"line":14,"column":2}},"4":{"start":{"line":16,"column":0},"end":{"line":42,"column":3}},"5":{"start":{"line":17,"column":15},"end":{"line":17,"column":19}},"6":{"start":{"line":20,"column":2},"end":{"line":23,"column":3}},"7":{"start":{"line":21,"column":17},"end":{"line":21,"column":41}},"8":{"start":{"line":22,"column":4},"end":{"line":22,"column":59}},"9":{"start":{"line":26,"column":2},"end":{"line":32,"column":3}},"10":{"start":{"line":27,"column":4},"end":{"line":31,"column":57}},"11":{"start":{"line":27,"column":33},"end":{"line":27,"column":52}},"12":{"start":{"line":28,"column":9},"end":{"line":31,"column":57}},"13":{"start":{"line":28,"column":37},"end":{"line":28,"column":56}},"14":{"start":{"line":29,"column":9},"end":{"line":31,"column":57}},"15":{"start":{"line":29,"column":37},"end":{"line":29,"column":56}},"16":{"start":{"line":30,"column":9},"end":{"line":31,"column":57}},"17":{"start":{"line":30,"column":38},"end":{"line":30,"column":57}},"18":{"start":{"line":31,"column":9},"end":{"line":31,"column":57}},"19":{"start":{"line":31,"column":38},"end":{"line":31,"column":57}},"20":{"start":{"line":35,"column":2},"end":{"line":39,"column":3}},"21":{"start":{"line":36,"column":4},"end":{"line":36,"column":24}},"22":{"start":{"line":38,"column":4},"end":{"line":38,"column":25}},"23":{"start":{"line":41,"column":2},"end":{"line":41,"column":9}},"24":{"start":{"line":44,"column":0},"end":{"line":46,"column":2}},"25":{"start":{"line":45,"column":2},"end":{"line":45,"column":64}},"26":{"start":{"line":49,"column":0},"end":{"line":62,"column":3}},"27":{"start":{"line":51,"column":4},"end":{"line":51,"column":20}},"28":{"start":{"line":52,"column":4},"end":{"line":52,"column":24}},"29":{"start":{"line":53,"column":4},"end":{"line":53,"column":38}},"30":{"start":{"line":54,"column":4},"end":{"line":54,"column":32}},"31":{"start":{"line":55,"column":4},"end":{"line":55,"column":34}},"32":{"start":{"line":56,"column":4},"end":{"line":56,"column":34}},"33":{"start":{"line":57,"column":4},"end":{"line":57,"column":30}},"34":{"start":{"line":58,"column":4},"end":{"line":58,"column":24}},"35":{"start":{"line":59,"column":4},"end":{"line":59,"column":19}},"36":{"start":{"line":60,"column":4},"end":{"line":60,"column":15}},"37":{"start":{"line":64,"column":0},"end":{"line":64,"column":52}}},"fnMap":{"0":{"name":"(anonymous_0)","decl":{"start":{"line":16,"column":23},"end":{"line":16,"column":24}},"loc":{"start":{"line":16,"column":44},"end":{"line":42,"column":1}},"line":16},"1":{"name":"(anonymous_1)","decl":{"start":{"line":44,"column":37},"end":{"line":44,"column":38}},"loc":{"start":{"line":44,"column":71},"end":{"line":46,"column":1}},"line":44},"2":{"name":"(anonymous_2)","decl":{"start":{"line":50,"column":13},"end":{"line":50,"column":14}},"loc":{"start":{"line":50,"column":33},"end":{"line":61,"column":3}},"line":50}},"branchMap":{"0":{"loc":{"start":{"line":20,"column":2},"end":{"line":23,"column":3}},"type":"if","locations":[{"start":{"line":20,"column":2},"end":{"line":23,"column":3}},{"start":{},"end":{}}],"line":20},"1":{"loc":{"start":{"line":26,"column":2},"end":{"line":32,"column":3}},"type":"if","locations":[{"start":{"line":26,"column":2},"end":{"line":32,"column":3}},{"start":{},"end":{}}],"line":26},"2":{"loc":{"start":{"line":27,"column":4},"end":{"line":31,"column":57}},"type":"if","locations":[{"start":{"line":27,"column":4},"end":{"line":31,"column":57}},{"start":{"line":28,"column":9},"end":{"line":31,"column":57}}],"line":27},"3":{"loc":{"start":{"line":28,"column":9},"end":{"line":31,"column":57}},"type":"if","locations":[{"start":{"line":28,"column":9},"end":{"line":31,"column":57}},{"start":{"line":29,"column":9},"end":{"line":31,"column":57}}],"line":28},"4":{"loc":{"start":{"line":29,"column":9},"end":{"line":31,"column":57}},"type":"if","locations":[{"start":{"line":29,"column":9},"end":{"line":31,"column":57}},{"start":{"line":30,"column":9},"end":{"line":31,"column":57}}],"line":29},"5":{"loc":{"start":{"line":30,"column":9},"end":{"line":31,"column":57}},"type":"if","locations":[{"start":{"line":30,"column":9},"end":{"line":31,"column":57}},{"start":{"line":31,"column":9},"end":{"line":31,"column":57}}],"line":30},"6":{"loc":{"start":{"line":31,"column":9},"end":{"line":31,"column":57}},"type":"if","locations":[{"start":{"line":31,"column":9},"end":{"line":31,"column":57}},{"start":{},"end":{}}],"line":31},"7":{"loc":{"start":{"line":35,"column":2},"end":{"line":39,"column":3}},"type":"if","locations":[{"start":{"line":35,"column":2},"end":{"line":39,"column":3}},{"start":{"line":37,"column":9},"end":{"line":39,"column":3}}],"line":35}},"s":{"0":1,"1":1,"2":1,"3":1,"4":1,"5":1,"6":1,"7":1,"8":1,"9":1,"10":1,"11":1,"12":0,"13":0,"14":0,"15":0,"16":0,"17":0,"18":0,"19":0,"20":1,"21":1,"22":0,"23":1,"24":1,"25":0,"26":1,"27":0,"28":0,"29":0,"30":0,"31":0,"32":0,"33":0,"34":0,"35":0,"36":0,"37":1},"f":{"0":1,"1":0,"2":0},"b":{"0":[1,0],"1":[1,0],"2":[1,0],"3":[0,0],"4":[0,0],"5":[0,0],"6":[0,0],"7":[1,0]},"_coverageSchema":"1a1c01bbd47fc00a2c39e90264f33305004495a9","hash":"631e22ea4f9c6fbd29e910265bb40ddb2b0a0e1a"}
,"C:\\Users\\62String\\DeviceRentalApi\\backend\\routes\\auth.js": {"path":"C:\\Users\\62String\\DeviceRentalApi\\backend\\routes\\auth.js","statementMap":{"0":{"start":{"line":1,"column":16},"end":{"line":1,"column":34}},"1":{"start":{"line":2,"column":15},"end":{"line":2,"column":31}},"2":{"start":{"line":3,"column":13},"end":{"line":3,"column":38}},"3":{"start":{"line":4,"column":12},"end":{"line":4,"column":35}},"4":{"start":{"line":5,"column":19},"end":{"line":5,"column":59}},"5":{"start":{"line":7,"column":0},"end":{"line":49,"column":3}},"6":{"start":{"line":8,"column":2},"end":{"line":8,"column":42}},"7":{"start":{"line":9,"column":73},"end":{"line":9,"column":81}},"8":{"start":{"line":10,"column":2},"end":{"line":12,"column":3}},"9":{"start":{"line":11,"column":4},"end":{"line":11,"column":92}},"10":{"start":{"line":13,"column":2},"end":{"line":15,"column":3}},"11":{"start":{"line":14,"column":4},"end":{"line":14,"column":81}},"12":{"start":{"line":16,"column":2},"end":{"line":18,"column":3}},"13":{"start":{"line":17,"column":4},"end":{"line":17,"column":87}},"14":{"start":{"line":19,"column":2},"end":{"line":21,"column":3}},"15":{"start":{"line":20,"column":4},"end":{"line":20,"column":71}},"16":{"start":{"line":23,"column":2},"end":{"line":48,"column":3}},"17":{"start":{"line":24,"column":25},"end":{"line":24,"column":62}},"18":{"start":{"line":25,"column":4},"end":{"line":25,"column":81}},"19":{"start":{"line":25,"column":22},"end":{"line":25,"column":81}},"20":{"start":{"line":28,"column":20},"end":{"line":28,"column":65}},"21":{"start":{"line":29,"column":4},"end":{"line":29,"column":67}},"22":{"start":{"line":31,"column":17},"end":{"line":39,"column":6}},"23":{"start":{"line":40,"column":4},"end":{"line":40,"column":43}},"24":{"start":{"line":41,"column":4},"end":{"line":41,"column":22}},"25":{"start":{"line":42,"column":4},"end":{"line":42,"column":42}},"26":{"start":{"line":44,"column":4},"end":{"line":44,"column":140}},"27":{"start":{"line":46,"column":4},"end":{"line":46,"column":48}},"28":{"start":{"line":47,"column":4},"end":{"line":47,"column":76}},"29":{"start":{"line":51,"column":0},"end":{"line":64,"column":3}},"30":{"start":{"line":52,"column":17},"end":{"line":52,"column":25}},"31":{"start":{"line":53,"column":2},"end":{"line":63,"column":3}},"32":{"start":{"line":54,"column":4},"end":{"line":54,"column":36}},"33":{"start":{"line":55,"column":25},"end":{"line":55,"column":51}},"34":{"start":{"line":56,"column":4},"end":{"line":58,"column":5}},"35":{"start":{"line":57,"column":6},"end":{"line":57,"column":44}},"36":{"start":{"line":59,"column":4},"end":{"line":59,"column":34}},"37":{"start":{"line":61,"column":4},"end":{"line":61,"column":44}},"38":{"start":{"line":62,"column":4},"end":{"line":62,"column":47}},"39":{"start":{"line":67,"column":0},"end":{"line":90,"column":3}},"40":{"start":{"line":68,"column":27},"end":{"line":68,"column":35}},"41":{"start":{"line":69,"column":2},"end":{"line":89,"column":3}},"42":{"start":{"line":70,"column":4},"end":{"line":70,"column":63}},"43":{"start":{"line":71,"column":17},"end":{"line":71,"column":54}},"44":{"start":{"line":72,"column":4},"end":{"line":72,"column":45}},"45":{"start":{"line":73,"column":4},"end":{"line":75,"column":5}},"46":{"start":{"line":74,"column":6},"end":{"line":74,"column":77}},"47":{"start":{"line":76,"column":4},"end":{"line":78,"column":5}},"48":{"start":{"line":77,"column":6},"end":{"line":77,"column":67}},"49":{"start":{"line":79,"column":4},"end":{"line":81,"column":5}},"50":{"start":{"line":80,"column":6},"end":{"line":80,"column":57}},"51":{"start":{"line":82,"column":4},"end":{"line":82,"column":60}},"52":{"start":{"line":83,"column":18},"end":{"line":83,"column":123}},"53":{"start":{"line":84,"column":4},"end":{"line":84,"column":63}},"54":{"start":{"line":85,"column":4},"end":{"line":85,"column":24}},"55":{"start":{"line":87,"column":4},"end":{"line":87,"column":47}},"56":{"start":{"line":88,"column":4},"end":{"line":88,"column":76}},"57":{"start":{"line":92,"column":0},"end":{"line":120,"column":3}},"58":{"start":{"line":93,"column":16},"end":{"line":93,"column":56}},"59":{"start":{"line":94,"column":2},"end":{"line":94,"column":43}},"60":{"start":{"line":95,"column":2},"end":{"line":95,"column":76}},"61":{"start":{"line":95,"column":14},"end":{"line":95,"column":76}},"62":{"start":{"line":96,"column":2},"end":{"line":119,"column":3}},"63":{"start":{"line":97,"column":20},"end":{"line":97,"column":49}},"64":{"start":{"line":98,"column":4},"end":{"line":98,"column":43}},"65":{"start":{"line":99,"column":17},"end":{"line":99,"column":55}},"66":{"start":{"line":100,"column":4},"end":{"line":100,"column":45}},"67":{"start":{"line":101,"column":4},"end":{"line":101,"column":74}},"68":{"start":{"line":101,"column":15},"end":{"line":101,"column":74}},"69":{"start":{"line":102,"column":23},"end":{"line":108,"column":5}},"70":{"start":{"line":109,"column":4},"end":{"line":109,"column":52}},"71":{"start":{"line":110,"column":4},"end":{"line":110,"column":35}},"72":{"start":{"line":112,"column":4},"end":{"line":112,"column":55}},"73":{"start":{"line":113,"column":4},"end":{"line":113,"column":43}},"74":{"start":{"line":114,"column":4},"end":{"line":114,"column":67}},"75":{"start":{"line":115,"column":4},"end":{"line":117,"column":5}},"76":{"start":{"line":116,"column":6},"end":{"line":116,"column":64}},"77":{"start":{"line":118,"column":4},"end":{"line":118,"column":76}},"78":{"start":{"line":122,"column":0},"end":{"line":122,"column":24}}},"fnMap":{"0":{"name":"(anonymous_0)","decl":{"start":{"line":7,"column":25},"end":{"line":7,"column":26}},"loc":{"start":{"line":7,"column":45},"end":{"line":49,"column":1}},"line":7},"1":{"name":"(anonymous_1)","decl":{"start":{"line":51,"column":25},"end":{"line":51,"column":26}},"loc":{"start":{"line":51,"column":45},"end":{"line":64,"column":1}},"line":51},"2":{"name":"(anonymous_2)","decl":{"start":{"line":67,"column":22},"end":{"line":67,"column":23}},"loc":{"start":{"line":67,"column":42},"end":{"line":90,"column":1}},"line":67},"3":{"name":"(anonymous_3)","decl":{"start":{"line":92,"column":18},"end":{"line":92,"column":19}},"loc":{"start":{"line":92,"column":38},"end":{"line":120,"column":1}},"line":92}},"branchMap":{"0":{"loc":{"start":{"line":5,"column":19},"end":{"line":5,"column":59}},"type":"binary-expr","locations":[{"start":{"line":5,"column":19},"end":{"line":5,"column":41}},{"start":{"line":5,"column":45},"end":{"line":5,"column":59}}],"line":5},"1":{"loc":{"start":{"line":10,"column":2},"end":{"line":12,"column":3}},"type":"if","locations":[{"start":{"line":10,"column":2},"end":{"line":12,"column":3}},{"start":{},"end":{}}],"line":10},"2":{"loc":{"start":{"line":10,"column":6},"end":{"line":10,"column":80}},"type":"binary-expr","locations":[{"start":{"line":10,"column":6},"end":{"line":10,"column":11}},{"start":{"line":10,"column":15},"end":{"line":10,"column":27}},{"start":{"line":10,"column":31},"end":{"line":10,"column":34}},{"start":{"line":10,"column":38},"end":{"line":10,"column":47}},{"start":{"line":10,"column":51},"end":{"line":10,"column":67}},{"start":{"line":10,"column":71},"end":{"line":10,"column":80}}],"line":10},"3":{"loc":{"start":{"line":13,"column":2},"end":{"line":15,"column":3}},"type":"if","locations":[{"start":{"line":13,"column":2},"end":{"line":15,"column":3}},{"start":{},"end":{}}],"line":13},"4":{"loc":{"start":{"line":13,"column":6},"end":{"line":13,"column":52}},"type":"binary-expr","locations":[{"start":{"line":13,"column":6},"end":{"line":13,"column":28}},{"start":{"line":13,"column":32},"end":{"line":13,"column":52}}],"line":13},"5":{"loc":{"start":{"line":16,"column":2},"end":{"line":18,"column":3}},"type":"if","locations":[{"start":{"line":16,"column":2},"end":{"line":18,"column":3}},{"start":{},"end":{}}],"line":16},"6":{"loc":{"start":{"line":16,"column":6},"end":{"line":16,"column":57}},"type":"binary-expr","locations":[{"start":{"line":16,"column":6},"end":{"line":16,"column":34}},{"start":{"line":16,"column":38},"end":{"line":16,"column":57}}],"line":16},"7":{"loc":{"start":{"line":19,"column":2},"end":{"line":21,"column":3}},"type":"if","locations":[{"start":{"line":19,"column":2},"end":{"line":21,"column":3}},{"start":{},"end":{}}],"line":19},"8":{"loc":{"start":{"line":25,"column":4},"end":{"line":25,"column":81}},"type":"if","locations":[{"start":{"line":25,"column":4},"end":{"line":25,"column":81}},{"start":{},"end":{}}],"line":25},"9":{"loc":{"start":{"line":56,"column":4},"end":{"line":58,"column":5}},"type":"if","locations":[{"start":{"line":56,"column":4},"end":{"line":58,"column":5}},{"start":{},"end":{}}],"line":56},"10":{"loc":{"start":{"line":73,"column":4},"end":{"line":75,"column":5}},"type":"if","locations":[{"start":{"line":73,"column":4},"end":{"line":75,"column":5}},{"start":{},"end":{}}],"line":73},"11":{"loc":{"start":{"line":76,"column":4},"end":{"line":78,"column":5}},"type":"if","locations":[{"start":{"line":76,"column":4},"end":{"line":78,"column":5}},{"start":{},"end":{}}],"line":76},"12":{"loc":{"start":{"line":79,"column":4},"end":{"line":81,"column":5}},"type":"if","locations":[{"start":{"line":79,"column":4},"end":{"line":81,"column":5}},{"start":{},"end":{}}],"line":79},"13":{"loc":{"start":{"line":83,"column":92},"end":{"line":83,"column":120}},"type":"cond-expr","locations":[{"start":{"line":83,"column":107},"end":{"line":83,"column":113}},{"start":{"line":83,"column":116},"end":{"line":83,"column":120}}],"line":83},"14":{"loc":{"start":{"line":95,"column":2},"end":{"line":95,"column":76}},"type":"if","locations":[{"start":{"line":95,"column":2},"end":{"line":95,"column":76}},{"start":{},"end":{}}],"line":95},"15":{"loc":{"start":{"line":101,"column":4},"end":{"line":101,"column":74}},"type":"if","locations":[{"start":{"line":101,"column":4},"end":{"line":101,"column":74}},{"start":{},"end":{}}],"line":101},"16":{"loc":{"start":{"line":106,"column":17},"end":{"line":106,"column":40}},"type":"binary-expr","locations":[{"start":{"line":106,"column":17},"end":{"line":106,"column":31}},{"start":{"line":106,"column":35},"end":{"line":106,"column":40}}],"line":106},"17":{"loc":{"start":{"line":107,"column":15},"end":{"line":107,"column":36}},"type":"binary-expr","locations":[{"start":{"line":107,"column":15},"end":{"line":107,"column":27}},{"start":{"line":107,"column":31},"end":{"line":107,"column":36}}],"line":107},"18":{"loc":{"start":{"line":115,"column":4},"end":{"line":117,"column":5}},"type":"if","locations":[{"start":{"line":115,"column":4},"end":{"line":117,"column":5}},{"start":{},"end":{}}],"line":115}},"s":{"0":1,"1":1,"2":1,"3":1,"4":1,"5":1,"6":0,"7":0,"8":0,"9":0,"10":0,"11":0,"12":0,"13":0,"14":0,"15":0,"16":0,"17":0,"18":0,"19":0,"20":0,"21":0,"22":0,"23":0,"24":0,"25":0,"26":0,"27":0,"28":0,"29":1,"30":0,"31":0,"32":0,"33":0,"34":0,"35":0,"36":0,"37":0,"38":0,"39":1,"40":0,"41":0,"42":0,"43":0,"44":0,"45":0,"46":0,"47":0,"48":0,"49":0,"50":0,"51":0,"52":0,"53":0,"54":0,"55":0,"56":0,"57":1,"58":0,"59":0,"60":0,"61":0,"62":0,"63":0,"64":0,"65":0,"66":0,"67":0,"68":0,"69":0,"70":0,"71":0,"72":0,"73":0,"74":0,"75":0,"76":0,"77":0,"78":1},"f":{"0":0,"1":0,"2":0,"3":0},"b":{"0":[1,0],"1":[0,0],"2":[0,0,0,0,0,0],"3":[0,0],"4":[0,0],"5":[0,0],"6":[0,0],"7":[0,0],"8":[0,0],"9":[0,0],"10":[0,0],"11":[0,0],"12":[0,0],"13":[0,0],"14":[0,0],"15":[0,0],"16":[0,0],"17":[0,0],"18":[0,0]},"_coverageSchema":"1a1c01bbd47fc00a2c39e90264f33305004495a9","hash":"d8a6bca6d739ae13a9a23d6767376a1765340d0f"}
[...]
"65":1,"66":0,"67":0,"68":0,"69":0,"70":0,"71":0,"72":1,"73":0,"74":0,"75":0,"76":0,"77":0,"78":0,"79":0,"80":0,"81":0,"82":0,"83":0,"84":0,"85":0,"86":0,"87":0,"88":0,"89":0,"90":0,"91":0,"92":0,"93":0,"94":0,"95":0,"96":0,"97":0,"98":0,"99":0,"100":0,"101":0,"102":0,"103":0,"104":0,"105":0,"106":0,"107":0,"108":0,"109":0,"110":0,"111":0,"112":0,"113":0,"114":0,"115":1,"116":0,"117":0,"118":0,"119":0,"120":0,"121":0,"122":0,"123":0,"124":0,"125":0,"126":0,"127":0,"128":0,"129":0,"130":0,"131":0,"132":0,"133":0,"134":0,"135":0,"136":0,"137":0,"138":0,"139":0,"140":0,"141":0,"142":0,"143":0,"144":0,"145":0,"146":0,"147":0,"148":0,"149":0,"150":0,"151":0,"152":0,"153":0,"154":0,"155":0,"156":0,"157":0,"158":0,"159":0,"160":0,"161":0,"162":0,"163":1,"164":0,"165":0,"166":0,"167":0,"168":0,"169":0,"170":0,"171":0,"172":0,"173":0,"174":0,"175":0,"176":0,"177":0,"178":0,"179":0,"180":0,"181":0,"182":0,"183":0,"184":0,"185":0,"186":1,"187":0,"188":0,"189":0,"190":0,"191":0,"192":0,"193":0,"194":0,"195":0,"196":0,"197":0,"198":0,"199":0,"200":0,"201":0,"202":0,"203":0,"204":1,"205":0,"206":0,"207":0,"208":0,"209":0,"210":0,"211":0,"212":1,"213":0,"214":0,"215":0,"216":0,"217":0,"218":0,"219":0,"220":0,"221":0,"222":1,"223":0,"224":0,"225":0,"226":0,"227":0,"228":0,"229":0,"230":1,"231":0,"232":0,"233":0,"234":0,"235":0,"236":0,"237":0,"238":0,"239":0,"240":0,"241":1,"242":0,"243":0,"244":0,"245":0,"246":0,"247":0,"248":0,"249":0,"250":0,"251":0,"252":0,"253":0,"254":1,"255":0,"256":0,"257":0,"258":0,"259":0,"260":0,"261":0,"262":0,"263":0,"264":0,"265":0,"266":0,"267":1,"268":0,"269":0,"270":0,"271":0,"272":0,"273":0,"274":0,"275":0,"276":0,"277":0,"278":0,"279":0,"280":0,"281":0,"282":0,"283":0,"284":0,"285":0,"286":0,"287":0,"288":0,"289":0,"290":0,"291":0,"292":0,"293":0,"294":0,"295":0,"296":0,"297":0,"298":0,"299":0,"300":1,"301":0,"302":0,"303":0,"304":0,"305":0,"306":0,"307":0,"308":0,"309":0,"310":0,"311":0,"312":0,"313":0,"314":0,"315":0,"316":0,"317":0,"318":0,"319":0,"320":0,"321":0,"322":0,"323":0,"324":0,"325":0,"326":0,"327":0,"328":0,"329":0,"330":0,"331":0,"332":0,"333":0,"334":0,"335":0,"336":0,"337":0,"338":0,"339":0,"340":1},"f":{"0":0,"1":0,"2":0,"3":0,"4":0,"5":0,"6":0,"7":0,"8":0,"9":0,"10":0,"11":0,"12":0,"13":0,"14":0,"15":0,"16":0,"17":0,"18":0,"19":0,"20":0,"21":0},"b":{"0":[1,0],"1":[1,1],"2":[1,1],"3":[0,1],"4":[0,0],"5":[0,0],"6":[0,0],"7":[0,0],"8":[0,0],"9":[0,0],"10":[0,0],"11":[0,0],"12":[0,0,0],"13":[0,0],"14":[0,0],"15":[0,0],"16":[0,0],"17":[0,0],"18":[0,0],"19":[0,0],"20":[0,0],"21":[0,0],"22":[0,0],"23":[0,0],"24":[0,0],"25":[0,0],"26":[0,0],"27":[0,0],"28":[0,0],"29":[0,0],"30":[0,0,0],"31":[0,0],"32":[0,0],"33":[0,0],"34":[0,0],"35":[0,0],"36":[0,0],"37":[0,0],"38":[0,0],"39":[0,0],"40":[0,0],"41":[0,0],"42":[0,0],"43":[0,0],"44":[0,0],"45":[0,0],"46":[0,0],"47":[0,0],"48":[0,0],"49":[0,0],"50":[0],"51":[0,0],"52":[0,0],"53":[0,0],"54":[0,0],"55":[0,0],"56":[0,0],"57":[0,0],"58":[0,0],"59":[0,0],"60":[0,0],"61":[0,0],"62":[0],"63":[0,0],"64":[0,0],"65":[0,0],"66":[0,0],"67":[0,0],"68":[0,0],"69":[0,0,0,0],"70":[0,0],"71":[0,0],"72":[0,0],"73":[0],"74":[0],"75":[0,0],"76":[0,0],"77":[0,0],"78":[0,0],"79":[0,0,0,0],"80":[0,0],"81":[0,0]},"_coverageSchema":"1a1c01bbd47fc00a2c39e90264f33305004495a9","hash":"f5d545f3ca8c07cdfac638d2a03dd112c7e947fb"}
,"C:\\Users\\62String\\DeviceRentalApi\\backend\\routes\\middleware.js": {"path":"C:\\Users\\62String\\DeviceRentalApi\\backend\\routes\\middleware.js","statementMap":{"0":{"start":{"line":1,"column":12},"end":{"line":1,"column":35}},"1":{"start":{"line":2,"column":13},"end":{"line":2,"column":38}},"2":{"start":{"line":3,"column":24},"end":{"line":3,"column":48}},"3":{"start":{"line":4,"column":19},"end":{"line":4,"column":62}},"4":{"start":{"line":6,"column":18},"end":{"line":28,"column":1}},"5":{"start":{"line":7,"column":16},"end":{"line":7,"column":56}},"6":{"start":{"line":8,"column":2},"end":{"line":8,"column":68}},"7":{"start":{"line":8,"column":14},"end":{"line":8,"column":68}},"8":{"start":{"line":9,"column":2},"end":{"line":27,"column":3}},"9":{"start":{"line":10,"column":20},"end":{"line":10,"column":56}},"10":{"start":{"line":11,"column":4},"end":{"line":11,"column":43}},"11":{"start":{"line":12,"column":17},"end":{"line":12,"column":55}},"12":{"start":{"line":13,"column":4},"end":{"line":13,"column":45}},"13":{"start":{"line":14,"column":4},"end":{"line":16,"column":5}},"14":{"start":{"line":15,"column":6},"end":{"line":15,"column":65}},"15":{"start":{"line":18,"column":4},"end":{"line":22,"column":6}},"16":{"start":{"line":23,"column":4},"end":{"line":23,"column":11}},"17":{"start":{"line":25,"column":4},"end":{"line":25,"column":52}},"18":{"start":{"line":26,"column":4},"end":{"line":26,"column":56}},"19":{"start":{"line":30,"column":0},"end":{"line":30,"column":31}}},"fnMap":{"0":{"name":"(anonymous_0)","decl":{"start":{"line":6,"column":18},"end":{"line":6,"column":19}},"loc":{"start":{"line":6,"column":44},"end":{"line":28,"column":1}},"line":6}},"branchMap":{"0":{"loc":{"start":{"line":4,"column":19},"end":{"line":4,"column":62}},"type":"binary-expr","locations":[{"start":{"line":4,"column":19},"end":{"line":4,"column":41}},{"start":{"line":4,"column":45},"end":{"line":4,"column":62}}],"line":4},"1":{"loc":{"start":{"line":8,"column":2},"end":{"line":8,"column":68}},"type":"if","locations":[{"start":{"line":8,"column":2},"end":{"line":8,"column":68}},{"start":{},"end":{}}],"line":8},"2":{"loc":{"start":{"line":14,"column":4},"end":{"line":16,"column":5}},"type":"if","locations":[{"start":{"line":14,"column":4},"end":{"line":16,"column":5}},{"start":{},"end":{}}],"line":14},"3":{"loc":{"start":{"line":14,"column":8},"end":{"line":14,"column":30}},"type":"binary-expr","locations":[{"start":{"line":14,"column":8},"end":{"line":14,"column":13}},{"start":{"line":14,"column":17},"end":{"line":14,"column":30}}],"line":14},"4":{"loc":{"start":{"line":21,"column":17},"end":{"line":21,"column":36}},"type":"binary-expr","locations":[{"start":{"line":21,"column":17},"end":{"line":21,"column":31}},{"start":{"line":21,"column":35},"end":{"line":21,"column":36}}],"line":21}},"s":{"0":1,"1":1,"2":1,"3":1,"4":1,"5":0,"6":0,"7":0,"8":0,"9":0,"10":0,"11":0,"12":0,"13":0,"14":0,"15":0,"16":0,"17":0,"18":0,"19":1},"f":{"0":0},"b":{"0":[1,0],"1":[0,0],"2":[0,0],"3":[0,0],"4":[0,0]},"_coverageSchema":"1a1c01bbd47fc00a2c39e90264f33305004495a9","hash":"9b9e48e80363afc2cea3a769b1d50e94984ee253"}
,"C:\\Users\\62String\\DeviceRentalApi\\backend\\routes\\admin\\approve.js": {"path":"C:\\Users\\62String\\DeviceRentalApi\\backend\\routes\\admin\\approve.js","statementMap":{"0":{"start":{"line":1,"column":16},"end":{"line":1,"column":34}},"1":{"start":{"line":2,"column":15},"end":{"line":2,"column":31}},"2":{"start":{"line":3,"column":13},"end":{"line":3,"column":41}},"3":{"start":{"line":4,"column":22},"end":{"line":4,"column":46}},"4":{"start":{"line":6,"column":0},"end":{"line":21,"column":3}},"5":{"start":{"line":7,"column":2},"end":{"line":7,"column":53}},"6":{"start":{"line":8,"column":2},"end":{"line":20,"column":3}},"7":{"start":{"line":9,"column":25},"end":{"line":9,"column":61}},"8":{"start":{"line":10,"column":4},"end":{"line":10,"column":54}},"9":{"start":{"line":11,"column":4},"end":{"line":16,"column":11}},"10":{"start":{"line":11,"column":48},"end":{"line":16,"column":5}},"11":{"start":{"line":18,"column":4},"end":{"line":18,"column":56}},"12":{"start":{"line":19,"column":4},"end":{"line":19,"column":56}},"13":{"start":{"line":23,"column":0},"end":{"line":41,"column":3}},"14":{"start":{"line":24,"column":2},"end":{"line":40,"column":3}},"15":{"start":{"line":25,"column":19},"end":{"line":25,"column":27}},"16":{"start":{"line":26,"column":17},"end":{"line":26,"column":43}},"17":{"start":{"line":27,"column":4},"end":{"line":27,"column":75}},"18":{"start":{"line":27,"column":15},"end":{"line":27,"column":75}},"19":{"start":{"line":30,"column":24},"end":{"line":34,"column":5}},"20":{"start":{"line":35,"column":4},"end":{"line":35,"column":47}},"21":{"start":{"line":36,"column":4},"end":{"line":36,"column":62}},"22":{"start":{"line":38,"column":4},"end":{"line":38,"column":48}},"23":{"start":{"line":39,"column":4},"end":{"line":39,"column":56}},"24":{"start":{"line":43,"column":0},"end":{"line":53,"column":3}},"25":{"start":{"line":44,"column":2},"end":{"line":52,"column":3}},"26":{"start":{"line":45,"column":19},"end":{"line":45,"column":27}},"27":{"start":{"line":46,"column":17},"end":{"line":46,"column":52}},"28":{"start":{"line":47,"column":4},"end":{"line":47,"column":75}},"29":{"start":{"line":47,"column":15},"end":{"line":47,"column":75}},"30":{"start":{"line":48,"column":4},"end":{"line":48,"column":43}},"31":{"start":{"line":50,"column":4},"end":{"line":50,"column":48}},"32":{"start":{"line":51,"column":4},"end":{"line":51,"column":56}},"33":{"start":{"line":55,"column":0},"end":{"line":55,"column":24}}},"fnMap":{"0":{"name":"(anonymous_0)","decl":{"start":{"line":6,"column":40},"end":{"line":6,"column":41}},"loc":{"start":{"line":6,"column":60},"end":{"line":21,"column":1}},"line":6},"1":{"name":"(anonymous_1)","decl":{"start":{"line":11,"column":39},"end":{"line":11,"column":40}},"loc":{"start":{"line":11,"column":48},"end":{"line":16,"column":5}},"line":11},"2":{"name":"(anonymous_2)","decl":{"start":{"line":23,"column":41},"end":{"line":23,"column":42}},"loc":{"start":{"line":23,"column":61},"end":{"line":41,"column":1}},"line":23},"3":{"name":"(anonymous_3)","decl":{"start":{"line":43,"column":40},"end":{"line":43,"column":41}},"loc":{"start":{"line":43,"column":60},"end":{"line":53,"column":1}},"line":43}},"branchMap":{"0":{"loc":{"start":{"line":15,"column":16},"end":{"line":15,"column":38}},"type":"binary-expr","locations":[{"start":{"line":15,"column":16},"end":{"line":15,"column":29}},{"start":{"line":15,"column":33},"end":{"line":15,"column":38}}],"line":15},"1":{"loc":{"start":{"line":27,"column":4},"end":{"line":27,"column":75}},"type":"if","locations":[{"start":{"line":27,"column":4},"end":{"line":27,"column":75}},{"start":{},"end":{}}],"line":27},"2":{"loc":{"start":{"line":47,"column":4},"end":{"line":47,"column":75}},"type":"if","locations":[{"start":{"line":47,"column":4},"end":{"line":47,"column":75}},{"start":{},"end":{}}],"line":47}},"s":{"0":1,"1":1,"2":1,"3":1,"4":1,"5":0,"6":0,"7":0,"8":0,"9":0,"10":0,"11":0,"12":0,"13":1,"14":0,"15":0,"16":0,"17":0,"18":0,"19":0,"20":0,"21":0,"22":0,"23":0,"24":1,"25":0,"26":0,"27":0,"28":0,"29":0,"30":0,"31":0,"32":0,"33":1},"f":{"0":0,"1":0,"2":0,"3":0},"b":{"0":[0,0],"1":[0,0],"2":[0,0]},"_coverageSchema":"1a1c01bbd47fc00a2c39e90264f33305004495a9","hash":"7fb59f2a8ceef7618a20782d18c3986fba104d8f"}
,"C:\\Users\\62String\\DeviceRentalApi\\backend\\routes\\admin\\users.js": {"path":"C:\\Users\\62String\\DeviceRentalApi\\backend\\routes\\admin\\users.js","statementMap":{"0":{"start":{"line":1,"column":16},"end":{"line":1,"column":34}},"1":{"start":{"line":2,"column":15},"end":{"line":2,"column":31}},"2":{"start":{"line":3,"column":13},"end":{"line":3,"column":41}},"3":{"start":{"line":4,"column":20},"end":{"line":4,"column":55}},"4":{"start":{"line":5,"column":22},"end":{"line":5,"column":46}},"5":{"start":{"line":7,"column":0},"end":{"line":22,"column":3}},"6":{"start":{"line":8,"column":2},"end":{"line":8,"column":53}},"7":{"start":{"line":9,"column":2},"end":{"line":21,"column":3}},"8":{"start":{"line":10,"column":25},"end":{"line":10,"column":61}},"9":{"start":{"line":11,"column":4},"end":{"line":11,"column":54}},"10":{"start":{"line":12,"column":4},"end":{"line":17,"column":11}},"11":{"start":{"line":12,"column":48},"end":{"line":17,"column":5}},"12":{"start":{"line":19,"column":4},"end":{"line":19,"column":56}},"13":{"start":{"line":20,"column":4},"end":{"line":20,"column":56}},"14":{"start":{"line":24,"column":0},"end":{"line":41,"column":3}},"15":{"start":{"line":25,"column":2},"end":{"line":25,"column":45}},"16":{"start":{"line":26,"column":2},"end":{"line":40,"column":3}},"17":{"start":{"line":27,"column":18},"end":{"line":27,"column":55}},"18":{"start":{"line":28,"column":4},"end":{"line":28,"column":39}},"19":{"start":{"line":29,"column":4},"end":{"line":36,"column":11}},"20":{"start":{"line":29,"column":41},"end":{"line":36,"column":5}},"21":{"start":{"line":38,"column":4},"end":{"line":38,"column":48}},"22":{"start":{"line":39,"column":4},"end":{"line":39,"column":74}},"23":{"start":{"line":43,"column":0},"end":{"line":60,"column":3}},"24":{"start":{"line":44,"column":2},"end":{"line":59,"column":3}},"25":{"start":{"line":45,"column":19},"end":{"line":45,"column":27}},"26":{"start":{"line":46,"column":17},"end":{"line":46,"column":43}},"27":{"start":{"line":47,"column":4},"end":{"line":47,"column":75}},"28":{"start":{"line":47,"column":15},"end":{"line":47,"column":75}},"29":{"start":{"line":49,"column":24},"end":{"line":53,"column":5}},"30":{"start":{"line":54,"column":4},"end":{"line":54,"column":47}},"31":{"start":{"line":55,"column":4},"end":{"line":55,"column":62}},"32":{"start":{"line":57,"column":4},"end":{"line":57,"column":48}},"33":{"start":{"line":58,"column":4},"end":{"line":58,"column":56}},"34":{"start":{"line":62,"column":0},"end":{"line":86,"column":3}},"35":{"start":{"line":63,"column":2},"end":{"line":85,"column":3}},"36":{"start":{"line":64,"column":27},"end":{"line":64,"column":35}},"37":{"start":{"line":65,"column":17},"end":{"line":65,"column":43}},"38":{"start":{"line":66,"column":4},"end":{"line":66,"column":75}},"39":{"start":{"line":66,"column":15},"end":{"line":66,"column":75}},"40":{"start":{"line":68,"column":4},"end":{"line":78,"column":7}},"41":{"start":{"line":80,"column":4},"end":{"line":80,"column":40}},"42":{"start":{"line":81,"column":4},"end":{"line":81,"column":43}},"43":{"start":{"line":83,"column":4},"end":{"line":83,"column":48}},"44":{"start":{"line":84,"column":4},"end":{"line":84,"column":56}},"45":{"start":{"line":88,"column":0},"end":{"line":116,"column":3}},"46":{"start":{"line":89,"column":2},"end":{"line":115,"column":3}},"47":{"start":{"line":90,"column":27},"end":{"line":90,"column":35}},"48":{"start":{"line":91,"column":22},"end":{"line":91,"column":61}},"49":{"start":{"line":92,"column":23},"end":{"line":92,"column":49}},"50":{"start":{"line":94,"column":4},"end":{"line":94,"column":81}},"51":{"start":{"line":94,"column":21},"end":{"line":94,"column":81}},"52":{"start":{"line":95,"column":4},"end":{"line":95,"column":103}},"53":{"start":{"line":95,"column":40},"end":{"line":95,"column":103}},"54":{"start":{"line":96,"column":4},"end":{"line":96,"column":122}},"55":{"start":{"line":96,"column":53},"end":{"line":96,"column":122}},"56":{"start":{"line":98,"column":4},"end":{"line":108,"column":7}},"57":{"start":{"line":110,"column":4},"end":{"line":110,"column":40}},"58":{"start":{"line":111,"column":4},"end":{"line":111,"column":43}},"59":{"start":{"line":113,"column":4},"end":{"line":113,"column":47}},"60":{"start":{"line":114,"column":4},"end":{"line":114,"column":56}},"61":{"start":{"line":118,"column":0},"end":{"line":118,"column":24}}},"fnMap":{"0":{"name":"(anonymous_0)","decl":{"start":{"line":7,"column":40},"end":{"line":7,"column":41}},"loc":{"start":{"line":7,"column":60},"end":{"line":22,"column":1}},"line":7},"1":{"name":"(anonymous_1)","decl":{"start":{"line":12,"column":39},"end":{"line":12,"column":40}},"loc":{"start":{"line":12,"column":48},"end":{"line":17,"column":5}},"line":12},"2":{"name":"(anonymous_2)","decl":{"start":{"line":24,"column":32},"end":{"line":24,"column":33}},"loc":{"start":{"line":24,"column":52},"end":{"line":41,"column":1}},"line":24},"3":{"name":"(anonymous_3)","decl":{"start":{"line":29,"column":32},"end":{"line":29,"column":33}},"loc":{"start":{"line":29,"column":41},"end":{"line":36,"column":5}},"line":29},"4":{"name":"(anonymous_4)","decl":{"start":{"line":43,"column":41},"end":{"line":43,"column":42}},"loc":{"start":{"line":43,"column":61},"end":{"line":60,"column":1}},"line":43},"5":{"name":"(anonymous_5)","decl":{"start":{"line":62,"column":40},"end":{"line":62,"column":41}},"loc":{"start":{"line":62,"column":60},"end":{"line":86,"column":1}},"line":62},"6":{"name":"(anonymous_6)","decl":{"start":{"line":88,"column":40},"end":{"line":88,"column":41}},"loc":{"start":{"line":88,"column":60},"end":{"line":116,"column":1}},"line":88}},"branchMap":{"0":{"loc":{"start":{"line":16,"column":16},"end":{"line":16,"column":38}},"type":"binary-expr","locations":[{"start":{"line":16,"column":16},"end":{"line":16,"column":29}},{"start":{"line":16,"column":33},"end":{"line":16,"column":38}}],"line":16},"1":{"loc":{"start":{"line":33,"column":16},"end":{"line":33,"column":38}},"type":"binary-expr","locations":[{"start":{"line":33,"column":16},"end":{"line":33,"column":29}},{"start":{"line":33,"column":33},"end":{"line":33,"column":38}}],"line":33},"2":{"loc":{"start":{"line":47,"column":4},"end":{"line":47,"column":75}},"type":"if","locations":[{"start":{"line":47,"column":4},"end":{"line":47,"column":75}},{"start":{},"end":{}}],"line":47},"3":{"loc":{"start":{"line":66,"column":4},"end":{"line":66,"column":75}},"type":"if","locations":[{"start":{"line":66,"column":4},"end":{"line":66,"column":75}},{"start":{},"end":{}}],"line":66},"4":{"loc":{"start":{"line":77,"column":14},"end":{"line":77,"column":34}},"type":"binary-expr","locations":[{"start":{"line":77,"column":14},"end":{"line":77,"column":20}},{"start":{"line":77,"column":24},"end":{"line":77,"column":34}}],"line":77},"5":{"loc":{"start":{"line":94,"column":4},"end":{"line":94,"column":81}},"type":"if","locations":[{"start":{"line":94,"column":4},"end":{"line":94,"column":81}},{"start":{},"end":{}}],"line":94},"6":{"loc":{"start":{"line":95,"column":4},"end":{"line":95,"column":103}},"type":"if","locations":[{"start":{"line":95,"column":4},"end":{"line":95,"column":103}},{"start":{},"end":{}}],"line":95},"7":{"loc":{"start":{"line":96,"column":4},"end":{"line":96,"column":122}},"type":"if","locations":[{"start":{"line":96,"column":4},"end":{"line":96,"column":122}},{"start":{},"end":{}}],"line":96},"8":{"loc":{"start":{"line":107,"column":14},"end":{"line":107,"column":34}},"type":"binary-expr","locations":[{"start":{"line":107,"column":14},"end":{"line":107,"column":20}},{"start":{"line":107,"column":24},"end":{"line":107,"column":34}}],"line":107}},"s":{"0":1,"1":1,"2":1,"3":1,"4":1,"5":1,"6":0,"7":0,"8":0,"9":0,"10":0,"11":0,"12":0,"13":0,"14":1,"15":0,"16":0,"17":0,"18":0,"19":0,"20":0,"21":0,"22":0,"23":1,"24":0,"25":0,"26":0,"27":0,"28":0,"29":0,"30":0,"31":0,"32":0,"33":0,"34":1,"35":0,"36":0,"37":0,"38":0,"39":0,"40":0,"41":0,"42":0,"43":0,"44":0,"45":1,"46":0,"47":0,"48":0,"49":0,"50":0,"51":0,"52":0,"53":0,"54":0,"55":0,"56":0,"57":0,"58":0,"59":0,"60":0,"61":1},"f":{"0":0,"1":0,"2":0,"3":0,"4":0,"5":0,"6":0},"b":{"0":[0,0],"1":[0,0],"2":[0,0],"3":[0,0],"4":[0,0],"5":[0,0],"6":[0,0],"7":[0,0],"8":[0,0]},"_coverageSchema":"1a1c01bbd47fc00a2c39e90264f33305004495a9","hash":"4bf515e2141bbaf6b12d33a21c67178663781440"}
,"C:\\Users\\62String\\DeviceRentalApi\\backend\\utils\\auth.js": {"path":"C:\\Users\\62String\\DeviceRentalApi\\backend\\utils\\auth.js","statementMap":{"0":{"start":{"line":1,"column":12},"end":{"line":1,"column":35}},"1":{"start":{"line":3,"column":20},"end":{"line":9,"column":1}},"2":{"start":{"line":4,"column":2},"end":{"line":8,"column":3}},"3":{"start":{"line":5,"column":4},"end":{"line":5,"column":37}},"4":{"start":{"line":7,"column":4},"end":{"line":7,"column":37}},"5":{"start":{"line":11,"column":0},"end":{"line":11,"column":33}}},"fnMap":{"0":{"name":"(anonymous_0)","decl":{"start":{"line":3,"column":20},"end":{"line":3,"column":21}},"loc":{"start":{"line":3,"column":45},"end":{"line":9,"column":1}},"line":3}},"branchMap":{},"s":{"0":1,"1":1,"2":1,"3":1,"4":0,"5":1},"f":{"0":1},"b":{},"_coverageSchema":"1a1c01bbd47fc00a2c39e90264f33305004495a9","hash":"4a896442e627996ee3200035d919d9144eb7c5ee"}
}
