TN:
SF:server.js
FN:31,(anonymous_0)
FN:53,(anonymous_1)
FN:59,(anonymous_2)
FN:90,(anonymous_3)
FN:111,(anonymous_4)
FN:119,(anonymous_5)
FN:157,(anonymous_6)
FN:212,(anonymous_7)
FN:246,(anonymous_8)
FN:256,(anonymous_9)
FN:277,(anonymous_10)
FN:290,(anonymous_11)
FN:313,(anonymous_12)
FN:324,(anonymous_13)
FN:336,(anonymous_14)
FN:376,(anonymous_15)
FN:390,(anonymous_16)
FN:434,(anonymous_17)
FN:477,(anonymous_18)
FN:487,(anonymous_19)
FN:489,(anonymous_20)
FN:492,(anonymous_21)
FN:496,(anonymous_22)
FN:506,(anonymous_23)
FN:514,(anonymous_24)
FN:522,(anonymous_25)
FN:529,(anonymous_26)
FN:544,(anonymous_27)
FN:576,(anonymous_28)
FNF:29
FNH:0
FNDA:0,(anonymous_0)
FNDA:0,(anonymous_1)
FNDA:0,(anonymous_2)
FNDA:0,(anonymous_3)
FNDA:0,(anonymous_4)
FNDA:0,(anonymous_5)
FNDA:0,(anonymous_6)
FNDA:0,(anonymous_7)
FNDA:0,(anonymous_8)
FNDA:0,(anonymous_9)
FNDA:0,(anonymous_10)
FNDA:0,(anonymous_11)
FNDA:0,(anonymous_12)
FNDA:0,(anonymous_13)
FNDA:0,(anonymous_14)
FNDA:0,(anonymous_15)
FNDA:0,(anonymous_16)
FNDA:0,(anonymous_17)
FNDA:0,(anonymous_18)
FNDA:0,(anonymous_19)
FNDA:0,(anonymous_20)
FNDA:0,(anonymous_21)
FNDA:0,(anonymous_22)
FNDA:0,(anonymous_23)
FNDA:0,(anonymous_24)
FNDA:0,(anonymous_25)
FNDA:0,(anonymous_26)
FNDA:0,(anonymous_27)
FNDA:0,(anonymous_28)
DA:1,1
DA:2,1
DA:3,1
DA:4,1
DA:5,1
DA:6,1
DA:7,1
DA:8,1
DA:9,1
DA:10,1
DA:11,1
DA:12,1
DA:13,1
DA:15,1
DA:16,1
DA:17,1
DA:18,1
DA:20,1
DA:22,1
DA:28,1
DA:29,1
DA:31,1
DA:32,0
DA:33,0
DA:36,1
DA:37,1
DA:38,1
DA:39,1
DA:40,1
DA:42,1
DA:44,1
DA:45,0
DA:46,0
DA:47,0
DA:49,0
DA:53,1
DA:54,0
DA:55,0
DA:56,0
DA:57,0
DA:59,0
DA:60,0
DA:61,0
DA:62,0
DA:63,0
DA:64,0
DA:65,0
DA:66,0
DA:68,0
DA:69,0
DA:77,0
DA:78,0
DA:79,0
DA:85,0
DA:86,0
DA:87,0
DA:88,0
DA:89,0
DA:90,0
DA:99,0
DA:100,0
DA:101,0
DA:102,0
DA:106,0
DA:107,0
DA:108,0
DA:109,0
DA:111,0
DA:112,0
DA:113,0
DA:114,0
DA:115,0
DA:118,0
DA:119,0
DA:120,0
DA:121,0
DA:122,0
DA:124,0
DA:125,0
DA:126,0
DA:127,0
DA:128,0
DA:129,0
DA:130,0
DA:132,0
DA:135,0
DA:136,0
DA:137,0
DA:138,0
DA:141,0
DA:142,0
DA:143,0
DA:146,0
DA:147,0
DA:148,0
DA:149,0
DA:150,0
DA:153,0
DA:154,0
DA:155,0
DA:157,0
DA:158,0
DA:159,0
DA:160,0
DA:161,0
DA:162,0
DA:163,0
DA:164,0
DA:165,0
DA:168,0
DA:169,0
DA:170,0
DA:172,0
DA:173,0
DA:174,0
DA:177,0
DA:178,0
DA:179,0
DA:180,0
DA:181,0
DA:182,0
DA:186,0
DA:197,0
DA:200,0
DA:201,0
DA:203,0
DA:204,0
DA:205,0
DA:209,0
DA:210,0
DA:211,0
DA:212,0
DA:214,0
DA:215,0
DA:217,0
DA:219,0
DA:220,0
DA:229,0
DA:239,0
DA:241,0
DA:242,0
DA:244,0
DA:245,0
DA:246,0
DA:252,0
DA:256,1
DA:257,0
DA:258,0
DA:259,0
DA:260,0
DA:261,0
DA:262,0
DA:264,0
DA:265,0
DA:266,0
DA:268,0
DA:269,0
DA:270,0
DA:272,0
DA:277,1
DA:278,0
DA:279,0
DA:280,0
DA:281,0
DA:282,0
DA:283,0
DA:285,0
DA:286,0
DA:287,0
DA:288,0
DA:290,0
DA:291,0
DA:292,0
DA:293,0
DA:294,0
DA:295,0
DA:296,0
DA:297,0
DA:299,0
DA:300,0
DA:308,0
DA:309,0
DA:312,0
DA:313,0
DA:314,0
DA:316,0
DA:317,0
DA:319,0
DA:320,0
DA:324,1
DA:325,0
DA:326,0
DA:327,0
DA:328,0
DA:329,0
DA:330,0
DA:332,0
DA:333,0
DA:334,0
DA:336,0
DA:337,0
DA:338,0
DA:339,0
DA:340,0
DA:341,0
DA:342,0
DA:343,0
DA:345,0
DA:346,0
DA:353,0
DA:354,0
DA:356,0
DA:359,0
DA:360,0
DA:364,1
DA:365,1
DA:367,1
DA:368,0
DA:369,0
DA:370,0
DA:372,0
DA:376,1
DA:377,0
DA:378,0
DA:379,0
DA:380,0
DA:381,0
DA:382,0
DA:384,0
DA:385,0
DA:386,0
DA:389,0
DA:390,0
DA:391,0
DA:392,0
DA:393,0
DA:394,0
DA:396,0
DA:408,0
DA:409,0
DA:410,0
DA:411,0
DA:414,0
DA:415,0
DA:416,0
DA:418,0
DA:419,0
DA:420,0
DA:422,0
DA:423,0
DA:426,0
DA:427,0
DA:428,0
DA:429,0
DA:431,0
DA:434,0
DA:435,0
DA:439,0
DA:441,0
DA:450,0
DA:460,0
DA:469,1
DA:474,1
DA:475,0
DA:478,0
DA:479,0
DA:480,0
DA:481,0
DA:482,0
DA:484,0
DA:486,0
DA:487,0
DA:488,0
DA:489,0
DA:492,0
DA:495,1
DA:496,1
DA:497,0
DA:498,0
DA:499,0
DA:501,0
DA:505,1
DA:506,0
DA:507,0
DA:511,1
DA:513,1
DA:514,0
DA:515,0
DA:519,1
DA:521,1
DA:522,0
DA:523,0
DA:527,1
DA:529,1
DA:530,0
DA:531,0
DA:532,0
DA:533,0
DA:534,0
DA:535,0
DA:536,0
DA:537,0
DA:539,0
DA:540,0
DA:544,1
DA:545,0
DA:546,0
DA:547,0
DA:548,0
DA:549,0
DA:551,0
DA:552,0
DA:553,0
DA:554,0
DA:555,0
DA:556,0
DA:557,0
DA:559,0
DA:560,0
DA:570,0
DA:571,0
DA:575,1
DA:576,0
DA:577,0
DA:581,1
LF:325
LH:51
BRDA:42,0,0,1
BRDA:42,0,1,1
BRDA:44,1,0,0
BRDA:44,1,1,1
BRDA:53,2,0,0
BRDA:53,3,0,0
BRDA:61,4,0,0
BRDA:61,4,1,0
BRDA:62,5,0,0
BRDA:62,5,1,0
BRDA:63,6,0,0
BRDA:63,6,1,0
BRDA:63,7,0,0
BRDA:63,7,1,0
BRDA:64,8,0,0
BRDA:64,8,1,0
BRDA:66,9,0,0
BRDA:66,9,1,0
BRDA:68,10,0,0
BRDA:68,10,1,0
BRDA:71,11,0,0
BRDA:71,11,1,0
BRDA:77,12,0,0
BRDA:77,12,1,0
BRDA:85,13,0,0
BRDA:85,13,1,0
BRDA:92,14,0,0
BRDA:92,14,1,0
BRDA:93,15,0,0
BRDA:93,15,1,0
BRDA:94,16,0,0
BRDA:94,16,1,0
BRDA:95,17,0,0
BRDA:95,17,1,0
BRDA:96,18,0,0
BRDA:96,18,1,0
BRDA:96,19,0,0
BRDA:96,19,1,0
BRDA:97,20,0,0
BRDA:97,20,1,0
BRDA:106,21,0,0
BRDA:106,21,1,0
BRDA:106,22,0,0
BRDA:106,22,1,0
BRDA:112,23,0,0
BRDA:112,23,1,0
BRDA:128,24,0,0
BRDA:128,24,1,0
BRDA:128,25,0,0
BRDA:128,25,1,0
BRDA:135,26,0,0
BRDA:135,26,1,0
BRDA:148,27,0,0
BRDA:148,27,1,0
BRDA:148,28,0,0
BRDA:148,28,1,0
BRDA:160,29,0,0
BRDA:160,29,1,0
BRDA:161,30,0,0
BRDA:161,30,1,0
BRDA:162,31,0,0
BRDA:162,31,1,0
BRDA:162,32,0,0
BRDA:162,32,1,0
BRDA:164,33,0,0
BRDA:164,33,1,0
BRDA:168,34,0,0
BRDA:168,34,1,0
BRDA:170,35,0,0
BRDA:170,35,1,0
BRDA:172,36,0,0
BRDA:172,36,1,0
BRDA:173,37,0,0
BRDA:173,37,1,0
BRDA:178,38,0,0
BRDA:178,38,1,0
BRDA:178,39,0,0
BRDA:178,39,1,0
BRDA:181,40,0,0
BRDA:181,40,1,0
BRDA:188,41,0,0
BRDA:188,41,1,0
BRDA:188,41,2,0
BRDA:190,42,0,0
BRDA:190,42,1,0
BRDA:191,43,0,0
BRDA:191,43,1,0
BRDA:193,44,0,0
BRDA:193,44,1,0
BRDA:193,45,0,0
BRDA:193,45,1,0
BRDA:193,46,0,0
BRDA:193,46,1,0
BRDA:200,47,0,0
BRDA:200,47,1,0
BRDA:203,48,0,0
BRDA:203,48,1,0
BRDA:211,49,0,0
BRDA:211,49,1,0
BRDA:212,50,0,0
BRDA:212,50,1,0
BRDA:241,51,0,0
BRDA:241,51,1,0
BRDA:245,52,0,0
BRDA:245,52,1,0
BRDA:258,53,0,0
BRDA:258,53,1,0
BRDA:260,54,0,0
BRDA:260,54,1,0
BRDA:262,55,0,0
BRDA:262,55,1,0
BRDA:269,56,0,0
BRDA:269,56,1,0
BRDA:279,57,0,0
BRDA:279,57,1,0
BRDA:281,58,0,0
BRDA:281,58,1,0
BRDA:283,59,0,0
BRDA:283,59,1,0
BRDA:292,60,0,0
BRDA:292,60,1,0
BRDA:293,61,0,0
BRDA:293,61,1,0
BRDA:294,62,0,0
BRDA:294,62,1,0
BRDA:294,63,0,0
BRDA:294,63,1,0
BRDA:295,64,0,0
BRDA:295,64,1,0
BRDA:297,65,0,0
BRDA:297,65,1,0
BRDA:299,66,0,0
BRDA:299,66,1,0
BRDA:302,67,0,0
BRDA:302,67,1,0
BRDA:308,68,0,0
BRDA:308,68,1,0
BRDA:326,69,0,0
BRDA:326,69,1,0
BRDA:328,70,0,0
BRDA:328,70,1,0
BRDA:330,71,0,0
BRDA:330,71,1,0
BRDA:338,72,0,0
BRDA:338,72,1,0
BRDA:339,73,0,0
BRDA:339,73,1,0
BRDA:340,74,0,0
BRDA:340,74,1,0
BRDA:340,75,0,0
BRDA:340,75,1,0
BRDA:341,76,0,0
BRDA:341,76,1,0
BRDA:343,77,0,0
BRDA:343,77,1,0
BRDA:345,78,0,0
BRDA:345,78,1,0
BRDA:347,79,0,0
BRDA:347,79,1,0
BRDA:353,80,0,0
BRDA:353,80,1,0
BRDA:367,81,0,0
BRDA:367,81,1,1
BRDA:384,82,0,0
BRDA:384,82,1,0
BRDA:393,83,0,0
BRDA:393,83,1,0
BRDA:398,84,0,0
BRDA:398,84,1,0
BRDA:399,85,0,0
BRDA:399,85,1,0
BRDA:400,86,0,0
BRDA:400,86,1,0
BRDA:401,87,0,0
BRDA:401,87,1,0
BRDA:402,88,0,0
BRDA:402,88,1,0
BRDA:403,89,0,0
BRDA:403,89,1,0
BRDA:404,90,0,0
BRDA:404,90,1,0
BRDA:428,91,0,0
BRDA:428,91,1,0
BRDA:469,92,0,1
BRDA:469,92,1,0
BRDA:474,93,0,0
BRDA:474,93,1,1
BRDA:480,94,0,0
BRDA:480,94,1,0
BRDA:495,95,0,1
BRDA:495,95,1,0
BRDA:497,96,0,0
BRDA:497,96,1,0
BRDA:501,97,0,0
BRDA:501,97,1,0
BRDA:505,98,0,0
BRDA:505,98,1,1
BRDA:513,99,0,0
BRDA:513,99,1,1
BRDA:521,100,0,0
BRDA:521,100,1,1
BRDA:531,101,0,0
BRDA:531,101,1,0
BRDA:533,102,0,0
BRDA:533,102,1,0
BRDA:535,103,0,0
BRDA:535,103,1,0
BRDA:535,104,0,0
BRDA:535,104,1,0
BRDA:547,105,0,0
BRDA:547,105,1,0
BRDA:552,106,0,0
BRDA:552,106,1,0
BRDA:555,107,0,0
BRDA:555,107,1,0
BRDA:565,108,0,0
BRDA:565,108,1,0
BRDA:566,109,0,0
BRDA:566,109,1,0
BRDA:575,110,0,0
BRDA:575,110,1,1
BRF:221
BRH:11
end_of_record
TN:
SF:models\DeletedUser.js
FNF:0
FNH:0
DA:1,1
DA:2,1
DA:4,1
DA:17,1
DA:19,1
LF:5
LH:5
BRF:0
BRH:0
end_of_record
TN:
SF:models\Device.js
FNF:0
FNH:0
DA:1,1
DA:2,1
DA:4,1
DA:23,1
LF:4
LH:4
BRF:0
BRH:0
end_of_record
TN:
SF:models\ExportHistory
FNF:0
FNH:0
DA:1,1
DA:2,1
DA:4,1
DA:13,1
LF:4
LH:4
BRF:0
BRH:0
end_of_record
TN:
SF:models\RentalHistory.js
FNF:0
FNH:0
DA:1,1
DA:2,1
DA:4,1
DA:21,1
DA:23,1
LF:5
LH:5
BRF:0
BRH:0
end_of_record
TN:
SF:models\User.js
FN:16,(anonymous_0)
FN:44,(anonymous_1)
FN:50,(anonymous_2)
FNF:3
FNH:1
FNDA:1,(anonymous_0)
FNDA:0,(anonymous_1)
FNDA:0,(anonymous_2)
DA:1,1
DA:2,1
DA:3,1
DA:5,1
DA:16,1
DA:17,1
DA:20,1
DA:21,1
DA:22,1
DA:26,1
DA:27,1
DA:28,0
DA:29,0
DA:30,0
DA:31,0
DA:35,1
DA:36,1
DA:38,0
DA:41,1
DA:44,1
DA:45,0
DA:49,1
DA:51,0
DA:52,0
DA:53,0
DA:54,0
DA:55,0
DA:56,0
DA:57,0
DA:58,0
DA:59,0
DA:60,0
DA:64,1
LF:33
LH:17
BRDA:20,0,0,1
BRDA:20,0,1,0
BRDA:26,1,0,1
BRDA:26,1,1,0
BRDA:27,2,0,1
BRDA:27,2,1,0
BRDA:28,3,0,0
BRDA:28,3,1,0
BRDA:29,4,0,0
BRDA:29,4,1,0
BRDA:30,5,0,0
BRDA:30,5,1,0
BRDA:31,6,0,0
BRDA:31,6,1,0
BRDA:35,7,0,1
BRDA:35,7,1,0
BRF:16
BRH:4
end_of_record
TN:
SF:routes\auth.js
FN:7,(anonymous_0)
FN:51,(anonymous_1)
FN:67,(anonymous_2)
FN:92,(anonymous_3)
FNF:4
FNH:0
FNDA:0,(anonymous_0)
FNDA:0,(anonymous_1)
FNDA:0,(anonymous_2)
FNDA:0,(anonymous_3)
DA:1,1
DA:2,1
DA:3,1
DA:4,1
DA:5,1
DA:7,1
DA:8,0
DA:9,0
DA:10,0
DA:11,0
DA:13,0
DA:14,0
DA:16,0
DA:17,0
DA:19,0
DA:20,0
DA:23,0
DA:24,0
DA:25,0
DA:28,0
DA:29,0
DA:31,0
DA:40,0
DA:41,0
DA:42,0
DA:44,0
DA:46,0
DA:47,0
DA:51,1
DA:52,0
DA:53,0
DA:54,0
DA:55,0
DA:56,0
DA:57,0
DA:59,0
DA:61,0
DA:62,0
DA:67,1
DA:68,0
DA:69,0
DA:70,0
DA:71,0
DA:72,0
DA:73,0
DA:74,0
DA:76,0
DA:77,0
DA:79,0
DA:80,0
DA:82,0
DA:83,0
DA:84,0
DA:85,0
DA:87,0
DA:88,0
DA:92,1
DA:93,0
DA:94,0
DA:95,0
DA:96,0
DA:97,0
DA:98,0
DA:99,0
DA:100,0
DA:101,0
DA:102,0
DA:109,0
DA:110,0
DA:112,0
DA:113,0
DA:114,0
DA:115,0
DA:116,0
DA:118,0
DA:122,1
LF:76
LH:10
BRDA:5,0,0,1
BRDA:5,0,1,0
BRDA:10,1,0,0
BRDA:10,1,1,0
BRDA:10,2,0,0
BRDA:10,2,1,0
BRDA:10,2,2,0
BRDA:10,2,3,0
BRDA:10,2,4,0
BRDA:10,2,5,0
BRDA:13,3,0,0
BRDA:13,3,1,0
BRDA:13,4,0,0
BRDA:13,4,1,0
BRDA:16,5,0,0
BRDA:16,5,1,0
BRDA:16,6,0,0
BRDA:16,6,1,0
BRDA:19,7,0,0
BRDA:19,7,1,0
BRDA:25,8,0,0
BRDA:25,8,1,0
BRDA:56,9,0,0
BRDA:56,9,1,0
BRDA:73,10,0,0
BRDA:73,10,1,0
BRDA:76,11,0,0
BRDA:76,11,1,0
BRDA:79,12,0,0
BRDA:79,12,1,0
BRDA:83,13,0,0
BRDA:83,13,1,0
BRDA:95,14,0,0
BRDA:95,14,1,0
BRDA:101,15,0,0
BRDA:101,15,1,0
BRDA:106,16,0,0
BRDA:106,16,1,0
BRDA:107,17,0,0
BRDA:107,17,1,0
BRDA:115,18,0,0
BRDA:115,18,1,0
BRF:42
BRH:1
end_of_record
TN:
SF:routes\devices.js
FN:30,(anonymous_0)
FN:49,(anonymous_1)
FN:70,(anonymous_2)
FN:87,(anonymous_3)
FN:104,(anonymous_4)
FN:112,(anonymous_5)
FN:124,(anonymous_6)
FN:139,(anonymous_7)
FN:183,(anonymous_8)
FN:208,(anonymous_9)
FN:229,(anonymous_10)
FN:296,(anonymous_11)
FN:342,(anonymous_12)
FN:360,(anonymous_13)
FN:369,(anonymous_14)
FN:383,(anonymous_15)
FN:403,(anonymous_16)
FN:414,(anonymous_17)
FN:429,(anonymous_18)
FN:449,(anonymous_19)
FN:468,(anonymous_20)
FN:523,(anonymous_21)
FNF:22
FNH:0
FNDA:0,(anonymous_0)
FNDA:0,(anonymous_1)
FNDA:0,(anonymous_2)
FNDA:0,(anonymous_3)
FNDA:0,(anonymous_4)
FNDA:0,(anonymous_5)
FNDA:0,(anonymous_6)
FNDA:0,(anonymous_7)
FNDA:0,(anonymous_8)
FNDA:0,(anonymous_9)
FNDA:0,(anonymous_10)
FNDA:0,(anonymous_11)
FNDA:0,(anonymous_12)
FNDA:0,(anonymous_13)
FNDA:0,(anonymous_14)
FNDA:0,(anonymous_15)
FNDA:0,(anonymous_16)
FNDA:0,(anonymous_17)
FNDA:0,(anonymous_18)
FNDA:0,(anonymous_19)
FNDA:0,(anonymous_20)
FNDA:0,(anonymous_21)
DA:1,1
DA:2,1
DA:3,1
DA:4,1
DA:5,1
DA:6,1
DA:7,1
DA:8,1
DA:9,1
DA:10,1
DA:11,1
DA:12,1
DA:14,1
DA:15,1
DA:16,1
DA:17,1
DA:18,1
DA:20,1
DA:21,0
DA:22,0
DA:23,0
DA:25,0
DA:30,1
DA:31,0
DA:32,0
DA:33,0
DA:34,0
DA:35,0
DA:36,0
DA:43,0
DA:44,0
DA:49,1
DA:50,0
DA:51,0
DA:52,0
DA:53,0
DA:62,0
DA:64,0
DA:65,0
DA:70,1
DA:71,0
DA:72,0
DA:74,0
DA:75,0
DA:76,0
DA:77,0
DA:79,0
DA:80,0
DA:82,0
DA:87,1
DA:88,0
DA:89,0
DA:91,0
DA:92,0
DA:93,0
DA:94,0
DA:96,0
DA:97,0
DA:99,0
DA:104,1
DA:105,0
DA:106,0
DA:108,0
DA:112,1
DA:113,0
DA:114,0
DA:115,0
DA:116,0
DA:118,0
DA:119,0
DA:124,1
DA:125,0
DA:126,0
DA:127,0
DA:128,0
DA:129,0
DA:130,0
DA:131,0
DA:132,0
DA:134,0
DA:135,0
DA:138,0
DA:139,0
DA:140,0
DA:141,0
DA:142,0
DA:143,0
DA:145,0
DA:157,0
DA:158,0
DA:159,0
DA:160,0
DA:163,0
DA:164,0
DA:165,0
DA:167,0
DA:168,0
DA:169,0
DA:171,0
DA:172,0
DA:175,0
DA:176,0
DA:177,0
DA:178,0
DA:180,0
DA:183,0
DA:184,0
DA:188,0
DA:190,0
DA:200,0
DA:202,0
DA:203,0
DA:208,1
DA:209,0
DA:210,0
DA:211,0
DA:212,0
DA:213,0
DA:214,0
DA:215,0
DA:216,0
DA:217,0
DA:218,0
DA:219,0
DA:220,0
DA:221,0
DA:224,0
DA:225,0
DA:226,0
DA:228,0
DA:229,0
DA:230,0
DA:231,0
DA:232,0
DA:233,0
DA:235,0
DA:247,0
DA:249,0
DA:250,0
DA:251,0
DA:252,0
DA:255,0
DA:256,0
DA:257,0
DA:260,0
DA:263,0
DA:264,0
DA:265,0
DA:266,0
DA:267,0
DA:268,0
DA:270,0
DA:271,0
DA:275,0
DA:276,0
DA:286,0
DA:287,0
DA:288,0
DA:290,0
DA:291,0
DA:296,1
DA:297,0
DA:298,0
DA:299,0
DA:301,0
DA:302,0
DA:303,0
DA:305,0
DA:306,0
DA:307,0
DA:308,0
DA:311,0
DA:312,0
DA:313,0
DA:315,0
DA:316,0
DA:320,0
DA:321,0
DA:332,0
DA:333,0
DA:334,0
DA:336,0
DA:337,0
DA:342,1
DA:343,0
DA:344,0
DA:345,0
DA:346,0
DA:347,0
DA:348,0
DA:349,0
DA:350,0
DA:352,0
DA:356,0
DA:358,0
DA:359,0
DA:360,0
DA:361,0
DA:363,0
DA:364,0
DA:369,1
DA:370,0
DA:371,0
DA:372,0
DA:373,0
DA:375,0
DA:377,0
DA:378,0
DA:383,1
DA:384,0
DA:385,0
DA:386,0
DA:387,0
DA:389,0
DA:396,0
DA:397,0
DA:399,0
DA:403,1
DA:404,0
DA:405,0
DA:406,0
DA:407,0
DA:408,0
DA:410,0
DA:414,1
DA:415,0
DA:416,0
DA:417,0
DA:418,0
DA:419,0
DA:420,0
DA:421,0
DA:422,0
DA:424,0
DA:429,1
DA:430,0
DA:431,0
DA:433,0
DA:434,0
DA:435,0
DA:436,0
DA:437,0
DA:439,0
DA:441,0
DA:442,0
DA:444,0
DA:449,1
DA:450,0
DA:451,0
DA:453,0
DA:454,0
DA:455,0
DA:456,0
DA:457,0
DA:459,0
DA:461,0
DA:462,0
DA:464,0
DA:468,1
DA:469,0
DA:470,0
DA:472,0
DA:473,0
DA:474,0
DA:479,0
DA:480,0
DA:481,0
DA:482,0
DA:483,0
DA:484,0
DA:485,0
DA:486,0
DA:489,0
DA:490,0
DA:491,0
DA:492,0
DA:495,0
DA:496,0
DA:497,0
DA:498,0
DA:499,0
DA:504,0
DA:513,0
DA:514,0
DA:516,0
DA:517,0
DA:519,0
DA:523,1
DA:524,0
DA:525,0
DA:527,0
DA:528,0
DA:529,0
DA:534,0
DA:535,0
DA:536,0
DA:537,0
DA:538,0
DA:539,0
DA:540,0
DA:541,0
DA:542,0
DA:543,0
DA:544,0
DA:545,0
DA:548,0
DA:549,0
DA:552,0
DA:557,0
DA:558,0
DA:566,0
DA:567,0
DA:568,0
DA:569,0
DA:570,0
DA:571,0
DA:572,0
DA:573,0
DA:574,0
DA:576,0
DA:577,0
DA:578,0
DA:580,0
DA:584,1
LF:324
LH:37
BRDA:14,0,0,1
BRDA:14,0,1,0
BRDA:17,1,0,1
BRDA:17,1,1,1
BRDA:18,2,0,1
BRDA:18,2,1,1
BRDA:20,3,0,0
BRDA:20,3,1,1
BRDA:54,4,0,0
BRDA:54,4,1,0
BRDA:58,5,0,0
BRDA:58,5,1,0
BRDA:60,6,0,0
BRDA:60,6,1,0
BRDA:72,7,0,0
BRDA:72,7,1,0
BRDA:79,8,0,0
BRDA:79,8,1,0
BRDA:89,9,0,0
BRDA:89,9,1,0
BRDA:96,10,0,0
BRDA:96,10,1,0
BRDA:105,11,0,0
BRDA:105,11,1,0
BRDA:105,12,0,0
BRDA:105,12,1,0
BRDA:105,12,2,0
BRDA:128,13,0,0
BRDA:128,13,1,0
BRDA:128,14,0,0
BRDA:128,14,1,0
BRDA:134,15,0,0
BRDA:134,15,1,0
BRDA:142,16,0,0
BRDA:142,16,1,0
BRDA:147,17,0,0
BRDA:147,17,1,0
BRDA:148,18,0,0
BRDA:148,18,1,0
BRDA:149,19,0,0
BRDA:149,19,1,0
BRDA:150,20,0,0
BRDA:150,20,1,0
BRDA:151,21,0,0
BRDA:151,21,1,0
BRDA:152,22,0,0
BRDA:152,22,1,0
BRDA:153,23,0,0
BRDA:153,23,1,0
BRDA:177,24,0,0
BRDA:177,24,1,0
BRDA:203,25,0,0
BRDA:203,25,1,0
BRDA:203,26,0,0
BRDA:203,26,1,0
BRDA:212,27,0,0
BRDA:212,27,1,0
BRDA:216,28,0,0
BRDA:216,28,1,0
BRDA:220,29,0,0
BRDA:220,29,1,0
BRDA:220,30,0,0
BRDA:220,30,1,0
BRDA:220,30,2,0
BRDA:232,31,0,0
BRDA:232,31,1,0
BRDA:237,32,0,0
BRDA:237,32,1,0
BRDA:238,33,0,0
BRDA:238,33,1,0
BRDA:239,34,0,0
BRDA:239,34,1,0
BRDA:240,35,0,0
BRDA:240,35,1,0
BRDA:241,36,0,0
BRDA:241,36,1,0
BRDA:242,37,0,0
BRDA:242,37,1,0
BRDA:243,38,0,0
BRDA:243,38,1,0
BRDA:255,39,0,0
BRDA:255,39,1,0
BRDA:326,40,0,0
BRDA:326,40,1,0
BRDA:346,41,0,0
BRDA:346,41,1,0
BRDA:346,42,0,0
BRDA:346,42,1,0
BRDA:349,43,0,0
BRDA:349,43,1,0
BRDA:349,44,0,0
BRDA:349,44,1,0
BRDA:372,45,0,0
BRDA:372,45,1,0
BRDA:387,46,0,0
BRDA:387,46,1,0
BRDA:393,47,0,0
BRDA:393,47,1,0
BRDA:394,48,0,0
BRDA:394,48,1,0
BRDA:407,49,0,0
BRDA:407,49,1,0
BRDA:415,50,0,0
BRDA:418,51,0,0
BRDA:418,51,1,0
BRDA:431,52,0,0
BRDA:431,52,1,0
BRDA:436,53,0,0
BRDA:436,53,1,0
BRDA:436,54,0,0
BRDA:436,54,1,0
BRDA:441,55,0,0
BRDA:441,55,1,0
BRDA:451,56,0,0
BRDA:451,56,1,0
BRDA:456,57,0,0
BRDA:456,57,1,0
BRDA:456,58,0,0
BRDA:456,58,1,0
BRDA:461,59,0,0
BRDA:461,59,1,0
BRDA:470,60,0,0
BRDA:470,60,1,0
BRDA:473,61,0,0
BRDA:473,61,1,0
BRDA:481,62,0,0
BRDA:483,63,0,0
BRDA:483,63,1,0
BRDA:484,64,0,0
BRDA:484,64,1,0
BRDA:485,65,0,0
BRDA:485,65,1,0
BRDA:486,66,0,0
BRDA:486,66,1,0
BRDA:490,67,0,0
BRDA:490,67,1,0
BRDA:491,68,0,0
BRDA:491,68,1,0
BRDA:491,69,0,0
BRDA:491,69,1,0
BRDA:491,69,2,0
BRDA:491,69,3,0
BRDA:516,70,0,0
BRDA:516,70,1,0
BRDA:525,71,0,0
BRDA:525,71,1,0
BRDA:528,72,0,0
BRDA:528,72,1,0
BRDA:536,73,0,0
BRDA:536,74,0,0
BRDA:539,75,0,0
BRDA:539,75,1,0
BRDA:541,76,0,0
BRDA:541,76,1,0
BRDA:543,77,0,0
BRDA:543,77,1,0
BRDA:544,78,0,0
BRDA:544,78,1,0
BRDA:544,79,0,0
BRDA:544,79,1,0
BRDA:544,79,2,0
BRDA:544,79,3,0
BRDA:548,80,0,0
BRDA:548,80,1,0
BRDA:577,81,0,0
BRDA:577,81,1,0
BRF:166
BRH:6
end_of_record
TN:
SF:routes\middleware.js
FN:6,(anonymous_0)
FNF:1
FNH:0
FNDA:0,(anonymous_0)
DA:1,1
DA:2,1
DA:3,1
DA:4,1
DA:6,1
DA:7,0
DA:8,0
DA:9,0
DA:10,0
DA:11,0
DA:12,0
DA:13,0
DA:14,0
DA:15,0
DA:18,0
DA:23,0
DA:25,0
DA:26,0
DA:30,1
LF:19
LH:6
BRDA:4,0,0,1
BRDA:4,0,1,0
BRDA:8,1,0,0
BRDA:8,1,1,0
BRDA:14,2,0,0
BRDA:14,2,1,0
BRDA:14,3,0,0
BRDA:14,3,1,0
BRDA:21,4,0,0
BRDA:21,4,1,0
BRF:10
BRH:1
end_of_record
TN:
SF:routes\admin\approve.js
FN:6,(anonymous_0)
FN:11,(anonymous_1)
FN:23,(anonymous_2)
FN:43,(anonymous_3)
FNF:4
FNH:0
FNDA:0,(anonymous_0)
FNDA:0,(anonymous_1)
FNDA:0,(anonymous_2)
FNDA:0,(anonymous_3)
DA:1,1
DA:2,1
DA:3,1
DA:4,1
DA:6,1
DA:7,0
DA:8,0
DA:9,0
DA:10,0
DA:11,0
DA:18,0
DA:19,0
DA:23,1
DA:24,0
DA:25,0
DA:26,0
DA:27,0
DA:30,0
DA:35,0
DA:36,0
DA:38,0
DA:39,0
DA:43,1
DA:44,0
DA:45,0
DA:46,0
DA:47,0
DA:48,0
DA:50,0
DA:51,0
DA:55,1
LF:31
LH:8
BRDA:15,0,0,0
BRDA:15,0,1,0
BRDA:27,1,0,0
BRDA:27,1,1,0
BRDA:47,2,0,0
BRDA:47,2,1,0
BRF:6
BRH:0
end_of_record
TN:
SF:routes\admin\users.js
FN:7,(anonymous_0)
FN:12,(anonymous_1)
FN:24,(anonymous_2)
FN:29,(anonymous_3)
FN:43,(anonymous_4)
FN:62,(anonymous_5)
FN:88,(anonymous_6)
FNF:7
FNH:0
FNDA:0,(anonymous_0)
FNDA:0,(anonymous_1)
FNDA:0,(anonymous_2)
FNDA:0,(anonymous_3)
FNDA:0,(anonymous_4)
FNDA:0,(anonymous_5)
FNDA:0,(anonymous_6)
DA:1,1
DA:2,1
DA:3,1
DA:4,1
DA:5,1
DA:7,1
DA:8,0
DA:9,0
DA:10,0
DA:11,0
DA:12,0
DA:19,0
DA:20,0
DA:24,1
DA:25,0
DA:26,0
DA:27,0
DA:28,0
DA:29,0
DA:38,0
DA:39,0
DA:43,1
DA:44,0
DA:45,0
DA:46,0
DA:47,0
DA:49,0
DA:54,0
DA:55,0
DA:57,0
DA:58,0
DA:62,1
DA:63,0
DA:64,0
DA:65,0
DA:66,0
DA:68,0
DA:80,0
DA:81,0
DA:83,0
DA:84,0
DA:88,1
DA:89,0
DA:90,0
DA:91,0
DA:92,0
DA:94,0
DA:95,0
DA:96,0
DA:98,0
DA:110,0
DA:111,0
DA:113,0
DA:114,0
DA:118,1
LF:55
LH:11
BRDA:16,0,0,0
BRDA:16,0,1,0
BRDA:33,1,0,0
BRDA:33,1,1,0
BRDA:47,2,0,0
BRDA:47,2,1,0
BRDA:66,3,0,0
BRDA:66,3,1,0
BRDA:77,4,0,0
BRDA:77,4,1,0
BRDA:94,5,0,0
BRDA:94,5,1,0
BRDA:95,6,0,0
BRDA:95,6,1,0
BRDA:96,7,0,0
BRDA:96,7,1,0
BRDA:107,8,0,0
BRDA:107,8,1,0
BRF:18
BRH:0
end_of_record
TN:
SF:utils\auth.js
FN:3,(anonymous_0)
FNF:1
FNH:0
FNDA:0,(anonymous_0)
DA:1,1
DA:3,1
DA:4,0
DA:5,0
DA:7,0
DA:11,1
LF:6
LH:3
BRF:0
BRH:0
end_of_record
