{"C:\\Users\\GAMEDEX\\Projects\\DEVICERENTALAPI\\backend\\server.js": {"path":"C:\\Users\\GAMEDEX\\Projects\\DEVICERENTALAPI\\backend\\server.js","statementMap":{"0":{"start":{"line":1,"column":0},"end":{"line":1,"column":27}},"1":{"start":{"line":2,"column":16},"end":{"line":2,"column":34}},"2":{"start":{"line":3,"column":13},"end":{"line":3,"column":28}},"3":{"start":{"line":4,"column":13},"end":{"line":4,"column":28}},"4":{"start":{"line":5,"column":17},"end":{"line":5,"column":36}},"5":{"start":{"line":6,"column":12},"end":{"line":6,"column":35}},"6":{"start":{"line":7,"column":24},"end":{"line":7,"column":47}},"7":{"start":{"line":8,"column":22},"end":{"line":8,"column":55}},"8":{"start":{"line":9,"column":22},"end":{"line":9,"column":55}},"9":{"start":{"line":10,"column":15},"end":{"line":10,"column":41}},"10":{"start":{"line":11,"column":13},"end":{"line":11,"column":37}},"11":{"start":{"line":12,"column":11},"end":{"line":12,"column":24}},"12":{"start":{"line":13,"column":13},"end":{"line":13,"column":28}},"13":{"start":{"line":15,"column":12},"end":{"line":15,"column":21}},"14":{"start":{"line":17,"column":0},"end":{"line":22,"column":4}},"15":{"start":{"line":23,"column":0},"end":{"line":23,"column":24}},"16":{"start":{"line":24,"column":0},"end":{"line":24,"column":48}},"17":{"start":{"line":26,"column":12},"end":{"line":26,"column":68}},"18":{"start":{"line":28,"column":0},"end":{"line":31,"column":3}},"19":{"start":{"line":29,"column":2},"end":{"line":29,"column":64}},"20":{"start":{"line":30,"column":2},"end":{"line":30,"column":9}},"21":{"start":{"line":34,"column":19},"end":{"line":34,"column":84}},"22":{"start":{"line":35,"column":21},"end":{"line":35,"column":89}},"23":{"start":{"line":36,"column":22},"end":{"line":36,"column":96}},"24":{"start":{"line":37,"column":20},"end":{"line":37,"column":92}},"25":{"start":{"line":39,"column":0},"end":{"line":44,"column":1}},"26":{"start":{"line":40,"column":2},"end":{"line":40,"column":35}},"27":{"start":{"line":41,"column":2},"end":{"line":41,"column":40}},"28":{"start":{"line":42,"column":2},"end":{"line":42,"column":39}},"29":{"start":{"line":43,"column":2},"end":{"line":43,"column":37}},"30":{"start":{"line":46,"column":0},"end":{"line":46,"column":72}},"31":{"start":{"line":48,"column":19},"end":{"line":48,"column":91}},"32":{"start":{"line":50,"column":0},"end":{"line":57,"column":1}},"33":{"start":{"line":51,"column":2},"end":{"line":56,"column":3}},"34":{"start":{"line":52,"column":4},"end":{"line":52,"column":50}},"35":{"start":{"line":53,"column":4},"end":{"line":53,"column":50}},"36":{"start":{"line":55,"column":4},"end":{"line":55,"column":62}},"37":{"start":{"line":59,"column":20},"end":{"line":260,"column":1}},"38":{"start":{"line":60,"column":2},"end":{"line":259,"column":3}},"39":{"start":{"line":61,"column":20},"end":{"line":61,"column":39}},"40":{"start":{"line":62,"column":27},"end":{"line":62,"column":29}},"41":{"start":{"line":63,"column":26},"end":{"line":63,"column":35}},"42":{"start":{"line":65,"column":4},"end":{"line":81,"column":7}},"43":{"start":{"line":66,"column":21},"end":{"line":66,"column":23}},"44":{"start":{"line":67,"column":6},"end":{"line":67,"column":68}},"45":{"start":{"line":67,"column":32},"end":{"line":67,"column":68}},"46":{"start":{"line":68,"column":6},"end":{"line":68,"column":56}},"47":{"start":{"line":68,"column":26},"end":{"line":68,"column":56}},"48":{"start":{"line":69,"column":6},"end":{"line":69,"column":105}},"49":{"start":{"line":69,"column":73},"end":{"line":69,"column":105}},"50":{"start":{"line":70,"column":6},"end":{"line":71,"column":50}},"51":{"start":{"line":70,"column":50},"end":{"line":70,"column":88}},"52":{"start":{"line":71,"column":11},"end":{"line":71,"column":50}},"53":{"start":{"line":72,"column":6},"end":{"line":72,"column":88}},"54":{"start":{"line":72,"column":41},"end":{"line":72,"column":88}},"55":{"start":{"line":74,"column":6},"end":{"line":80,"column":7}},"56":{"start":{"line":75,"column":8},"end":{"line":79,"column":11}},"57":{"start":{"line":83,"column":4},"end":{"line":89,"column":5}},"58":{"start":{"line":84,"column":6},"end":{"line":84,"column":52}},"59":{"start":{"line":85,"column":6},"end":{"line":88,"column":10}},"60":{"start":{"line":91,"column":4},"end":{"line":109,"column":5}},"61":{"start":{"line":92,"column":6},"end":{"line":92,"column":56}},"62":{"start":{"line":93,"column":25},"end":{"line":93,"column":84}},"63":{"start":{"line":94,"column":25},"end":{"line":94,"column":75}},"64":{"start":{"line":95,"column":17},"end":{"line":95,"column":38}},"65":{"start":{"line":96,"column":17},"end":{"line":104,"column":10}},"66":{"start":{"line":96,"column":60},"end":{"line":104,"column":7}},"67":{"start":{"line":105,"column":6},"end":{"line":105,"column":54}},"68":{"start":{"line":106,"column":21},"end":{"line":106,"column":73}},"69":{"start":{"line":107,"column":6},"end":{"line":107,"column":43}},"70":{"start":{"line":108,"column":6},"end":{"line":108,"column":44}},"71":{"start":{"line":112,"column":4},"end":{"line":150,"column":5}},"72":{"start":{"line":113,"column":6},"end":{"line":113,"column":53}},"73":{"start":{"line":114,"column":6},"end":{"line":114,"column":43}},"74":{"start":{"line":115,"column":6},"end":{"line":115,"column":34}},"75":{"start":{"line":117,"column":20},"end":{"line":117,"column":85}},"76":{"start":{"line":117,"column":62},"end":{"line":117,"column":84}},"77":{"start":{"line":118,"column":6},"end":{"line":122,"column":7}},"78":{"start":{"line":119,"column":8},"end":{"line":119,"column":71}},"79":{"start":{"line":120,"column":8},"end":{"line":120,"column":60}},"80":{"start":{"line":121,"column":8},"end":{"line":121,"column":15}},"81":{"start":{"line":124,"column":25},"end":{"line":124,"column":29}},"82":{"start":{"line":125,"column":6},"end":{"line":139,"column":7}},"83":{"start":{"line":126,"column":22},"end":{"line":126,"column":75}},"84":{"start":{"line":127,"column":22},"end":{"line":127,"column":75}},"85":{"start":{"line":128,"column":8},"end":{"line":128,"column":29}},"86":{"start":{"line":130,"column":25},"end":{"line":130,"column":52}},"87":{"start":{"line":131,"column":29},"end":{"line":131,"column":52}},"88":{"start":{"line":132,"column":26},"end":{"line":132,"column":73}},"89":{"start":{"line":133,"column":31},"end":{"line":133,"column":66}},"90":{"start":{"line":134,"column":8},"end":{"line":137,"column":9}},"91":{"start":{"line":135,"column":10},"end":{"line":135,"column":30}},"92":{"start":{"line":136,"column":10},"end":{"line":136,"column":16}},"93":{"start":{"line":138,"column":8},"end":{"line":138,"column":54}},"94":{"start":{"line":141,"column":6},"end":{"line":145,"column":7}},"95":{"start":{"line":142,"column":8},"end":{"line":142,"column":79}},"96":{"start":{"line":143,"column":8},"end":{"line":143,"column":39}},"97":{"start":{"line":144,"column":8},"end":{"line":144,"column":15}},"98":{"start":{"line":147,"column":6},"end":{"line":147,"column":59}},"99":{"start":{"line":148,"column":6},"end":{"line":148,"column":64}},"100":{"start":{"line":149,"column":6},"end":{"line":149,"column":47}},"101":{"start":{"line":152,"column":4},"end":{"line":152,"column":52}},"102":{"start":{"line":153,"column":4},"end":{"line":153,"column":49}},"103":{"start":{"line":154,"column":4},"end":{"line":157,"column":5}},"104":{"start":{"line":155,"column":6},"end":{"line":155,"column":61}},"105":{"start":{"line":156,"column":6},"end":{"line":156,"column":13}},"106":{"start":{"line":159,"column":28},"end":{"line":159,"column":30}},"107":{"start":{"line":160,"column":30},"end":{"line":160,"column":32}},"108":{"start":{"line":161,"column":29},"end":{"line":161,"column":38}},"109":{"start":{"line":163,"column":4},"end":{"line":204,"column":7}},"110":{"start":{"line":164,"column":6},"end":{"line":164,"column":58}},"111":{"start":{"line":165,"column":21},"end":{"line":165,"column":23}},"112":{"start":{"line":166,"column":6},"end":{"line":166,"column":65}},"113":{"start":{"line":166,"column":29},"end":{"line":166,"column":65}},"114":{"start":{"line":167,"column":6},"end":{"line":167,"column":58}},"115":{"start":{"line":167,"column":28},"end":{"line":167,"column":58}},"116":{"start":{"line":168,"column":6},"end":{"line":173,"column":7}},"117":{"start":{"line":169,"column":24},"end":{"line":169,"column":78}},"118":{"start":{"line":170,"column":8},"end":{"line":172,"column":9}},"119":{"start":{"line":171,"column":10},"end":{"line":171,"column":42}},"120":{"start":{"line":174,"column":6},"end":{"line":175,"column":50}},"121":{"start":{"line":174,"column":50},"end":{"line":174,"column":88}},"122":{"start":{"line":175,"column":11},"end":{"line":175,"column":50}},"123":{"start":{"line":176,"column":6},"end":{"line":176,"column":91}},"124":{"start":{"line":176,"column":44},"end":{"line":176,"column":91}},"125":{"start":{"line":178,"column":6},"end":{"line":181,"column":7}},"126":{"start":{"line":179,"column":8},"end":{"line":179,"column":91}},"127":{"start":{"line":180,"column":8},"end":{"line":180,"column":15}},"128":{"start":{"line":183,"column":21},"end":{"line":183,"column":25}},"129":{"start":{"line":184,"column":6},"end":{"line":190,"column":7}},"130":{"start":{"line":185,"column":24},"end":{"line":185,"column":78}},"131":{"start":{"line":186,"column":8},"end":{"line":186,"column":37}},"132":{"start":{"line":187,"column":8},"end":{"line":189,"column":9}},"133":{"start":{"line":188,"column":10},"end":{"line":188,"column":26}},"134":{"start":{"line":192,"column":24},"end":{"line":201,"column":7}},"135":{"start":{"line":203,"column":6},"end":{"line":203,"column":38}},"136":{"start":{"line":206,"column":4},"end":{"line":208,"column":5}},"137":{"start":{"line":207,"column":6},"end":{"line":207,"column":61}},"138":{"start":{"line":209,"column":4},"end":{"line":212,"column":5}},"139":{"start":{"line":210,"column":6},"end":{"line":210,"column":40}},"140":{"start":{"line":211,"column":6},"end":{"line":211,"column":13}},"141":{"start":{"line":215,"column":4},"end":{"line":222,"column":5}},"142":{"start":{"line":216,"column":6},"end":{"line":216,"column":76}},"143":{"start":{"line":217,"column":6},"end":{"line":217,"column":63}},"144":{"start":{"line":218,"column":6},"end":{"line":218,"column":78}},"145":{"start":{"line":218,"column":56},"end":{"line":218,"column":70}},"146":{"start":{"line":220,"column":6},"end":{"line":220,"column":57}},"147":{"start":{"line":221,"column":6},"end":{"line":221,"column":24}},"148":{"start":{"line":223,"column":4},"end":{"line":223,"column":60}},"149":{"start":{"line":225,"column":4},"end":{"line":225,"column":74}},"150":{"start":{"line":226,"column":4},"end":{"line":234,"column":7}},"151":{"start":{"line":235,"column":4},"end":{"line":243,"column":7}},"152":{"start":{"line":245,"column":4},"end":{"line":245,"column":18}},"153":{"start":{"line":247,"column":4},"end":{"line":249,"column":5}},"154":{"start":{"line":248,"column":6},"end":{"line":248,"column":18}},"155":{"start":{"line":250,"column":4},"end":{"line":250,"column":77}},"156":{"start":{"line":251,"column":4},"end":{"line":257,"column":5}},"157":{"start":{"line":252,"column":6},"end":{"line":256,"column":11}},"158":{"start":{"line":252,"column":65},"end":{"line":256,"column":7}},"159":{"start":{"line":258,"column":4},"end":{"line":258,"column":16}},"160":{"start":{"line":262,"column":0},"end":{"line":281,"column":3}},"161":{"start":{"line":263,"column":16},"end":{"line":263,"column":56}},"162":{"start":{"line":264,"column":2},"end":{"line":264,"column":76}},"163":{"start":{"line":264,"column":14},"end":{"line":264,"column":76}},"164":{"start":{"line":265,"column":2},"end":{"line":280,"column":3}},"165":{"start":{"line":266,"column":20},"end":{"line":266,"column":86}},"166":{"start":{"line":267,"column":17},"end":{"line":267,"column":70}},"167":{"start":{"line":268,"column":4},"end":{"line":268,"column":81}},"168":{"start":{"line":268,"column":15},"end":{"line":268,"column":81}},"169":{"start":{"line":270,"column":27},"end":{"line":270,"column":35}},"170":{"start":{"line":271,"column":4},"end":{"line":271,"column":41}},"171":{"start":{"line":272,"column":4},"end":{"line":272,"column":61}},"172":{"start":{"line":274,"column":4},"end":{"line":274,"column":57}},"173":{"start":{"line":275,"column":4},"end":{"line":279,"column":5}},"174":{"start":{"line":276,"column":6},"end":{"line":276,"column":54}},"175":{"start":{"line":278,"column":6},"end":{"line":278,"column":78}},"176":{"start":{"line":283,"column":0},"end":{"line":328,"column":3}},"177":{"start":{"line":284,"column":16},"end":{"line":284,"column":56}},"178":{"start":{"line":285,"column":2},"end":{"line":285,"column":76}},"179":{"start":{"line":285,"column":14},"end":{"line":285,"column":76}},"180":{"start":{"line":286,"column":2},"end":{"line":327,"column":3}},"181":{"start":{"line":287,"column":20},"end":{"line":287,"column":86}},"182":{"start":{"line":288,"column":17},"end":{"line":288,"column":70}},"183":{"start":{"line":289,"column":4},"end":{"line":289,"column":81}},"184":{"start":{"line":289,"column":15},"end":{"line":289,"column":81}},"185":{"start":{"line":291,"column":27},"end":{"line":291,"column":35}},"186":{"start":{"line":292,"column":20},"end":{"line":292,"column":39}},"187":{"start":{"line":293,"column":27},"end":{"line":293,"column":29}},"188":{"start":{"line":294,"column":26},"end":{"line":294,"column":35}},"189":{"start":{"line":296,"column":4},"end":{"line":312,"column":7}},"190":{"start":{"line":297,"column":21},"end":{"line":297,"column":23}},"191":{"start":{"line":298,"column":6},"end":{"line":298,"column":68}},"192":{"start":{"line":298,"column":32},"end":{"line":298,"column":68}},"193":{"start":{"line":299,"column":6},"end":{"line":299,"column":56}},"194":{"start":{"line":299,"column":26},"end":{"line":299,"column":56}},"195":{"start":{"line":300,"column":6},"end":{"line":300,"column":105}},"196":{"start":{"line":300,"column":73},"end":{"line":300,"column":105}},"197":{"start":{"line":301,"column":6},"end":{"line":302,"column":50}},"198":{"start":{"line":301,"column":50},"end":{"line":301,"column":88}},"199":{"start":{"line":302,"column":11},"end":{"line":302,"column":50}},"200":{"start":{"line":303,"column":6},"end":{"line":303,"column":88}},"201":{"start":{"line":303,"column":41},"end":{"line":303,"column":88}},"202":{"start":{"line":305,"column":6},"end":{"line":311,"column":7}},"203":{"start":{"line":306,"column":8},"end":{"line":310,"column":11}},"204":{"start":{"line":314,"column":4},"end":{"line":316,"column":5}},"205":{"start":{"line":315,"column":6},"end":{"line":315,"column":99}},"206":{"start":{"line":318,"column":4},"end":{"line":318,"column":53}},"207":{"start":{"line":319,"column":4},"end":{"line":319,"column":96}},"208":{"start":{"line":319,"column":75},"end":{"line":319,"column":89}},"209":{"start":{"line":320,"column":4},"end":{"line":320,"column":35}},"210":{"start":{"line":322,"column":4},"end":{"line":322,"column":41}},"211":{"start":{"line":323,"column":4},"end":{"line":323,"column":80}},"212":{"start":{"line":325,"column":4},"end":{"line":325,"column":57}},"213":{"start":{"line":326,"column":4},"end":{"line":326,"column":76}},"214":{"start":{"line":330,"column":0},"end":{"line":368,"column":3}},"215":{"start":{"line":331,"column":16},"end":{"line":331,"column":56}},"216":{"start":{"line":332,"column":2},"end":{"line":332,"column":76}},"217":{"start":{"line":332,"column":14},"end":{"line":332,"column":76}},"218":{"start":{"line":333,"column":2},"end":{"line":367,"column":3}},"219":{"start":{"line":334,"column":20},"end":{"line":334,"column":86}},"220":{"start":{"line":335,"column":17},"end":{"line":335,"column":70}},"221":{"start":{"line":336,"column":4},"end":{"line":336,"column":81}},"222":{"start":{"line":336,"column":15},"end":{"line":336,"column":81}},"223":{"start":{"line":338,"column":20},"end":{"line":338,"column":39}},"224":{"start":{"line":339,"column":19},"end":{"line":339,"column":21}},"225":{"start":{"line":340,"column":26},"end":{"line":340,"column":35}},"226":{"start":{"line":342,"column":4},"end":{"line":357,"column":7}},"227":{"start":{"line":343,"column":27},"end":{"line":343,"column":29}},"228":{"start":{"line":344,"column":6},"end":{"line":344,"column":74}},"229":{"start":{"line":344,"column":32},"end":{"line":344,"column":74}},"230":{"start":{"line":345,"column":6},"end":{"line":345,"column":62}},"231":{"start":{"line":345,"column":26},"end":{"line":345,"column":62}},"232":{"start":{"line":346,"column":6},"end":{"line":346,"column":111}},"233":{"start":{"line":346,"column":73},"end":{"line":346,"column":111}},"234":{"start":{"line":347,"column":6},"end":{"line":348,"column":50}},"235":{"start":{"line":347,"column":50},"end":{"line":347,"column":94}},"236":{"start":{"line":348,"column":11},"end":{"line":348,"column":50}},"237":{"start":{"line":349,"column":6},"end":{"line":349,"column":94}},"238":{"start":{"line":349,"column":41},"end":{"line":349,"column":94}},"239":{"start":{"line":351,"column":6},"end":{"line":356,"column":7}},"240":{"start":{"line":352,"column":8},"end":{"line":355,"column":11}},"241":{"start":{"line":359,"column":4},"end":{"line":363,"column":5}},"242":{"start":{"line":360,"column":6},"end":{"line":360,"column":79}},"243":{"start":{"line":362,"column":6},"end":{"line":362,"column":88}},"244":{"start":{"line":365,"column":4},"end":{"line":365,"column":56}},"245":{"start":{"line":366,"column":4},"end":{"line":366,"column":76}},"246":{"start":{"line":370,"column":27},"end":{"line":370,"column":56}},"247":{"start":{"line":371,"column":26},"end":{"line":371,"column":60}},"248":{"start":{"line":373,"column":0},"end":{"line":380,"column":1}},"249":{"start":{"line":374,"column":2},"end":{"line":379,"column":3}},"250":{"start":{"line":375,"column":4},"end":{"line":375,"column":57}},"251":{"start":{"line":376,"column":4},"end":{"line":376,"column":57}},"252":{"start":{"line":378,"column":4},"end":{"line":378,"column":62}},"253":{"start":{"line":382,"column":28},"end":{"line":472,"column":1}},"254":{"start":{"line":383,"column":2},"end":{"line":471,"column":3}},"255":{"start":{"line":384,"column":18},"end":{"line":384,"column":84}},"256":{"start":{"line":385,"column":4},"end":{"line":385,"column":76}},"257":{"start":{"line":386,"column":4},"end":{"line":386,"column":55}},"258":{"start":{"line":387,"column":20},"end":{"line":387,"column":82}},"259":{"start":{"line":388,"column":4},"end":{"line":388,"column":64}},"260":{"start":{"line":390,"column":4},"end":{"line":393,"column":5}},"261":{"start":{"line":391,"column":6},"end":{"line":391,"column":46}},"262":{"start":{"line":392,"column":6},"end":{"line":392,"column":13}},"263":{"start":{"line":395,"column":27},"end":{"line":410,"column":10}},"264":{"start":{"line":396,"column":19},"end":{"line":396,"column":45}},"265":{"start":{"line":397,"column":23},"end":{"line":397,"column":94}},"266":{"start":{"line":398,"column":6},"end":{"line":398,"column":42}},"267":{"start":{"line":399,"column":6},"end":{"line":408,"column":9}},"268":{"start":{"line":409,"column":6},"end":{"line":409,"column":17}},"269":{"start":{"line":412,"column":15},"end":{"line":412,"column":36}},"270":{"start":{"line":413,"column":4},"end":{"line":416,"column":5}},"271":{"start":{"line":414,"column":17},"end":{"line":414,"column":67}},"272":{"start":{"line":415,"column":6},"end":{"line":415,"column":53}},"273":{"start":{"line":418,"column":21},"end":{"line":418,"column":93}},"274":{"start":{"line":419,"column":21},"end":{"line":419,"column":59}},"275":{"start":{"line":420,"column":19},"end":{"line":420,"column":71}},"276":{"start":{"line":422,"column":4},"end":{"line":428,"column":5}},"277":{"start":{"line":423,"column":6},"end":{"line":423,"column":41}},"278":{"start":{"line":424,"column":6},"end":{"line":424,"column":51}},"279":{"start":{"line":426,"column":6},"end":{"line":426,"column":53}},"280":{"start":{"line":427,"column":6},"end":{"line":427,"column":52}},"281":{"start":{"line":430,"column":25},"end":{"line":430,"column":62}},"282":{"start":{"line":431,"column":4},"end":{"line":431,"column":56}},"283":{"start":{"line":432,"column":4},"end":{"line":436,"column":5}},"284":{"start":{"line":433,"column":6},"end":{"line":433,"column":72}},"285":{"start":{"line":435,"column":6},"end":{"line":435,"column":46}},"286":{"start":{"line":438,"column":33},"end":{"line":438,"column":75}},"287":{"start":{"line":438,"column":55},"end":{"line":438,"column":74}},"288":{"start":{"line":439,"column":4},"end":{"line":442,"column":6}},"289":{"start":{"line":443,"column":4},"end":{"line":443,"column":48}},"290":{"start":{"line":445,"column":4},"end":{"line":453,"column":7}},"291":{"start":{"line":454,"column":4},"end":{"line":462,"column":7}},"292":{"start":{"line":464,"column":4},"end":{"line":469,"column":7}},"293":{"start":{"line":470,"column":4},"end":{"line":470,"column":16}},"294":{"start":{"line":474,"column":0},"end":{"line":487,"column":3}},"295":{"start":{"line":475,"column":16},"end":{"line":475,"column":56}},"296":{"start":{"line":476,"column":2},"end":{"line":476,"column":76}},"297":{"start":{"line":476,"column":14},"end":{"line":476,"column":76}},"298":{"start":{"line":477,"column":2},"end":{"line":486,"column":3}},"299":{"start":{"line":478,"column":20},"end":{"line":478,"column":86}},"300":{"start":{"line":479,"column":17},"end":{"line":479,"column":55}},"301":{"start":{"line":480,"column":4},"end":{"line":481,"column":64}},"302":{"start":{"line":481,"column":6},"end":{"line":481,"column":64}},"303":{"start":{"line":482,"column":4},"end":{"line":482,"column":79}},"304":{"start":{"line":484,"column":4},"end":{"line":484,"column":52}},"305":{"start":{"line":485,"column":4},"end":{"line":485,"column":62}},"306":{"start":{"line":489,"column":0},"end":{"line":518,"column":3}},"307":{"start":{"line":490,"column":2},"end":{"line":490,"column":73}},"308":{"start":{"line":491,"column":16},"end":{"line":491,"column":56}},"309":{"start":{"line":492,"column":2},"end":{"line":495,"column":3}},"310":{"start":{"line":493,"column":4},"end":{"line":493,"column":29}},"311":{"start":{"line":494,"column":4},"end":{"line":494,"column":66}},"312":{"start":{"line":496,"column":2},"end":{"line":517,"column":3}},"313":{"start":{"line":497,"column":20},"end":{"line":497,"column":86}},"314":{"start":{"line":498,"column":4},"end":{"line":498,"column":35}},"315":{"start":{"line":499,"column":17},"end":{"line":499,"column":55}},"316":{"start":{"line":500,"column":4},"end":{"line":503,"column":5}},"317":{"start":{"line":501,"column":6},"end":{"line":501,"column":48}},"318":{"start":{"line":502,"column":6},"end":{"line":502,"column":65}},"319":{"start":{"line":504,"column":4},"end":{"line":504,"column":29}},"320":{"start":{"line":505,"column":4},"end":{"line":513,"column":7}},"321":{"start":{"line":515,"column":4},"end":{"line":515,"column":47}},"322":{"start":{"line":516,"column":4},"end":{"line":516,"column":55}},"323":{"start":{"line":520,"column":13},"end":{"line":520,"column":37}},"324":{"start":{"line":524,"column":0},"end":{"line":551,"column":1}},"325":{"start":{"line":525,"column":2},"end":{"line":546,"column":69}},"326":{"start":{"line":532,"column":6},"end":{"line":532,"column":31}},"327":{"start":{"line":533,"column":26},"end":{"line":533,"column":55}},"328":{"start":{"line":534,"column":6},"end":{"line":539,"column":7}},"329":{"start":{"line":535,"column":8},"end":{"line":535,"column":70}},"330":{"start":{"line":536,"column":8},"end":{"line":536,"column":33}},"331":{"start":{"line":538,"column":8},"end":{"line":538,"column":65}},"332":{"start":{"line":540,"column":6},"end":{"line":540,"column":34}},"333":{"start":{"line":541,"column":6},"end":{"line":544,"column":24}},"334":{"start":{"line":542,"column":8},"end":{"line":542,"column":69}},"335":{"start":{"line":543,"column":8},"end":{"line":543,"column":92}},"336":{"start":{"line":543,"column":43},"end":{"line":543,"column":90}},"337":{"start":{"line":546,"column":20},"end":{"line":546,"column":67}},"338":{"start":{"line":548,"column":2},"end":{"line":550,"column":5}},"339":{"start":{"line":549,"column":4},"end":{"line":549,"column":42}},"340":{"start":{"line":553,"column":0},"end":{"line":561,"column":1}},"341":{"start":{"line":554,"column":2},"end":{"line":560,"column":5}},"342":{"start":{"line":555,"column":4},"end":{"line":558,"column":5}},"343":{"start":{"line":556,"column":6},"end":{"line":556,"column":40}},"344":{"start":{"line":557,"column":6},"end":{"line":557,"column":34}},"345":{"start":{"line":559,"column":4},"end":{"line":559,"column":42}},"346":{"start":{"line":559,"column":18},"end":{"line":559,"column":42}},"347":{"start":{"line":563,"column":0},"end":{"line":563,"column":59}}},"fnMap":{"0":{"name":"(anonymous_0)","decl":{"start":{"line":26,"column":46},"end":{"line":26,"column":47}},"loc":{"start":{"line":26,"column":52},"end":{"line":26,"column":54}},"line":26},"1":{"name":"(anonymous_1)","decl":{"start":{"line":28,"column":8},"end":{"line":28,"column":9}},"loc":{"start":{"line":28,"column":28},"end":{"line":31,"column":1}},"line":28},"2":{"name":"(anonymous_2)","decl":{"start":{"line":59,"column":20},"end":{"line":59,"column":21}},"loc":{"start":{"line":59,"column":64},"end":{"line":260,"column":1}},"line":59},"3":{"name":"(anonymous_3)","decl":{"start":{"line":65,"column":20},"end":{"line":65,"column":21}},"loc":{"start":{"line":65,"column":39},"end":{"line":81,"column":5}},"line":65},"4":{"name":"(anonymous_4)","decl":{"start":{"line":96,"column":54},"end":{"line":96,"column":55}},"loc":{"start":{"line":96,"column":60},"end":{"line":104,"column":7}},"line":96},"5":{"name":"(anonymous_5)","decl":{"start":{"line":117,"column":54},"end":{"line":117,"column":55}},"loc":{"start":{"line":117,"column":62},"end":{"line":117,"column":84}},"line":117},"6":{"name":"(anonymous_6)","decl":{"start":{"line":125,"column":36},"end":{"line":125,"column":37}},"loc":{"start":{"line":125,"column":46},"end":{"line":129,"column":7}},"line":125},"7":{"name":"(anonymous_7)","decl":{"start":{"line":163,"column":23},"end":{"line":163,"column":24}},"loc":{"start":{"line":163,"column":42},"end":{"line":204,"column":5}},"line":163},"8":{"name":"(anonymous_8)","decl":{"start":{"line":218,"column":51},"end":{"line":218,"column":52}},"loc":{"start":{"line":218,"column":56},"end":{"line":218,"column":70}},"line":218},"9":{"name":"(anonymous_9)","decl":{"start":{"line":252,"column":59},"end":{"line":252,"column":60}},"loc":{"start":{"line":252,"column":65},"end":{"line":256,"column":7}},"line":252},"10":{"name":"(anonymous_10)","decl":{"start":{"line":262,"column":36},"end":{"line":262,"column":37}},"loc":{"start":{"line":262,"column":56},"end":{"line":281,"column":1}},"line":262},"11":{"name":"(anonymous_11)","decl":{"start":{"line":283,"column":45},"end":{"line":283,"column":46}},"loc":{"start":{"line":283,"column":65},"end":{"line":328,"column":1}},"line":283},"12":{"name":"(anonymous_12)","decl":{"start":{"line":296,"column":20},"end":{"line":296,"column":21}},"loc":{"start":{"line":296,"column":39},"end":{"line":312,"column":5}},"line":296},"13":{"name":"(anonymous_13)","decl":{"start":{"line":319,"column":70},"end":{"line":319,"column":71}},"loc":{"start":{"line":319,"column":75},"end":{"line":319,"column":89}},"line":319},"14":{"name":"(anonymous_14)","decl":{"start":{"line":330,"column":44},"end":{"line":330,"column":45}},"loc":{"start":{"line":330,"column":64},"end":{"line":368,"column":1}},"line":330},"15":{"name":"(anonymous_15)","decl":{"start":{"line":342,"column":20},"end":{"line":342,"column":21}},"loc":{"start":{"line":342,"column":39},"end":{"line":357,"column":5}},"line":342},"16":{"name":"(anonymous_16)","decl":{"start":{"line":382,"column":28},"end":{"line":382,"column":29}},"loc":{"start":{"line":382,"column":40},"end":{"line":472,"column":1}},"line":382},"17":{"name":"(anonymous_17)","decl":{"start":{"line":395,"column":42},"end":{"line":395,"column":43}},"loc":{"start":{"line":395,"column":59},"end":{"line":410,"column":5}},"line":395},"18":{"name":"(anonymous_18)","decl":{"start":{"line":438,"column":45},"end":{"line":438,"column":46}},"loc":{"start":{"line":438,"column":55},"end":{"line":438,"column":74}},"line":438},"19":{"name":"(anonymous_19)","decl":{"start":{"line":474,"column":21},"end":{"line":474,"column":22}},"loc":{"start":{"line":474,"column":41},"end":{"line":487,"column":1}},"line":474},"20":{"name":"(anonymous_20)","decl":{"start":{"line":489,"column":19},"end":{"line":489,"column":20}},"loc":{"start":{"line":489,"column":39},"end":{"line":518,"column":1}},"line":489},"21":{"name":"(anonymous_21)","decl":{"start":{"line":531,"column":10},"end":{"line":531,"column":11}},"loc":{"start":{"line":531,"column":22},"end":{"line":545,"column":5}},"line":531},"22":{"name":"(anonymous_22)","decl":{"start":{"line":541,"column":29},"end":{"line":541,"column":30}},"loc":{"start":{"line":541,"column":35},"end":{"line":544,"column":7}},"line":541},"23":{"name":"(anonymous_23)","decl":{"start":{"line":543,"column":36},"end":{"line":543,"column":37}},"loc":{"start":{"line":543,"column":43},"end":{"line":543,"column":90}},"line":543},"24":{"name":"(anonymous_24)","decl":{"start":{"line":546,"column":11},"end":{"line":546,"column":12}},"loc":{"start":{"line":546,"column":20},"end":{"line":546,"column":67}},"line":546},"25":{"name":"(anonymous_25)","decl":{"start":{"line":548,"column":19},"end":{"line":548,"column":20}},"loc":{"start":{"line":548,"column":25},"end":{"line":550,"column":3}},"line":548},"26":{"name":"(anonymous_26)","decl":{"start":{"line":554,"column":21},"end":{"line":554,"column":22}},"loc":{"start":{"line":554,"column":33},"end":{"line":560,"column":3}},"line":554}},"branchMap":{"0":{"loc":{"start":{"line":26,"column":12},"end":{"line":26,"column":68}},"type":"cond-expr","locations":[{"start":{"line":26,"column":46},"end":{"line":26,"column":54}},{"start":{"line":26,"column":57},"end":{"line":26,"column":68}}],"line":26},"1":{"loc":{"start":{"line":34,"column":19},"end":{"line":34,"column":84}},"type":"cond-expr","locations":[{"start":{"line":34,"column":53},"end":{"line":34,"column":77}},{"start":{"line":34,"column":80},"end":{"line":34,"column":84}}],"line":34},"2":{"loc":{"start":{"line":35,"column":21},"end":{"line":35,"column":89}},"type":"cond-expr","locations":[{"start":{"line":35,"column":55},"end":{"line":35,"column":82}},{"start":{"line":35,"column":85},"end":{"line":35,"column":89}}],"line":35},"3":{"loc":{"start":{"line":36,"column":22},"end":{"line":36,"column":96}},"type":"cond-expr","locations":[{"start":{"line":36,"column":56},"end":{"line":36,"column":89}},{"start":{"line":36,"column":92},"end":{"line":36,"column":96}}],"line":36},"4":{"loc":{"start":{"line":37,"column":20},"end":{"line":37,"column":92}},"type":"cond-expr","locations":[{"start":{"line":37,"column":54},"end":{"line":37,"column":85}},{"start":{"line":37,"column":88},"end":{"line":37,"column":92}}],"line":37},"5":{"loc":{"start":{"line":39,"column":0},"end":{"line":44,"column":1}},"type":"if","locations":[{"start":{"line":39,"column":0},"end":{"line":44,"column":1}},{"start":{},"end":{}}],"line":39},"6":{"loc":{"start":{"line":48,"column":19},"end":{"line":48,"column":91}},"type":"binary-expr","locations":[{"start":{"line":48,"column":19},"end":{"line":48,"column":41}},{"start":{"line":48,"column":45},"end":{"line":48,"column":91}}],"line":48},"7":{"loc":{"start":{"line":50,"column":0},"end":{"line":57,"column":1}},"type":"if","locations":[{"start":{"line":50,"column":0},"end":{"line":57,"column":1}},{"start":{},"end":{}}],"line":50},"8":{"loc":{"start":{"line":59,"column":27},"end":{"line":59,"column":40}},"type":"default-arg","locations":[{"start":{"line":59,"column":35},"end":{"line":59,"column":40}}],"line":59},"9":{"loc":{"start":{"line":59,"column":42},"end":{"line":59,"column":59}},"type":"default-arg","locations":[{"start":{"line":59,"column":55},"end":{"line":59,"column":59}}],"line":59},"10":{"loc":{"start":{"line":67,"column":6},"end":{"line":67,"column":68}},"type":"if","locations":[{"start":{"line":67,"column":6},"end":{"line":67,"column":68}},{"start":{},"end":{}}],"line":67},"11":{"loc":{"start":{"line":68,"column":6},"end":{"line":68,"column":56}},"type":"if","locations":[{"start":{"line":68,"column":6},"end":{"line":68,"column":56}},{"start":{},"end":{}}],"line":68},"12":{"loc":{"start":{"line":69,"column":6},"end":{"line":69,"column":105}},"type":"if","locations":[{"start":{"line":69,"column":6},"end":{"line":69,"column":105}},{"start":{},"end":{}}],"line":69},"13":{"loc":{"start":{"line":69,"column":10},"end":{"line":69,"column":71}},"type":"binary-expr","locations":[{"start":{"line":69,"column":10},"end":{"line":69,"column":25}},{"start":{"line":69,"column":29},"end":{"line":69,"column":71}}],"line":69},"14":{"loc":{"start":{"line":70,"column":6},"end":{"line":71,"column":50}},"type":"if","locations":[{"start":{"line":70,"column":6},"end":{"line":71,"column":50}},{"start":{"line":71,"column":11},"end":{"line":71,"column":50}}],"line":70},"15":{"loc":{"start":{"line":72,"column":6},"end":{"line":72,"column":88}},"type":"if","locations":[{"start":{"line":72,"column":6},"end":{"line":72,"column":88}},{"start":{},"end":{}}],"line":72},"16":{"loc":{"start":{"line":74,"column":6},"end":{"line":80,"column":7}},"type":"if","locations":[{"start":{"line":74,"column":6},"end":{"line":80,"column":7}},{"start":{},"end":{}}],"line":74},"17":{"loc":{"start":{"line":77,"column":24},"end":{"line":77,"column":52}},"type":"binary-expr","locations":[{"start":{"line":77,"column":24},"end":{"line":77,"column":43}},{"start":{"line":77,"column":47},"end":{"line":77,"column":52}}],"line":77},"18":{"loc":{"start":{"line":83,"column":4},"end":{"line":89,"column":5}},"type":"if","locations":[{"start":{"line":83,"column":4},"end":{"line":89,"column":5}},{"start":{},"end":{}}],"line":83},"19":{"loc":{"start":{"line":91,"column":4},"end":{"line":109,"column":5}},"type":"if","locations":[{"start":{"line":91,"column":4},"end":{"line":109,"column":5}},{"start":{},"end":{}}],"line":91},"20":{"loc":{"start":{"line":98,"column":19},"end":{"line":98,"column":40}},"type":"binary-expr","locations":[{"start":{"line":98,"column":19},"end":{"line":98,"column":31}},{"start":{"line":98,"column":35},"end":{"line":98,"column":40}}],"line":98},"21":{"loc":{"start":{"line":99,"column":15},"end":{"line":99,"column":35}},"type":"binary-expr","locations":[{"start":{"line":99,"column":15},"end":{"line":99,"column":26}},{"start":{"line":99,"column":30},"end":{"line":99,"column":35}}],"line":99},"22":{"loc":{"start":{"line":100,"column":17},"end":{"line":100,"column":34}},"type":"binary-expr","locations":[{"start":{"line":100,"column":17},"end":{"line":100,"column":25}},{"start":{"line":100,"column":29},"end":{"line":100,"column":34}}],"line":100},"23":{"loc":{"start":{"line":101,"column":17},"end":{"line":101,"column":37}},"type":"binary-expr","locations":[{"start":{"line":101,"column":17},"end":{"line":101,"column":28}},{"start":{"line":101,"column":32},"end":{"line":101,"column":37}}],"line":101},"24":{"loc":{"start":{"line":102,"column":15},"end":{"line":102,"column":92}},"type":"cond-expr","locations":[{"start":{"line":102,"column":28},"end":{"line":102,"column":85}},{"start":{"line":102,"column":88},"end":{"line":102,"column":92}}],"line":102},"25":{"loc":{"start":{"line":102,"column":51},"end":{"line":102,"column":82}},"type":"binary-expr","locations":[{"start":{"line":102,"column":51},"end":{"line":102,"column":73}},{"start":{"line":102,"column":77},"end":{"line":102,"column":82}}],"line":102},"26":{"loc":{"start":{"line":103,"column":16},"end":{"line":103,"column":73}},"type":"cond-expr","locations":[{"start":{"line":103,"column":29},"end":{"line":103,"column":66}},{"start":{"line":103,"column":69},"end":{"line":103,"column":73}}],"line":103},"27":{"loc":{"start":{"line":112,"column":4},"end":{"line":150,"column":5}},"type":"if","locations":[{"start":{"line":112,"column":4},"end":{"line":150,"column":5}},{"start":{"line":116,"column":11},"end":{"line":150,"column":5}}],"line":112},"28":{"loc":{"start":{"line":112,"column":8},"end":{"line":112,"column":47}},"type":"binary-expr","locations":[{"start":{"line":112,"column":8},"end":{"line":112,"column":18}},{"start":{"line":112,"column":22},"end":{"line":112,"column":47}}],"line":112},"29":{"loc":{"start":{"line":118,"column":6},"end":{"line":122,"column":7}},"type":"if","locations":[{"start":{"line":118,"column":6},"end":{"line":122,"column":7}},{"start":{},"end":{}}],"line":118},"30":{"loc":{"start":{"line":134,"column":8},"end":{"line":137,"column":9}},"type":"if","locations":[{"start":{"line":134,"column":8},"end":{"line":137,"column":9}},{"start":{},"end":{}}],"line":134},"31":{"loc":{"start":{"line":134,"column":12},"end":{"line":134,"column":55}},"type":"binary-expr","locations":[{"start":{"line":134,"column":12},"end":{"line":134,"column":26}},{"start":{"line":134,"column":30},"end":{"line":134,"column":55}}],"line":134},"32":{"loc":{"start":{"line":141,"column":6},"end":{"line":145,"column":7}},"type":"if","locations":[{"start":{"line":141,"column":6},"end":{"line":145,"column":7}},{"start":{},"end":{}}],"line":141},"33":{"loc":{"start":{"line":154,"column":4},"end":{"line":157,"column":5}},"type":"if","locations":[{"start":{"line":154,"column":4},"end":{"line":157,"column":5}},{"start":{},"end":{}}],"line":154},"34":{"loc":{"start":{"line":154,"column":8},"end":{"line":154,"column":46}},"type":"binary-expr","locations":[{"start":{"line":154,"column":8},"end":{"line":154,"column":19}},{"start":{"line":154,"column":23},"end":{"line":154,"column":46}}],"line":154},"35":{"loc":{"start":{"line":166,"column":6},"end":{"line":166,"column":65}},"type":"if","locations":[{"start":{"line":166,"column":6},"end":{"line":166,"column":65}},{"start":{},"end":{}}],"line":166},"36":{"loc":{"start":{"line":167,"column":6},"end":{"line":167,"column":58}},"type":"if","locations":[{"start":{"line":167,"column":6},"end":{"line":167,"column":58}},{"start":{},"end":{}}],"line":167},"37":{"loc":{"start":{"line":168,"column":6},"end":{"line":173,"column":7}},"type":"if","locations":[{"start":{"line":168,"column":6},"end":{"line":173,"column":7}},{"start":{},"end":{}}],"line":168},"38":{"loc":{"start":{"line":168,"column":10},"end":{"line":168,"column":51}},"type":"binary-expr","locations":[{"start":{"line":168,"column":10},"end":{"line":168,"column":24}},{"start":{"line":168,"column":28},"end":{"line":168,"column":51}}],"line":168},"39":{"loc":{"start":{"line":170,"column":8},"end":{"line":172,"column":9}},"type":"if","locations":[{"start":{"line":170,"column":8},"end":{"line":172,"column":9}},{"start":{},"end":{}}],"line":170},"40":{"loc":{"start":{"line":174,"column":6},"end":{"line":175,"column":50}},"type":"if","locations":[{"start":{"line":174,"column":6},"end":{"line":175,"column":50}},{"start":{"line":175,"column":11},"end":{"line":175,"column":50}}],"line":174},"41":{"loc":{"start":{"line":176,"column":6},"end":{"line":176,"column":91}},"type":"if","locations":[{"start":{"line":176,"column":6},"end":{"line":176,"column":91}},{"start":{},"end":{}}],"line":176},"42":{"loc":{"start":{"line":178,"column":6},"end":{"line":181,"column":7}},"type":"if","locations":[{"start":{"line":178,"column":6},"end":{"line":181,"column":7}},{"start":{},"end":{}}],"line":178},"43":{"loc":{"start":{"line":179,"column":54},"end":{"line":179,"column":79}},"type":"binary-expr","locations":[{"start":{"line":179,"column":54},"end":{"line":179,"column":70}},{"start":{"line":179,"column":74},"end":{"line":179,"column":79}}],"line":179},"44":{"loc":{"start":{"line":184,"column":6},"end":{"line":190,"column":7}},"type":"if","locations":[{"start":{"line":184,"column":6},"end":{"line":190,"column":7}},{"start":{},"end":{}}],"line":184},"45":{"loc":{"start":{"line":184,"column":10},"end":{"line":184,"column":51}},"type":"binary-expr","locations":[{"start":{"line":184,"column":10},"end":{"line":184,"column":24}},{"start":{"line":184,"column":28},"end":{"line":184,"column":51}}],"line":184},"46":{"loc":{"start":{"line":187,"column":8},"end":{"line":189,"column":9}},"type":"if","locations":[{"start":{"line":187,"column":8},"end":{"line":189,"column":9}},{"start":{},"end":{}}],"line":187},"47":{"loc":{"start":{"line":194,"column":20},"end":{"line":194,"column":63}},"type":"binary-expr","locations":[{"start":{"line":194,"column":20},"end":{"line":194,"column":37}},{"start":{"line":194,"column":41},"end":{"line":194,"column":54}},{"start":{"line":194,"column":58},"end":{"line":194,"column":63}}],"line":194},"48":{"loc":{"start":{"line":196,"column":19},"end":{"line":196,"column":40}},"type":"binary-expr","locations":[{"start":{"line":196,"column":19},"end":{"line":196,"column":34}},{"start":{"line":196,"column":38},"end":{"line":196,"column":40}}],"line":196},"49":{"loc":{"start":{"line":197,"column":19},"end":{"line":197,"column":38}},"type":"binary-expr","locations":[{"start":{"line":197,"column":19},"end":{"line":197,"column":32}},{"start":{"line":197,"column":36},"end":{"line":197,"column":38}}],"line":197},"50":{"loc":{"start":{"line":199,"column":18},"end":{"line":199,"column":172}},"type":"cond-expr","locations":[{"start":{"line":199,"column":60},"end":{"line":199,"column":165}},{"start":{"line":199,"column":168},"end":{"line":199,"column":172}}],"line":199},"51":{"loc":{"start":{"line":199,"column":18},"end":{"line":199,"column":57}},"type":"binary-expr","locations":[{"start":{"line":199,"column":18},"end":{"line":199,"column":31}},{"start":{"line":199,"column":35},"end":{"line":199,"column":57}}],"line":199},"52":{"loc":{"start":{"line":199,"column":111},"end":{"line":199,"column":163}},"type":"binary-expr","locations":[{"start":{"line":199,"column":111},"end":{"line":199,"column":157}},{"start":{"line":199,"column":161},"end":{"line":199,"column":163}}],"line":199},"53":{"loc":{"start":{"line":206,"column":4},"end":{"line":208,"column":5}},"type":"if","locations":[{"start":{"line":206,"column":4},"end":{"line":208,"column":5}},{"start":{},"end":{}}],"line":206},"54":{"loc":{"start":{"line":209,"column":4},"end":{"line":212,"column":5}},"type":"if","locations":[{"start":{"line":209,"column":4},"end":{"line":212,"column":5}},{"start":{},"end":{}}],"line":209},"55":{"loc":{"start":{"line":217,"column":35},"end":{"line":217,"column":61}},"type":"cond-expr","locations":[{"start":{"line":217,"column":44},"end":{"line":217,"column":57}},{"start":{"line":217,"column":60},"end":{"line":217,"column":61}}],"line":217},"56":{"loc":{"start":{"line":218,"column":31},"end":{"line":218,"column":76}},"type":"cond-expr","locations":[{"start":{"line":218,"column":40},"end":{"line":218,"column":71}},{"start":{"line":218,"column":74},"end":{"line":218,"column":76}}],"line":218},"57":{"loc":{"start":{"line":247,"column":4},"end":{"line":249,"column":5}},"type":"if","locations":[{"start":{"line":247,"column":4},"end":{"line":249,"column":5}},{"start":{},"end":{}}],"line":247},"58":{"loc":{"start":{"line":251,"column":4},"end":{"line":257,"column":5}},"type":"if","locations":[{"start":{"line":251,"column":4},"end":{"line":257,"column":5}},{"start":{},"end":{}}],"line":251},"59":{"loc":{"start":{"line":264,"column":2},"end":{"line":264,"column":76}},"type":"if","locations":[{"start":{"line":264,"column":2},"end":{"line":264,"column":76}},{"start":{},"end":{}}],"line":264},"60":{"loc":{"start":{"line":266,"column":45},"end":{"line":266,"column":85}},"type":"binary-expr","locations":[{"start":{"line":266,"column":45},"end":{"line":266,"column":67}},{"start":{"line":266,"column":71},"end":{"line":266,"column":85}}],"line":266},"61":{"loc":{"start":{"line":268,"column":4},"end":{"line":268,"column":81}},"type":"if","locations":[{"start":{"line":268,"column":4},"end":{"line":268,"column":81}},{"start":{},"end":{}}],"line":268},"62":{"loc":{"start":{"line":275,"column":4},"end":{"line":279,"column":5}},"type":"if","locations":[{"start":{"line":275,"column":4},"end":{"line":279,"column":5}},{"start":{"line":277,"column":11},"end":{"line":279,"column":5}}],"line":275},"63":{"loc":{"start":{"line":285,"column":2},"end":{"line":285,"column":76}},"type":"if","locations":[{"start":{"line":285,"column":2},"end":{"line":285,"column":76}},{"start":{},"end":{}}],"line":285},"64":{"loc":{"start":{"line":287,"column":45},"end":{"line":287,"column":85}},"type":"binary-expr","locations":[{"start":{"line":287,"column":45},"end":{"line":287,"column":67}},{"start":{"line":287,"column":71},"end":{"line":287,"column":85}}],"line":287},"65":{"loc":{"start":{"line":289,"column":4},"end":{"line":289,"column":81}},"type":"if","locations":[{"start":{"line":289,"column":4},"end":{"line":289,"column":81}},{"start":{},"end":{}}],"line":289},"66":{"loc":{"start":{"line":298,"column":6},"end":{"line":298,"column":68}},"type":"if","locations":[{"start":{"line":298,"column":6},"end":{"line":298,"column":68}},{"start":{},"end":{}}],"line":298},"67":{"loc":{"start":{"line":299,"column":6},"end":{"line":299,"column":56}},"type":"if","locations":[{"start":{"line":299,"column":6},"end":{"line":299,"column":56}},{"start":{},"end":{}}],"line":299},"68":{"loc":{"start":{"line":300,"column":6},"end":{"line":300,"column":105}},"type":"if","locations":[{"start":{"line":300,"column":6},"end":{"line":300,"column":105}},{"start":{},"end":{}}],"line":300},"69":{"loc":{"start":{"line":300,"column":10},"end":{"line":300,"column":71}},"type":"binary-expr","locations":[{"start":{"line":300,"column":10},"end":{"line":300,"column":25}},{"start":{"line":300,"column":29},"end":{"line":300,"column":71}}],"line":300},"70":{"loc":{"start":{"line":301,"column":6},"end":{"line":302,"column":50}},"type":"if","locations":[{"start":{"line":301,"column":6},"end":{"line":302,"column":50}},{"start":{"line":302,"column":11},"end":{"line":302,"column":50}}],"line":301},"71":{"loc":{"start":{"line":303,"column":6},"end":{"line":303,"column":88}},"type":"if","locations":[{"start":{"line":303,"column":6},"end":{"line":303,"column":88}},{"start":{},"end":{}}],"line":303},"72":{"loc":{"start":{"line":305,"column":6},"end":{"line":311,"column":7}},"type":"if","locations":[{"start":{"line":305,"column":6},"end":{"line":311,"column":7}},{"start":{},"end":{}}],"line":305},"73":{"loc":{"start":{"line":308,"column":24},"end":{"line":308,"column":52}},"type":"binary-expr","locations":[{"start":{"line":308,"column":24},"end":{"line":308,"column":43}},{"start":{"line":308,"column":47},"end":{"line":308,"column":52}}],"line":308},"74":{"loc":{"start":{"line":314,"column":4},"end":{"line":316,"column":5}},"type":"if","locations":[{"start":{"line":314,"column":4},"end":{"line":316,"column":5}},{"start":{},"end":{}}],"line":314},"75":{"loc":{"start":{"line":332,"column":2},"end":{"line":332,"column":76}},"type":"if","locations":[{"start":{"line":332,"column":2},"end":{"line":332,"column":76}},{"start":{},"end":{}}],"line":332},"76":{"loc":{"start":{"line":334,"column":45},"end":{"line":334,"column":85}},"type":"binary-expr","locations":[{"start":{"line":334,"column":45},"end":{"line":334,"column":67}},{"start":{"line":334,"column":71},"end":{"line":334,"column":85}}],"line":334},"77":{"loc":{"start":{"line":336,"column":4},"end":{"line":336,"column":81}},"type":"if","locations":[{"start":{"line":336,"column":4},"end":{"line":336,"column":81}},{"start":{},"end":{}}],"line":336},"78":{"loc":{"start":{"line":344,"column":6},"end":{"line":344,"column":74}},"type":"if","locations":[{"start":{"line":344,"column":6},"end":{"line":344,"column":74}},{"start":{},"end":{}}],"line":344},"79":{"loc":{"start":{"line":345,"column":6},"end":{"line":345,"column":62}},"type":"if","locations":[{"start":{"line":345,"column":6},"end":{"line":345,"column":62}},{"start":{},"end":{}}],"line":345},"80":{"loc":{"start":{"line":346,"column":6},"end":{"line":346,"column":111}},"type":"if","locations":[{"start":{"line":346,"column":6},"end":{"line":346,"column":111}},{"start":{},"end":{}}],"line":346},"81":{"loc":{"start":{"line":346,"column":10},"end":{"line":346,"column":71}},"type":"binary-expr","locations":[{"start":{"line":346,"column":10},"end":{"line":346,"column":25}},{"start":{"line":346,"column":29},"end":{"line":346,"column":71}}],"line":346},"82":{"loc":{"start":{"line":347,"column":6},"end":{"line":348,"column":50}},"type":"if","locations":[{"start":{"line":347,"column":6},"end":{"line":348,"column":50}},{"start":{"line":348,"column":11},"end":{"line":348,"column":50}}],"line":347},"83":{"loc":{"start":{"line":349,"column":6},"end":{"line":349,"column":94}},"type":"if","locations":[{"start":{"line":349,"column":6},"end":{"line":349,"column":94}},{"start":{},"end":{}}],"line":349},"84":{"loc":{"start":{"line":351,"column":6},"end":{"line":356,"column":7}},"type":"if","locations":[{"start":{"line":351,"column":6},"end":{"line":356,"column":7}},{"start":{},"end":{}}],"line":351},"85":{"loc":{"start":{"line":353,"column":24},"end":{"line":353,"column":52}},"type":"binary-expr","locations":[{"start":{"line":353,"column":24},"end":{"line":353,"column":43}},{"start":{"line":353,"column":47},"end":{"line":353,"column":52}}],"line":353},"86":{"loc":{"start":{"line":359,"column":4},"end":{"line":363,"column":5}},"type":"if","locations":[{"start":{"line":359,"column":4},"end":{"line":363,"column":5}},{"start":{"line":361,"column":11},"end":{"line":363,"column":5}}],"line":359},"87":{"loc":{"start":{"line":373,"column":0},"end":{"line":380,"column":1}},"type":"if","locations":[{"start":{"line":373,"column":0},"end":{"line":380,"column":1}},{"start":{},"end":{}}],"line":373},"88":{"loc":{"start":{"line":390,"column":4},"end":{"line":393,"column":5}},"type":"if","locations":[{"start":{"line":390,"column":4},"end":{"line":393,"column":5}},{"start":{},"end":{}}],"line":390},"89":{"loc":{"start":{"line":398,"column":22},"end":{"line":398,"column":41}},"type":"binary-expr","locations":[{"start":{"line":398,"column":22},"end":{"line":398,"column":35}},{"start":{"line":398,"column":39},"end":{"line":398,"column":41}}],"line":398},"90":{"loc":{"start":{"line":401,"column":15},"end":{"line":401,"column":52}},"type":"binary-expr","locations":[{"start":{"line":401,"column":15},"end":{"line":401,"column":43}},{"start":{"line":401,"column":47},"end":{"line":401,"column":52}}],"line":401},"91":{"loc":{"start":{"line":402,"column":17},"end":{"line":402,"column":51}},"type":"binary-expr","locations":[{"start":{"line":402,"column":17},"end":{"line":402,"column":42}},{"start":{"line":402,"column":46},"end":{"line":402,"column":51}}],"line":402},"92":{"loc":{"start":{"line":403,"column":17},"end":{"line":403,"column":54}},"type":"binary-expr","locations":[{"start":{"line":403,"column":17},"end":{"line":403,"column":45}},{"start":{"line":403,"column":49},"end":{"line":403,"column":54}}],"line":403},"93":{"loc":{"start":{"line":404,"column":15},"end":{"line":404,"column":48}},"type":"binary-expr","locations":[{"start":{"line":404,"column":15},"end":{"line":404,"column":39}},{"start":{"line":404,"column":43},"end":{"line":404,"column":48}}],"line":404},"94":{"loc":{"start":{"line":405,"column":17},"end":{"line":405,"column":87}},"type":"cond-expr","locations":[{"start":{"line":405,"column":36},"end":{"line":405,"column":79}},{"start":{"line":405,"column":82},"end":{"line":405,"column":87}}],"line":405},"95":{"loc":{"start":{"line":406,"column":17},"end":{"line":406,"column":97}},"type":"cond-expr","locations":[{"start":{"line":406,"column":46},"end":{"line":406,"column":89}},{"start":{"line":406,"column":92},"end":{"line":406,"column":97}}],"line":406},"96":{"loc":{"start":{"line":407,"column":16},"end":{"line":407,"column":37}},"type":"binary-expr","locations":[{"start":{"line":407,"column":16},"end":{"line":407,"column":29}},{"start":{"line":407,"column":33},"end":{"line":407,"column":37}}],"line":407},"97":{"loc":{"start":{"line":432,"column":4},"end":{"line":436,"column":5}},"type":"if","locations":[{"start":{"line":432,"column":4},"end":{"line":436,"column":5}},{"start":{"line":434,"column":11},"end":{"line":436,"column":5}}],"line":432},"98":{"loc":{"start":{"line":476,"column":2},"end":{"line":476,"column":76}},"type":"if","locations":[{"start":{"line":476,"column":2},"end":{"line":476,"column":76}},{"start":{},"end":{}}],"line":476},"99":{"loc":{"start":{"line":478,"column":45},"end":{"line":478,"column":85}},"type":"binary-expr","locations":[{"start":{"line":478,"column":45},"end":{"line":478,"column":67}},{"start":{"line":478,"column":71},"end":{"line":478,"column":85}}],"line":478},"100":{"loc":{"start":{"line":480,"column":4},"end":{"line":481,"column":64}},"type":"if","locations":[{"start":{"line":480,"column":4},"end":{"line":481,"column":64}},{"start":{},"end":{}}],"line":480},"101":{"loc":{"start":{"line":480,"column":8},"end":{"line":480,"column":31}},"type":"binary-expr","locations":[{"start":{"line":480,"column":8},"end":{"line":480,"column":13}},{"start":{"line":480,"column":17},"end":{"line":480,"column":31}}],"line":480},"102":{"loc":{"start":{"line":492,"column":2},"end":{"line":495,"column":3}},"type":"if","locations":[{"start":{"line":492,"column":2},"end":{"line":495,"column":3}},{"start":{},"end":{}}],"line":492},"103":{"loc":{"start":{"line":497,"column":45},"end":{"line":497,"column":85}},"type":"binary-expr","locations":[{"start":{"line":497,"column":45},"end":{"line":497,"column":67}},{"start":{"line":497,"column":71},"end":{"line":497,"column":85}}],"line":497},"104":{"loc":{"start":{"line":500,"column":4},"end":{"line":503,"column":5}},"type":"if","locations":[{"start":{"line":500,"column":4},"end":{"line":503,"column":5}},{"start":{},"end":{}}],"line":500},"105":{"loc":{"start":{"line":510,"column":19},"end":{"line":510,"column":42}},"type":"binary-expr","locations":[{"start":{"line":510,"column":19},"end":{"line":510,"column":33}},{"start":{"line":510,"column":37},"end":{"line":510,"column":42}}],"line":510},"106":{"loc":{"start":{"line":511,"column":17},"end":{"line":511,"column":38}},"type":"binary-expr","locations":[{"start":{"line":511,"column":17},"end":{"line":511,"column":29}},{"start":{"line":511,"column":33},"end":{"line":511,"column":38}}],"line":511},"107":{"loc":{"start":{"line":520,"column":13},"end":{"line":520,"column":37}},"type":"binary-expr","locations":[{"start":{"line":520,"column":13},"end":{"line":520,"column":29}},{"start":{"line":520,"column":33},"end":{"line":520,"column":37}}],"line":520},"108":{"loc":{"start":{"line":524,"column":0},"end":{"line":551,"column":1}},"type":"if","locations":[{"start":{"line":524,"column":0},"end":{"line":551,"column":1}},{"start":{},"end":{}}],"line":524},"109":{"loc":{"start":{"line":534,"column":6},"end":{"line":539,"column":7}},"type":"if","locations":[{"start":{"line":534,"column":6},"end":{"line":539,"column":7}},{"start":{"line":537,"column":13},"end":{"line":539,"column":7}}],"line":534},"110":{"loc":{"start":{"line":553,"column":0},"end":{"line":561,"column":1}},"type":"if","locations":[{"start":{"line":553,"column":0},"end":{"line":561,"column":1}},{"start":{},"end":{}}],"line":553},"111":{"loc":{"start":{"line":555,"column":4},"end":{"line":558,"column":5}},"type":"if","locations":[{"start":{"line":555,"column":4},"end":{"line":558,"column":5}},{"start":{},"end":{}}],"line":555},"112":{"loc":{"start":{"line":559,"column":4},"end":{"line":559,"column":42}},"type":"if","locations":[{"start":{"line":559,"column":4},"end":{"line":559,"column":42}},{"start":{},"end":{}}],"line":559}},"s":{"0":1,"1":1,"2":1,"3":1,"4":1,"5":1,"6":1,"7":1,"8":1,"9":1,"10":1,"11":1,"12":1,"13":1,"14":1,"15":1,"16":1,"17":1,"18":1,"19":0,"20":0,"21":1,"22":1,"23":1,"24":1,"25":1,"26":0,"27":0,"28":0,"29":0,"30":1,"31":1,"32":1,"33":1,"34":1,"35":1,"36":0,"37":1,"38":0,"39":0,"40":0,"41":0,"42":0,"43":0,"44":0,"45":0,"46":0,"47":0,"48":0,"49":0,"50":0,"51":0,"52":0,"53":0,"54":0,"55":0,"56":0,"57":0,"58":0,"59":0,"60":0,"61":0,"62":0,"63":0,"64":0,"65":0,"66":0,"67":0,"68":0,"69":0,"70":0,"71":0,"72":0,"73":0,"74":0,"75":0,"76":0,"77":0,"78":0,"79":0,"80":0,"81":0,"82":0,"83":0,"84":0,"85":0,"86":0,"87":0,"88":0,"89":0,"90":0,"91":0,"92":0,"93":0,"94":0,"95":0,"96":0,"97":0,"98":0,"99":0,"100":0,"101":0,"102":0,"103":0,"104":0,"105":0,"106":0,"107":0,"108":0,"109":0,"110":0,"111":0,"112":0,"113":0,"114":0,"115":0,"116":0,"117":0,"118":0,"119":0,"120":0,"121":0,"122":0,"123":0,"124":0,"125":0,"126":0,"127":0,"128":0,"129":0,"130":0,"131":0,"132":0,"133":0,"134":0,"135":0,"136":0,"137":0,"138":0,"139":0,"140":0,"141":0,"142":0,"143":0,"144":0,"145":0,"146":0,"147":0,"148":0,"149":0,"150":0,"151":0,"152":0,"153":0,"154":0,"155":0,"156":0,"157":0,"158":0,"159":0,"160":1,"161":0,"162":0,"163":0,"164":0,"165":0,"166":0,"167":0,"168":0,"169":0,"170":0,"171":0,"172":0,"173":0,"174":0,"175":0,"176":1,"177":0,"178":0,"179":0,"180":0,"181":0,"182":0,"183":0,"184":0,"185":0,"186":0,"187":0,"188":0,"189":0,"190":0,"191":0,"192":0,"193":0,"194":0,"195":0,"196":0,"197":0,"198":0,"199":0,"200":0,"201":0,"202":0,"203":0,"204":0,"205":0,"206":0,"207":0,"208":0,"209":0,"210":0,"211":0,"212":0,"213":0,"214":1,"215":0,"216":0,"217":0,"218":0,"219":0,"220":0,"221":0,"222":0,"223":0,"224":0,"225":0,"226":0,"227":0,"228":0,"229":0,"230":0,"231":0,"232":0,"233":0,"234":0,"235":0,"236":0,"237":0,"238":0,"239":0,"240":0,"241":0,"242":0,"243":0,"244":0,"245":0,"246":1,"247":1,"248":1,"249":1,"250":1,"251":1,"252":0,"253":1,"254":3,"255":3,"256":3,"257":3,"258":3,"259":3,"260":3,"261":1,"262":1,"263":2,"264":2,"265":2,"266":2,"267":2,"268":2,"269":2,"270":2,"271":2,"272":2,"273":2,"274":2,"275":2,"276":2,"277":2,"278":1,"279":1,"280":1,"281":1,"282":1,"283":1,"284":1,"285":0,"286":1,"287":1,"288":1,"289":1,"290":1,"291":1,"292":1,"293":1,"294":1,"295":0,"296":0,"297":0,"298":0,"299":0,"300":0,"301":0,"302":0,"303":0,"304":0,"305":0,"306":1,"307":0,"308":0,"309":0,"310":0,"311":0,"312":0,"313":0,"314":0,"315":0,"316":0,"317":0,"318":0,"319":0,"320":0,"321":0,"322":0,"323":1,"324":1,"325":0,"326":0,"327":0,"328":0,"329":0,"330":0,"331":0,"332":0,"333":0,"334":0,"335":0,"336":0,"337":0,"338":0,"339":0,"340":1,"341":1,"342":0,"343":0,"344":0,"345":0,"346":0,"347":1},"f":{"0":17,"1":0,"2":0,"3":0,"4":0,"5":0,"6":0,"7":0,"8":0,"9":0,"10":0,"11":0,"12":0,"13":0,"14":0,"15":0,"16":3,"17":2,"18":1,"19":0,"20":0,"21":0,"22":0,"23":0,"24":0,"25":0,"26":0},"b":{"0":[1,0],"1":[0,1],"2":[0,1],"3":[0,1],"4":[0,1],"5":[0,1],"6":[1,1],"7":[1,0],"8":[0],"9":[0],"10":[0,0],"11":[0,0],"12":[0,0],"13":[0,0],"14":[0,0],"15":[0,0],"16":[0,0],"17":[0,0],"18":[0,0],"19":[0,0],"20":[0,0],"21":[0,0],"22":[0,0],"23":[0,0],"24":[0,0],"25":[0,0],"26":[0,0],"27":[0,0],"28":[0,0],"29":[0,0],"30":[0,0],"31":[0,0],"32":[0,0],"33":[0,0],"34":[0,0],"35":[0,0],"36":[0,0],"37":[0,0],"38":[0,0],"39":[0,0],"40":[0,0],"41":[0,0],"42":[0,0],"43":[0,0],"44":[0,0],"45":[0,0],"46":[0,0],"47":[0,0,0],"48":[0,0],"49":[0,0],"50":[0,0],"51":[0,0],"52":[0,0],"53":[0,0],"54":[0,0],"55":[0,0],"56":[0,0],"57":[0,0],"58":[0,0],"59":[0,0],"60":[0,0],"61":[0,0],"62":[0,0],"63":[0,0],"64":[0,0],"65":[0,0],"66":[0,0],"67":[0,0],"68":[0,0],"69":[0,0],"70":[0,0],"71":[0,0],"72":[0,0],"73":[0,0],"74":[0,0],"75":[0,0],"76":[0,0],"77":[0,0],"78":[0,0],"79":[0,0],"80":[0,0],"81":[0,0],"82":[0,0],"83":[0,0],"84":[0,0],"85":[0,0],"86":[0,0],"87":[1,0],"88":[1,2],"89":[2,2],"90":[2,0],"91":[2,0],"92":[2,0],"93":[2,0],"94":[2,0],"95":[0,2],"96":[2,0],"97":[1,0],"98":[0,0],"99":[0,0],"100":[0,0],"101":[0,0],"102":[0,0],"103":[0,0],"104":[0,0],"105":[0,0],"106":[0,0],"107":[1,1],"108":[0,1],"109":[0,0],"110":[1,0],"111":[0,0],"112":[0,0]},"_coverageSchema":"1a1c01bbd47fc00a2c39e90264f33305004495a9","hash":"278fa257fa591e4ab398923ca440396cf6eb3cf9"}
}
