TN:
SF:models\Device.js
FNF:0
FNH:0
DA:1,1
DA:2,1
DA:4,1
DA:27,1
LF:4
LH:4
BRDA:8,0,0,1
BRDA:8,0,1,0
BRF:2
BRH:1
end_of_record
TN:
SF:models\User.js
FN:16,(anonymous_0)
FN:44,(anonymous_1)
FN:50,(anonymous_2)
FNF:3
FNH:3
FNDA:5,(anonymous_0)
FNDA:2,(anonymous_1)
FNDA:1,(anonymous_2)
DA:1,1
DA:2,1
DA:3,1
DA:5,1
DA:16,1
DA:17,5
DA:20,5
DA:21,3
DA:22,3
DA:26,5
DA:27,4
DA:28,3
DA:29,3
DA:30,3
DA:31,1
DA:35,5
DA:36,3
DA:38,2
DA:41,5
DA:44,1
DA:45,2
DA:49,1
DA:51,1
DA:52,1
DA:53,1
DA:54,1
DA:55,1
DA:56,1
DA:57,1
DA:58,1
DA:59,1
DA:60,1
DA:64,1
LF:33
LH:33
BRDA:20,0,0,3
BRDA:20,0,1,2
BRDA:26,1,0,4
BRDA:26,1,1,1
BRDA:27,2,0,1
BRDA:27,2,1,3
BRDA:28,3,0,0
BRDA:28,3,1,3
BRDA:29,4,0,0
BRDA:29,4,1,3
BRDA:30,5,0,2
BRDA:30,5,1,1
BRDA:31,6,0,1
BRDA:31,6,1,0
BRDA:35,7,0,3
BRDA:35,7,1,2
BRF:16
BRH:13
end_of_record
